Log file open, 01/04/19 15:17:52
LogWindows: Failed to load 'aqProf.dll' (GetLastError=126)
LogWindows: File 'aqProf.dll' does not exist
LogWindows: Failed to load 'VtuneApi.dll' (GetLastError=126)
LogWindows: File 'VtuneApi.dll' does not exist
LogWindows: Failed to load 'VtuneApi32e.dll' (GetLastError=126)
LogWindows: File 'VtuneApi32e.dll' does not exist
LogConsoleResponse: Display: Failed to find resolution value strings in scalability ini. Falling back to default.
LogInit: Display: Running engine for game: HolidayProject_01
LogPakFile: Registered encryption key '00000000000000000000000000000000': 0 pak files mounted, 0 remain pending
LogPlatformFile: Not using cached read wrapper
LogTaskGraph: Started task graph with 5 named threads and 23 total threads with 3 sets of task threads.
LogStats: Stats thread started at 0.440044
LogD3D11RHI: Loaded GFSDK_Aftermath_Lib.x64.dll
LogICUInternationalization: ICU TimeZone Detection - Raw Offset: +9:00, Platform Override: ''
LogPluginManager: Mounting plugin Paper2D
LogPluginManager: Mounting plugin AISupport
LogPluginManager: Mounting plugin LightPropagationVolume
LogPluginManager: Mounting plugin ActorLayerUtilities
LogPluginManager: Mounting plugin CLionSourceCodeAccess
LogPluginManager: Mounting plugin CodeLiteSourceCodeAccess
LogPluginManager: Mounting plugin GitSourceControl
LogPluginManager: Mounting plugin KDevelopSourceCodeAccess
LogPluginManager: Mounting plugin NullSourceCodeAccess
LogPluginManager: Mounting plugin PerforceSourceControl
LogPluginManager: Mounting plugin SubversionSourceControl
LogPluginManager: Mounting plugin UObjectPlugin
LogPluginManager: Mounting plugin VisualStudioCodeSourceCodeAccess
LogPluginManager: Mounting plugin VisualStudioSourceCodeAccess
LogPluginManager: Mounting plugin XCodeSourceCodeAccess
LogPluginManager: Mounting plugin AssetManagerEditor
LogPluginManager: Mounting plugin CryptoKeys
LogPluginManager: Mounting plugin DataValidation
LogPluginManager: Mounting plugin FacialAnimation
LogPluginManager: Mounting plugin GameplayTagsEditor
LogPluginManager: Mounting plugin MacGraphicsSwitching
LogPluginManager: Mounting plugin MeshEditor
LogPluginManager: Mounting plugin MobileLauncherProfileWizard
LogPluginManager: Mounting plugin PluginBrowser
LogPluginManager: Mounting plugin SpeedTreeImporter
LogPluginManager: Mounting plugin DatasmithContent
LogPluginManager: Mounting plugin VariantManagerContent
LogPluginManager: Mounting plugin AlembicImporter
LogPluginManager: Mounting plugin AppleImageUtils
LogPluginManager: Mounting plugin AppleVision
LogPluginManager: Mounting plugin BackChannel
LogPluginManager: Mounting plugin CharacterAI
LogPluginManager: Mounting plugin GeometryCache
LogPluginManager: Mounting plugin HTML5Networking
LogPluginManager: Mounting plugin ProxyLODPlugin
LogPluginManager: Mounting plugin MagicLeap
LogPluginManager: Mounting plugin MagicLeapMedia
LogPluginManager: Mounting plugin AndroidMedia
LogPluginManager: Mounting plugin AvfMedia
LogPluginManager: Mounting plugin ImgMedia
LogPluginManager: Mounting plugin LinearTimecode
LogPluginManager: Mounting plugin MediaCompositing
LogPluginManager: Mounting plugin MediaPlayerEditor
LogPluginManager: Mounting plugin WebMMedia
LogPluginManager: Mounting plugin WmfMedia
LogPluginManager: Mounting plugin TcpMessaging
LogPluginManager: Mounting plugin UdpMessaging
LogPluginManager: Mounting plugin ActorSequence
LogPluginManager: Mounting plugin LevelSequenceEditor
LogPluginManager: Mounting plugin MatineeToLevelSequence
LogPluginManager: Mounting plugin NetcodeUnitTest
LogPluginManager: Mounting plugin NUTUnrealEngine4
LogPluginManager: Mounting plugin OnlineSubsystemGooglePlay
LogPluginManager: Mounting plugin OnlineSubsystemIOS
LogPluginManager: Mounting plugin OnlineSubsystem
LogPluginManager: Mounting plugin OnlineSubsystemNull
LogPluginManager: Mounting plugin OnlineSubsystemUtils
LogPluginManager: Mounting plugin LauncherChunkInstaller
LogPluginManager: Mounting plugin AndroidDeviceProfileSelector
LogPluginManager: Mounting plugin AndroidMoviePlayer
LogPluginManager: Mounting plugin AndroidPermission
LogPluginManager: Mounting plugin AppleMoviePlayer
LogPluginManager: Mounting plugin ArchVisCharacter
LogPluginManager: Mounting plugin AudioCapture
LogPluginManager: Mounting plugin CableComponent
LogPluginManager: Mounting plugin CustomMeshComponent
LogPluginManager: Mounting plugin EditableMesh
LogPluginManager: Mounting plugin ExampleDeviceProfileSelector
LogPluginManager: Mounting plugin Firebase
LogPluginManager: Mounting plugin GoogleCloudMessaging
LogPluginManager: Mounting plugin IOSDeviceProfileSelector
LogPluginManager: Mounting plugin LinuxDeviceProfileSelector
LogPluginManager: Mounting plugin LocationServicesBPLibrary
LogPluginManager: Mounting plugin MobilePatchingUtils
LogPluginManager: Mounting plugin OculusVR
LogPluginManager: Mounting plugin PhysXVehicles
LogPluginManager: Mounting plugin ProceduralMeshComponent
LogPluginManager: Mounting plugin RuntimePhysXCooking
LogPluginManager: Mounting plugin SteamVR
LogPluginManager: Mounting plugin WebMMoviePlayer
LogPluginManager: Mounting plugin WindowsMoviePlayer
LogStreaming: Display: Took  0.137s to configure plugins.
LogInit: Using libcurl 7.55.1-DEV
LogInit:  - built for x86_64-pc-win32
LogInit:  - supports SSL with OpenSSL/1.0.2h
LogInit:  - supports HTTP deflate (compression) using libz 1.2.8
LogInit:  - other features:
LogInit:      CURL_VERSION_SSL
LogInit:      CURL_VERSION_LIBZ
LogInit:      CURL_VERSION_IPV6
LogInit:      CURL_VERSION_ASYNCHDNS
LogInit:      CURL_VERSION_LARGEFILE
LogInit:      CURL_VERSION_IDN
LogInit:  CurlRequestOptions (configurable via config and command line):
LogInit:  - bVerifyPeer = true  - Libcurl will verify peer certificate
LogInit:  - bUseHttpProxy = false  - Libcurl will NOT use HTTP proxy
LogInit:  - bDontReuseConnections = false  - Libcurl will reuse connections
LogInit:  - MaxHostConnections = 16  - Libcurl will limit the number of connections to a host
LogInit:  - LocalHostAddr = Default
LogInit:  - BufferSize = 65536
LogInit: WinSock: version 1.1 (2.2), MaxSocks=32767, MaxUdp=65467
LogInit: Build: ++UE4+Release-4.21-CL-4613538
LogInit: Engine Version: 4.21.1-4613538+++UE4+Release-4.21
LogInit: Compatible Engine Version: 4.21.0-4541578+++UE4+Release-4.21
LogInit: Net CL: 4541578
LogInit: OS: Windows 10 (), CPU: Intel(R) Core(TM) i7-6700HQ CPU @ 2.60GHz, GPU: Intel(R) HD Graphics 530
LogInit: Compiled (64-bit): Nov 30 2018 04:13:25
LogInit: Compiled with Visual C++: 19.13.26129.00
LogInit: Build Configuration: Development
LogInit: Branch Name: ++UE4+Release-4.21
LogInit: Command Line: 
LogInit: Base Directory: D:/Unreal/UE_4.21/Engine/Binaries/Win64/
LogInit: Installed Engine Build: 1
LogDevObjectVersion: Number of dev versions registered: 22
LogDevObjectVersion:   Dev-Blueprints (B0D832E4-1F89-4F0D-ACCF-7EB736FD4AA2): 10
LogDevObjectVersion:   Dev-Build (E1C64328-A22C-4D53-A36C-8E866417BD8C): 0
LogDevObjectVersion:   Dev-Core (375EC13C-06E4-48FB-B500-84F0262A717E): 2
LogDevObjectVersion:   Dev-Editor (E4B068ED-F494-42E9-A231-DA0B2E46BB41): 26
LogDevObjectVersion:   Dev-Framework (CFFC743F-43B0-4480-9391-14DF171D2073): 34
LogDevObjectVersion:   Dev-Mobile (B02B49B5-BB20-44E9-A304-32B752E40360): 2
LogDevObjectVersion:   Dev-Networking (A4E4105C-59A1-49B5-A7C5-40C4547EDFEE): 0
LogDevObjectVersion:   Dev-Online (39C831C9-5AE6-47DC-9A44-9C173E1C8E7C): 0
LogDevObjectVersion:   Dev-Physics (78F01B33-EBEA-4F98-B9B4-84EACCB95AA2): 0
LogDevObjectVersion:   Dev-Platform (6631380F-2D4D-43E0-8009-CF276956A95A): 0
LogDevObjectVersion:   Dev-Rendering (12F88B9F-8875-4AFC-A67C-D90C383ABD29): 27
LogDevObjectVersion:   Dev-Sequencer (7B5AE74C-D270-4C10-A958-57980B212A5A): 9
LogDevObjectVersion:   Dev-VR (D7296918-1DD6-4BDD-9DE2-64A83CC13884): 2
LogDevObjectVersion:   Dev-LoadTimes (C2A15278-BFE7-4AFE-6C17-90FF531DF755): 1
LogDevObjectVersion:   Private-Geometry (6EACA3D4-40EC-4CC1-B786-8BED09428FC5): 3
LogDevObjectVersion:   Dev-AnimPhys (29E575DD-E0A3-4627-9D10-D276232CDCEA): 17
LogDevObjectVersion:   Dev-Anim (AF43A65D-7FD3-4947-9873-3E8ED9C1BB05): 2
LogDevObjectVersion:   Dev-ReflectionCapture (6B266CEC-1EC7-4B8F-A30B-E4D90942FC07): 1
LogDevObjectVersion:   Dev-Automation (0DF73D61-A23F-47EA-B727-89E90C41499A): 1
LogDevObjectVersion:   FortniteMain (601D1886-AC64-4F84-AA16-D3DE0DEAC7D6): 17
LogDevObjectVersion:   Dev-Enterprise (9DFFBCD6-494F-0158-E221-12823C92A888): 4
LogDevObjectVersion:   Dev-Niagara (F2AED0AC-9AFE-416F-8664-AA7FFA26D6FC): 1
LogStreaming: Display: Took  0.023s to delete old logs.
LogInit: Presizing for max 8388607 objects, including 0 objects not considered by GC, pre-allocating 0 bytes for permanent pool.
LogInit: Object subsystem initialized
LogConfig: Setting CVar [[con.DebugEarlyDefault:1]]
LogConfig: Setting CVar [[r.setres:1280x720]]
[2019.01.04-06.17.53:071][  0]LogConfig: Setting CVar [[r.VSync:0]]
[2019.01.04-06.17.53:071][  0]LogConfig: Setting CVar [[r.RHICmdBypass:0]]
[2019.01.04-06.17.53:071][  0]LogConfig: Applying CVar settings from Section [/Script/Engine.RendererSettings] File [D:/Repositories/HolidayProject_01/HolidayProject_01/Saved/Config/Windows/Engine.ini]
[2019.01.04-06.17.53:071][  0]LogConfig: Setting CVar [[r.GPUCrashDebugging:0]]
[2019.01.04-06.17.53:071][  0]LogConfig: Applying CVar settings from Section [/Script/Engine.RendererOverrideSettings] File [D:/Repositories/HolidayProject_01/HolidayProject_01/Saved/Config/Windows/Engine.ini]
[2019.01.04-06.17.53:071][  0]LogConfig: Applying CVar settings from Section [/Script/Engine.StreamingSettings] File [D:/Repositories/HolidayProject_01/HolidayProject_01/Saved/Config/Windows/Engine.ini]
[2019.01.04-06.17.53:071][  0]LogConfig: Setting CVar [[s.MinBulkDataSizeForAsyncLoading:131072]]
[2019.01.04-06.17.53:071][  0]LogConfig: Setting CVar [[s.AsyncLoadingThreadEnabled:0]]
[2019.01.04-06.17.53:071][  0]LogConfig: Setting CVar [[s.EventDrivenLoaderEnabled:1]]
[2019.01.04-06.17.53:071][  0]LogConfig: Setting CVar [[s.WarnIfTimeLimitExceeded:0]]
[2019.01.04-06.17.53:071][  0]LogConfig: Setting CVar [[s.TimeLimitExceededMultiplier:1.5]]
[2019.01.04-06.17.53:071][  0]LogConfig: Setting CVar [[s.TimeLimitExceededMinTime:0.005]]
[2019.01.04-06.17.53:072][  0]LogConfig: Setting CVar [[s.UseBackgroundLevelStreaming:1]]
[2019.01.04-06.17.53:072][  0]LogConfig: Setting CVar [[s.PriorityAsyncLoadingExtraTime:15.0]]
[2019.01.04-06.17.53:072][  0]LogConfig: Setting CVar [[s.LevelStreamingActorsUpdateTimeLimit:5.0]]
[2019.01.04-06.17.53:072][  0]LogConfig: Setting CVar [[s.PriorityLevelStreamingActorsUpdateExtraTime:5.0]]
[2019.01.04-06.17.53:072][  0]LogConfig: Setting CVar [[s.LevelStreamingComponentsRegistrationGranularity:10]]
[2019.01.04-06.17.53:072][  0]LogConfig: Setting CVar [[s.UnregisterComponentsTimeLimit:1.0]]
[2019.01.04-06.17.53:072][  0]LogConfig: Setting CVar [[s.LevelStreamingComponentsUnregistrationGranularity:5]]
[2019.01.04-06.17.53:072][  0]LogConfig: Applying CVar settings from Section [/Script/Engine.GarbageCollectionSettings] File [D:/Repositories/HolidayProject_01/HolidayProject_01/Saved/Config/Windows/Engine.ini]
[2019.01.04-06.17.53:072][  0]LogConfig: Setting CVar [[gc.MaxObjectsNotConsideredByGC:1]]
[2019.01.04-06.17.53:072][  0]LogConfig: Setting CVar [[gc.SizeOfPermanentObjectPool:0]]
[2019.01.04-06.17.53:072][  0]LogConfig: Setting CVar [[gc.FlushStreamingOnGC:0]]
[2019.01.04-06.17.53:072][  0]LogConfig: Setting CVar [[gc.NumRetriesBeforeForcingGC:10]]
[2019.01.04-06.17.53:072][  0]LogConfig: Setting CVar [[gc.AllowParallelGC:1]]
[2019.01.04-06.17.53:072][  0]LogConfig: Setting CVar [[gc.TimeBetweenPurgingPendingKillObjects:61.1]]
[2019.01.04-06.17.53:072][  0]LogConfig: Setting CVar [[gc.MaxObjectsInEditor:8388607]]
[2019.01.04-06.17.53:072][  0]LogConfig: Setting CVar [[gc.IncrementalBeginDestroyEnabled:1]]
[2019.01.04-06.17.53:072][  0]LogConfig: Setting CVar [[gc.CreateGCClusters:1]]
[2019.01.04-06.17.53:072][  0]LogConfig: Setting CVar [[gc.MergeGCClusters:0]]
[2019.01.04-06.17.53:072][  0]LogConfig: Setting CVar [[gc.MinGCClusterSize:5]]
[2019.01.04-06.17.53:072][  0]LogConfig: Setting CVar [[gc.ActorClusteringEnabled:0]]
[2019.01.04-06.17.53:072][  0]LogConfig: Setting CVar [[gc.BlueprintClusteringEnabled:0]]
[2019.01.04-06.17.53:072][  0]LogConfig: Setting CVar [[gc.UseDisregardForGCOnDedicatedServers:0]]
[2019.01.04-06.17.53:073][  0]LogConfig: Applying CVar settings from Section [/Script/Engine.NetworkSettings] File [D:/Repositories/HolidayProject_01/HolidayProject_01/Saved/Config/Windows/Engine.ini]
[2019.01.04-06.17.53:073][  0]LogConfig: Applying CVar settings from Section [/Script/UnrealEd.CookerSettings] File [D:/Repositories/HolidayProject_01/HolidayProject_01/Saved/Config/Windows/Engine.ini]
[2019.01.04-06.17.53:080][  0]LogConfig: Applying CVar settings from Section [ViewDistanceQuality@3] File [D:/Repositories/HolidayProject_01/HolidayProject_01/Saved/Config/Windows/Scalability.ini]
[2019.01.04-06.17.53:080][  0]LogConfig: Setting CVar [[r.SkeletalMeshLODBias:0]]
[2019.01.04-06.17.53:080][  0]LogConfig: Setting CVar [[r.ViewDistanceScale:1.0]]
[2019.01.04-06.17.53:080][  0]LogConfig: Applying CVar settings from Section [AntiAliasingQuality@3] File [D:/Repositories/HolidayProject_01/HolidayProject_01/Saved/Config/Windows/Scalability.ini]
[2019.01.04-06.17.53:080][  0]LogConfig: Setting CVar [[r.PostProcessAAQuality:4]]
[2019.01.04-06.17.53:080][  0]LogConfig: Applying CVar settings from Section [ShadowQuality@3] File [D:/Repositories/HolidayProject_01/HolidayProject_01/Saved/Config/Windows/Scalability.ini]
[2019.01.04-06.17.53:080][  0]LogConfig: Setting CVar [[r.LightFunctionQuality:1]]
[2019.01.04-06.17.53:080][  0]LogConfig: Setting CVar [[r.ShadowQuality:5]]
[2019.01.04-06.17.53:080][  0]LogConfig: Setting CVar [[r.Shadow.CSM.MaxCascades:10]]
[2019.01.04-06.17.53:080][  0]LogConfig: Setting CVar [[r.Shadow.MaxResolution:2048]]
[2019.01.04-06.17.53:080][  0]LogConfig: Setting CVar [[r.Shadow.MaxCSMResolution:2048]]
[2019.01.04-06.17.53:080][  0]LogConfig: Setting CVar [[r.Shadow.RadiusThreshold:0.01]]
[2019.01.04-06.17.53:081][  0]LogConfig: Setting CVar [[r.Shadow.DistanceScale:1.0]]
[2019.01.04-06.17.53:081][  0]LogConfig: Setting CVar [[r.Shadow.CSM.TransitionScale:1.0]]
[2019.01.04-06.17.53:081][  0]LogConfig: Setting CVar [[r.Shadow.PreShadowResolutionFactor:1.0]]
[2019.01.04-06.17.53:081][  0]LogConfig: Setting CVar [[r.DistanceFieldShadowing:1]]
[2019.01.04-06.17.53:081][  0]LogConfig: Setting CVar [[r.DistanceFieldAO:1]]
[2019.01.04-06.17.53:081][  0]LogConfig: Setting CVar [[r.AOQuality:2]]
[2019.01.04-06.17.53:081][  0]LogConfig: Setting CVar [[r.VolumetricFog:1]]
[2019.01.04-06.17.53:081][  0]LogConfig: Setting CVar [[r.VolumetricFog.GridPixelSize:8]]
[2019.01.04-06.17.53:081][  0]LogConfig: Setting CVar [[r.VolumetricFog.GridSizeZ:128]]
[2019.01.04-06.17.53:082][  0]LogConfig: Setting CVar [[r.VolumetricFog.HistoryMissSupersampleCount:4]]
[2019.01.04-06.17.53:082][  0]LogConfig: Setting CVar [[r.LightMaxDrawDistanceScale:1]]
[2019.01.04-06.17.53:082][  0]LogConfig: Setting CVar [[r.CapsuleShadows:1]]
[2019.01.04-06.17.53:082][  0]LogConfig: Applying CVar settings from Section [PostProcessQuality@3] File [D:/Repositories/HolidayProject_01/HolidayProject_01/Saved/Config/Windows/Scalability.ini]
[2019.01.04-06.17.53:082][  0]LogConfig: Setting CVar [[r.MotionBlurQuality:4]]
[2019.01.04-06.17.53:082][  0]LogConfig: Setting CVar [[r.AmbientOcclusionMipLevelFactor:0.4]]
[2019.01.04-06.17.53:082][  0]LogConfig: Setting CVar [[r.AmbientOcclusionMaxQuality:100]]
[2019.01.04-06.17.53:082][  0]LogConfig: Setting CVar [[r.AmbientOcclusionLevels:-1]]
[2019.01.04-06.17.53:082][  0]LogConfig: Setting CVar [[r.AmbientOcclusionRadiusScale:1.0]]
[2019.01.04-06.17.53:082][  0]LogConfig: Setting CVar [[r.DepthOfFieldQuality:2]]
[2019.01.04-06.17.53:082][  0]LogConfig: Setting CVar [[r.RenderTargetPoolMin:400]]
[2019.01.04-06.17.53:082][  0]LogConfig: Setting CVar [[r.LensFlareQuality:2]]
[2019.01.04-06.17.53:082][  0]LogConfig: Setting CVar [[r.SceneColorFringeQuality:1]]
[2019.01.04-06.17.53:082][  0]LogConfig: Setting CVar [[r.EyeAdaptationQuality:2]]
[2019.01.04-06.17.53:082][  0]LogConfig: Setting CVar [[r.BloomQuality:5]]
[2019.01.04-06.17.53:082][  0]LogConfig: Setting CVar [[r.FastBlurThreshold:100]]
[2019.01.04-06.17.53:082][  0]LogConfig: Setting CVar [[r.Upscale.Quality:3]]
[2019.01.04-06.17.53:082][  0]LogConfig: Setting CVar [[r.Tonemapper.GrainQuantization:1]]
[2019.01.04-06.17.53:082][  0]LogConfig: Setting CVar [[r.LightShaftQuality:1]]
[2019.01.04-06.17.53:082][  0]LogConfig: Setting CVar [[r.Filter.SizeScale:1]]
[2019.01.04-06.17.53:082][  0]LogConfig: Setting CVar [[r.Tonemapper.Quality:5]]
[2019.01.04-06.17.53:082][  0]LogConfig: Setting CVar [[r.DOF.Gather.AccumulatorQuality:1        ; higher gathering accumulator quality]]
[2019.01.04-06.17.53:082][  0]LogConfig: Setting CVar [[r.DOF.Gather.PostfilterMethod:1          ; Median3x3 postfilering method]]
[2019.01.04-06.17.53:082][  0]LogConfig: Setting CVar [[r.DOF.Gather.EnableBokehSettings:0       ; no bokeh simulation when gathering]]
[2019.01.04-06.17.53:082][  0]LogConfig: Setting CVar [[r.DOF.Gather.RingCount:4                 ; medium number of samples when gathering]]
[2019.01.04-06.17.53:082][  0]LogConfig: Setting CVar [[r.DOF.Scatter.ForegroundCompositing:1    ; additive foreground scattering]]
[2019.01.04-06.17.53:082][  0]LogConfig: Setting CVar [[r.DOF.Scatter.BackgroundCompositing:2    ; additive background scattering]]
[2019.01.04-06.17.53:082][  0]LogConfig: Setting CVar [[r.DOF.Scatter.EnableBokehSettings:1      ; bokeh simulation when scattering]]
[2019.01.04-06.17.53:082][  0]LogConfig: Setting CVar [[r.DOF.Scatter.MaxSpriteRatio:0.1         ; only a maximum of 10% of scattered bokeh]]
[2019.01.04-06.17.53:082][  0]LogConfig: Setting CVar [[r.DOF.Recombine.Quality:1                ; cheap slight out of focus]]
[2019.01.04-06.17.53:082][  0]LogConfig: Setting CVar [[r.DOF.Recombine.EnableBokehSettings:0    ; no bokeh simulation on slight out of focus]]
[2019.01.04-06.17.53:082][  0]LogConfig: Setting CVar [[r.DOF.TemporalAAQuality:1                ; more stable temporal accumulation]]
[2019.01.04-06.17.53:083][  0]LogConfig: Setting CVar [[r.DOF.Kernel.MaxForegroundRadius:0.025]]
[2019.01.04-06.17.53:083][  0]LogConfig: Setting CVar [[r.DOF.Kernel.MaxBackgroundRadius:0.025]]
[2019.01.04-06.17.53:083][  0]LogConfig: Applying CVar settings from Section [TextureQuality@3] File [D:/Repositories/HolidayProject_01/HolidayProject_01/Saved/Config/Windows/Scalability.ini]
[2019.01.04-06.17.53:083][  0]LogConfig: Setting CVar [[r.Streaming.MipBias:0]]
[2019.01.04-06.17.53:083][  0]LogConfig: Setting CVar [[r.Streaming.AmortizeCPUToGPUCopy:0]]
[2019.01.04-06.17.53:083][  0]LogConfig: Setting CVar [[r.Streaming.MaxNumTexturesToStreamPerFrame:0]]
[2019.01.04-06.17.53:083][  0]LogConfig: Setting CVar [[r.Streaming.Boost:1]]
[2019.01.04-06.17.53:083][  0]LogConfig: Setting CVar [[r.MaxAnisotropy:8]]
[2019.01.04-06.17.53:083][  0]LogConfig: Setting CVar [[r.Streaming.LimitPoolSizeToVRAM:0]]
[2019.01.04-06.17.53:083][  0]LogConfig: Setting CVar [[r.Streaming.PoolSize:1000]]
[2019.01.04-06.17.53:083][  0]LogConfig: Setting CVar [[r.Streaming.MaxEffectiveScreenSize:0]]
[2019.01.04-06.17.53:083][  0]LogConfig: Applying CVar settings from Section [EffectsQuality@3] File [D:/Repositories/HolidayProject_01/HolidayProject_01/Saved/Config/Windows/Scalability.ini]
[2019.01.04-06.17.53:083][  0]LogConfig: Setting CVar [[r.TranslucencyLightingVolumeDim:64]]
[2019.01.04-06.17.53:083][  0]LogConfig: Setting CVar [[r.RefractionQuality:2]]
[2019.01.04-06.17.53:083][  0]LogConfig: Setting CVar [[r.SSR.Quality:3]]
[2019.01.04-06.17.53:083][  0]LogConfig: Setting CVar [[r.SceneColorFormat:4]]
[2019.01.04-06.17.53:083][  0]LogConfig: Setting CVar [[r.DetailMode:2]]
[2019.01.04-06.17.53:083][  0]LogConfig: Setting CVar [[r.TranslucencyVolumeBlur:1]]
[2019.01.04-06.17.53:083][  0]LogConfig: Setting CVar [[r.MaterialQualityLevel:1 ; High quality]]
[2019.01.04-06.17.53:083][  0]LogConfig: Setting CVar [[r.SSS.Scale:1]]
[2019.01.04-06.17.53:083][  0]LogConfig: Setting CVar [[r.SSS.SampleSet:2]]
[2019.01.04-06.17.53:083][  0]LogConfig: Setting CVar [[r.SSS.Quality:1]]
[2019.01.04-06.17.53:083][  0]LogConfig: Setting CVar [[r.SSS.HalfRes:1]]
[2019.01.04-06.17.53:084][  0]LogConfig: Setting CVar [[r.EmitterSpawnRateScale:1.0]]
[2019.01.04-06.17.53:084][  0]LogConfig: Setting CVar [[r.ParticleLightQuality:2]]
[2019.01.04-06.17.53:084][  0]LogConfig: Applying CVar settings from Section [FoliageQuality@3] File [D:/Repositories/HolidayProject_01/HolidayProject_01/Saved/Config/Windows/Scalability.ini]
[2019.01.04-06.17.53:084][  0]LogConfig: Setting CVar [[foliage.DensityScale:1.0]]
[2019.01.04-06.17.53:084][  0]LogConfig: Setting CVar [[grass.DensityScale:1.0]]
[2019.01.04-06.17.53:084][  0]LogInit: Selected Device Profile: [Windows]
[2019.01.04-06.17.53:084][  0]LogInit: Applying CVar settings loaded from the selected device profile: [Windows]
[2019.01.04-06.17.53:128][  0]LogHAL: Display: Platform has ~ 16 GB [17016066048 / 17179869184 / 16], which maps to Larger [LargestMinGB=32, LargerMinGB=12, DefaultMinGB=8, SmallerMinGB=6, SmallestMinGB=0)
[2019.01.04-06.17.53:128][  0]LogConfig: Setting CVar [[r.Vulkan.UseRealUBs:1]]
[2019.01.04-06.17.53:129][  0]LogInit: Going up to parent DeviceProfile []
[2019.01.04-06.17.53:129][  0]LogConfig: Applying CVar settings from Section [ViewDistanceQuality@3] File [D:/Repositories/HolidayProject_01/HolidayProject_01/Saved/Config/Windows/Scalability.ini]
[2019.01.04-06.17.53:129][  0]LogConfig: Setting CVar [[r.SkeletalMeshLODBias:0]]
[2019.01.04-06.17.53:129][  0]LogConfig: Setting CVar [[r.ViewDistanceScale:1.0]]
[2019.01.04-06.17.53:129][  0]LogConfig: Applying CVar settings from Section [AntiAliasingQuality@3] File [D:/Repositories/HolidayProject_01/HolidayProject_01/Saved/Config/Windows/Scalability.ini]
[2019.01.04-06.17.53:129][  0]LogConfig: Setting CVar [[r.PostProcessAAQuality:4]]
[2019.01.04-06.17.53:129][  0]LogConfig: Applying CVar settings from Section [ShadowQuality@3] File [D:/Repositories/HolidayProject_01/HolidayProject_01/Saved/Config/Windows/Scalability.ini]
[2019.01.04-06.17.53:129][  0]LogConfig: Setting CVar [[r.LightFunctionQuality:1]]
[2019.01.04-06.17.53:129][  0]LogConfig: Setting CVar [[r.ShadowQuality:5]]
[2019.01.04-06.17.53:129][  0]LogConfig: Setting CVar [[r.Shadow.CSM.MaxCascades:10]]
[2019.01.04-06.17.53:129][  0]LogConfig: Setting CVar [[r.Shadow.MaxResolution:2048]]
[2019.01.04-06.17.53:130][  0]LogConfig: Setting CVar [[r.Shadow.MaxCSMResolution:2048]]
[2019.01.04-06.17.53:130][  0]LogConfig: Setting CVar [[r.Shadow.RadiusThreshold:0.01]]
[2019.01.04-06.17.53:130][  0]LogConfig: Setting CVar [[r.Shadow.DistanceScale:1.0]]
[2019.01.04-06.17.53:130][  0]LogConfig: Setting CVar [[r.Shadow.CSM.TransitionScale:1.0]]
[2019.01.04-06.17.53:130][  0]LogConfig: Setting CVar [[r.Shadow.PreShadowResolutionFactor:1.0]]
[2019.01.04-06.17.53:130][  0]LogConfig: Setting CVar [[r.DistanceFieldShadowing:1]]
[2019.01.04-06.17.53:130][  0]LogConfig: Setting CVar [[r.DistanceFieldAO:1]]
[2019.01.04-06.17.53:130][  0]LogConfig: Setting CVar [[r.AOQuality:2]]
[2019.01.04-06.17.53:130][  0]LogConfig: Setting CVar [[r.VolumetricFog:1]]
[2019.01.04-06.17.53:130][  0]LogConfig: Setting CVar [[r.VolumetricFog.GridPixelSize:8]]
[2019.01.04-06.17.53:130][  0]LogConfig: Setting CVar [[r.VolumetricFog.GridSizeZ:128]]
[2019.01.04-06.17.53:130][  0]LogConfig: Setting CVar [[r.VolumetricFog.HistoryMissSupersampleCount:4]]
[2019.01.04-06.17.53:130][  0]LogConfig: Setting CVar [[r.LightMaxDrawDistanceScale:1]]
[2019.01.04-06.17.53:130][  0]LogConfig: Setting CVar [[r.CapsuleShadows:1]]
[2019.01.04-06.17.53:130][  0]LogConfig: Applying CVar settings from Section [PostProcessQuality@3] File [D:/Repositories/HolidayProject_01/HolidayProject_01/Saved/Config/Windows/Scalability.ini]
[2019.01.04-06.17.53:130][  0]LogConfig: Setting CVar [[r.MotionBlurQuality:4]]
[2019.01.04-06.17.53:130][  0]LogConfig: Setting CVar [[r.AmbientOcclusionMipLevelFactor:0.4]]
[2019.01.04-06.17.53:130][  0]LogConfig: Setting CVar [[r.AmbientOcclusionMaxQuality:100]]
[2019.01.04-06.17.53:130][  0]LogConfig: Setting CVar [[r.AmbientOcclusionLevels:-1]]
[2019.01.04-06.17.53:130][  0]LogConfig: Setting CVar [[r.AmbientOcclusionRadiusScale:1.0]]
[2019.01.04-06.17.53:130][  0]LogConfig: Setting CVar [[r.DepthOfFieldQuality:2]]
[2019.01.04-06.17.53:130][  0]LogConfig: Setting CVar [[r.RenderTargetPoolMin:400]]
[2019.01.04-06.17.53:130][  0]LogConfig: Setting CVar [[r.LensFlareQuality:2]]
[2019.01.04-06.17.53:131][  0]LogConfig: Setting CVar [[r.SceneColorFringeQuality:1]]
[2019.01.04-06.17.53:131][  0]LogConfig: Setting CVar [[r.EyeAdaptationQuality:2]]
[2019.01.04-06.17.53:131][  0]LogConfig: Setting CVar [[r.BloomQuality:5]]
[2019.01.04-06.17.53:131][  0]LogConfig: Setting CVar [[r.FastBlurThreshold:100]]
[2019.01.04-06.17.53:131][  0]LogConfig: Setting CVar [[r.Upscale.Quality:3]]
[2019.01.04-06.17.53:131][  0]LogConfig: Setting CVar [[r.Tonemapper.GrainQuantization:1]]
[2019.01.04-06.17.53:131][  0]LogConfig: Setting CVar [[r.LightShaftQuality:1]]
[2019.01.04-06.17.53:131][  0]LogConfig: Setting CVar [[r.Filter.SizeScale:1]]
[2019.01.04-06.17.53:131][  0]LogConfig: Setting CVar [[r.Tonemapper.Quality:5]]
[2019.01.04-06.17.53:131][  0]LogConfig: Setting CVar [[r.DOF.Gather.AccumulatorQuality:1        ; higher gathering accumulator quality]]
[2019.01.04-06.17.53:131][  0]LogConfig: Setting CVar [[r.DOF.Gather.PostfilterMethod:1          ; Median3x3 postfilering method]]
[2019.01.04-06.17.53:131][  0]LogConfig: Setting CVar [[r.DOF.Gather.EnableBokehSettings:0       ; no bokeh simulation when gathering]]
[2019.01.04-06.17.53:131][  0]LogConfig: Setting CVar [[r.DOF.Gather.RingCount:4                 ; medium number of samples when gathering]]
[2019.01.04-06.17.53:131][  0]LogConfig: Setting CVar [[r.DOF.Scatter.ForegroundCompositing:1    ; additive foreground scattering]]
[2019.01.04-06.17.53:131][  0]LogConfig: Setting CVar [[r.DOF.Scatter.BackgroundCompositing:2    ; additive background scattering]]
[2019.01.04-06.17.53:131][  0]LogConfig: Setting CVar [[r.DOF.Scatter.EnableBokehSettings:1      ; bokeh simulation when scattering]]
[2019.01.04-06.17.53:131][  0]LogConfig: Setting CVar [[r.DOF.Scatter.MaxSpriteRatio:0.1         ; only a maximum of 10% of scattered bokeh]]
[2019.01.04-06.17.53:131][  0]LogConfig: Setting CVar [[r.DOF.Recombine.Quality:1                ; cheap slight out of focus]]
[2019.01.04-06.17.53:131][  0]LogConfig: Setting CVar [[r.DOF.Recombine.EnableBokehSettings:0    ; no bokeh simulation on slight out of focus]]
[2019.01.04-06.17.53:131][  0]LogConfig: Setting CVar [[r.DOF.TemporalAAQuality:1                ; more stable temporal accumulation]]
[2019.01.04-06.17.53:131][  0]LogConfig: Setting CVar [[r.DOF.Kernel.MaxForegroundRadius:0.025]]
[2019.01.04-06.17.53:131][  0]LogConfig: Setting CVar [[r.DOF.Kernel.MaxBackgroundRadius:0.025]]
[2019.01.04-06.17.53:131][  0]LogConfig: Applying CVar settings from Section [TextureQuality@3] File [D:/Repositories/HolidayProject_01/HolidayProject_01/Saved/Config/Windows/Scalability.ini]
[2019.01.04-06.17.53:132][  0]LogConfig: Setting CVar [[r.Streaming.MipBias:0]]
[2019.01.04-06.17.53:132][  0]LogConfig: Setting CVar [[r.Streaming.AmortizeCPUToGPUCopy:0]]
[2019.01.04-06.17.53:132][  0]LogConfig: Setting CVar [[r.Streaming.MaxNumTexturesToStreamPerFrame:0]]
[2019.01.04-06.17.53:132][  0]LogConfig: Setting CVar [[r.Streaming.Boost:1]]
[2019.01.04-06.17.53:132][  0]LogConfig: Setting CVar [[r.MaxAnisotropy:8]]
[2019.01.04-06.17.53:132][  0]LogConfig: Setting CVar [[r.Streaming.LimitPoolSizeToVRAM:0]]
[2019.01.04-06.17.53:132][  0]LogConfig: Setting CVar [[r.Streaming.PoolSize:1000]]
[2019.01.04-06.17.53:132][  0]LogConfig: Setting CVar [[r.Streaming.MaxEffectiveScreenSize:0]]
[2019.01.04-06.17.53:132][  0]LogConfig: Applying CVar settings from Section [EffectsQuality@3] File [D:/Repositories/HolidayProject_01/HolidayProject_01/Saved/Config/Windows/Scalability.ini]
[2019.01.04-06.17.53:132][  0]LogConfig: Setting CVar [[r.TranslucencyLightingVolumeDim:64]]
[2019.01.04-06.17.53:132][  0]LogConfig: Setting CVar [[r.RefractionQuality:2]]
[2019.01.04-06.17.53:132][  0]LogConfig: Setting CVar [[r.SSR.Quality:3]]
[2019.01.04-06.17.53:132][  0]LogConfig: Setting CVar [[r.SceneColorFormat:4]]
[2019.01.04-06.17.53:132][  0]LogConfig: Setting CVar [[r.DetailMode:2]]
[2019.01.04-06.17.53:132][  0]LogConfig: Setting CVar [[r.TranslucencyVolumeBlur:1]]
[2019.01.04-06.17.53:132][  0]LogConfig: Setting CVar [[r.MaterialQualityLevel:1 ; High quality]]
[2019.01.04-06.17.53:132][  0]LogConfig: Setting CVar [[r.SSS.Scale:1]]
[2019.01.04-06.17.53:132][  0]LogConfig: Setting CVar [[r.SSS.SampleSet:2]]
[2019.01.04-06.17.53:132][  0]LogConfig: Setting CVar [[r.SSS.Quality:1]]
[2019.01.04-06.17.53:132][  0]LogConfig: Setting CVar [[r.SSS.HalfRes:1]]
[2019.01.04-06.17.53:132][  0]LogConfig: Setting CVar [[r.EmitterSpawnRateScale:1.0]]
[2019.01.04-06.17.53:132][  0]LogConfig: Setting CVar [[r.ParticleLightQuality:2]]
[2019.01.04-06.17.53:132][  0]LogConfig: Applying CVar settings from Section [FoliageQuality@3] File [D:/Repositories/HolidayProject_01/HolidayProject_01/Saved/Config/Windows/Scalability.ini]
[2019.01.04-06.17.53:133][  0]LogConfig: Setting CVar [[foliage.DensityScale:1.0]]
[2019.01.04-06.17.53:133][  0]LogConfig: Setting CVar [[grass.DensityScale:1.0]]
[2019.01.04-06.17.53:133][  0]LogConfig: Applying CVar settings from Section [Startup] File [../../../Engine/Config/ConsoleVariables.ini]
[2019.01.04-06.17.53:133][  0]LogConfig: Setting CVar [[net.UseAdaptiveNetUpdateFrequency:0]]
[2019.01.04-06.17.53:133][  0]LogConfig: Applying CVar settings from Section [ConsoleVariables] File [D:/Repositories/HolidayProject_01/HolidayProject_01/Saved/Config/Windows/Engine.ini]
[2019.01.04-06.17.53:134][  0]LogInit: Computer: DESKTOP-0IMCSMM
[2019.01.04-06.17.53:134][  0]LogInit: User: Shiyon
[2019.01.04-06.17.53:134][  0]LogInit: CPU Page size=4096, Cores=4
[2019.01.04-06.17.53:134][  0]LogInit: High frequency timer resolution =2.531253 MHz
[2019.01.04-06.17.53:134][  0]LogMemory: Memory total: Physical=15.8GB (16GB approx)
[2019.01.04-06.17.53:135][  0]LogMemory: Platform Memory Stats for Windows
[2019.01.04-06.17.53:135][  0]LogMemory: Process Physical Memory: 102.39 MB used, 102.39 MB peak
[2019.01.04-06.17.53:135][  0]LogMemory: Process Virtual Memory: 91.38 MB used, 91.38 MB peak
[2019.01.04-06.17.53:135][  0]LogMemory: Physical Memory: 4241.36 MB used,  11986.43 MB free, 16227.79 MB total
[2019.01.04-06.17.53:135][  0]LogMemory: Virtual Memory: 4647.97 MB used,  134213080.00 MB free, 134217728.00 MB total
[2019.01.04-06.17.53:196][  0]LogInit: Using OS detected language (en-US).
[2019.01.04-06.17.53:196][  0]LogInit: Using OS detected locale (en-US).
[2019.01.04-06.17.53:197][  0]LogTextLocalizationManager: No specific localization for 'en-US' exists, so the 'en' localization will be used.
[2019.01.04-06.17.53:662][  0]LogStreaming: Display: Took  0.468s to InitEngineTextLocalization.
[2019.01.04-06.17.53:662][  0]LogInit: Setting process to per monitor DPI aware
[2019.01.04-06.17.53:697][  0]LogSlate: New Slate User Created.  User Index 0, Is Virtual User: 0
[2019.01.04-06.17.53:697][  0]LogSlate: Slate User Registered.  User Index 0, Is Virtual User: 0
[2019.01.04-06.17.53:931][  0]LogHMD: Failed to initialize OpenVR with code 110
[2019.01.04-06.17.53:931][  0]LogD3D11RHI: D3D11 adapters:
[2019.01.04-06.17.54:018][  0]LogD3D11RHI:    0. 'NVIDIA GeForce GTX 960M' (Feature Level 11_0)
[2019.01.04-06.17.54:018][  0]LogD3D11RHI:       4055/0/8113 MB DedicatedVideo/DedicatedSystem/SharedSystem, Outputs:1, VendorId:0x10de
[2019.01.04-06.17.54:040][  0]LogD3D11RHI:    1. 'Intel(R) HD Graphics 530' (Feature Level 11_0)
[2019.01.04-06.17.54:040][  0]LogD3D11RHI:       128/0/8113 MB DedicatedVideo/DedicatedSystem/SharedSystem, Outputs:0, VendorId:0x8086
[2019.01.04-06.17.54:043][  0]LogD3D11RHI:    2. 'Microsoft Basic Render Driver' (Feature Level 11_0)
[2019.01.04-06.17.54:043][  0]LogD3D11RHI:       0/0/8113 MB DedicatedVideo/DedicatedSystem/SharedSystem, Outputs:0, VendorId:0x1414
[2019.01.04-06.17.54:043][  0]LogD3D11RHI: Chosen D3D11 Adapter: 0
[2019.01.04-06.17.54:087][  0]LogD3D11RHI: Creating new Direct3DDevice
[2019.01.04-06.17.54:087][  0]LogD3D11RHI:     GPU DeviceId: 0x139b (for the marketing name, search the web for "GPU Device Id")
[2019.01.04-06.17.54:087][  0]LogWindows: EnumDisplayDevices:
[2019.01.04-06.17.54:087][  0]LogWindows:    0. 'Intel(R) HD Graphics 530' (P:1 D:1)
[2019.01.04-06.17.54:088][  0]LogWindows:    1. 'Intel(R) HD Graphics 530' (P:0 D:0)
[2019.01.04-06.17.54:088][  0]LogWindows:    2. 'Intel(R) HD Graphics 530' (P:0 D:0)
[2019.01.04-06.17.54:088][  0]LogWindows: DebugString: PrimaryIsNotTheChoosenAdapter PrimaryIsNotTheChoosenAdapter PrimaryIsNotTheChoosenAdapter FoundDriverCount:0 
[2019.01.04-06.17.54:088][  0]LogD3D11RHI:     Adapter Name: NVIDIA GeForce GTX 960M
[2019.01.04-06.17.54:088][  0]LogD3D11RHI:   Driver Version: Unknown (internal:Unknown, unified:Unknown)
[2019.01.04-06.17.54:088][  0]LogD3D11RHI:      Driver Date: Unknown
[2019.01.04-06.17.54:088][  0]LogRHI: Texture pool is 2839 MB (70% of 4055 MB)
[2019.01.04-06.17.54:146][  0]LogD3D11RHI: Async texture creation enabled
[2019.01.04-06.17.54:166][  0]LogD3D11RHI: GPU Timing Frequency: 1000.000000 (Debug: 2 2)
[2019.01.04-06.17.54:606][  0]LogTemp: Display: Loaded TP AllDesktopTargetPlatform
[2019.01.04-06.17.54:619][  0]LogTemp: Display: Loaded TP MacClientTargetPlatform
[2019.01.04-06.17.54:631][  0]LogTemp: Display: Loaded TP MacNoEditorTargetPlatform
[2019.01.04-06.17.54:643][  0]LogTemp: Display: Loaded TP MacServerTargetPlatform
[2019.01.04-06.17.54:656][  0]LogTemp: Display: Loaded TP MacTargetPlatform
[2019.01.04-06.17.54:668][  0]LogTemp: Display: Loaded TP WindowsClientTargetPlatform
[2019.01.04-06.17.54:682][  0]LogTemp: Display: Loaded TP WindowsNoEditorTargetPlatform
[2019.01.04-06.17.54:695][  0]LogTemp: Display: Loaded TP WindowsServerTargetPlatform
[2019.01.04-06.17.54:700][  0]LogTemp: Display: Loaded TP WindowsTargetPlatform
[2019.01.04-06.17.54:784][  0]LogTemp: Display: Loaded TP AndroidTargetPlatform
[2019.01.04-06.17.54:784][  0]LogTemp: Display: Loaded TP AndroidTargetPlatform
[2019.01.04-06.17.54:784][  0]LogTemp: Display: Loaded TP AndroidTargetPlatform
[2019.01.04-06.17.54:784][  0]LogTemp: Display: Loaded TP AndroidTargetPlatform
[2019.01.04-06.17.54:784][  0]LogTemp: Display: Loaded TP AndroidTargetPlatform
[2019.01.04-06.17.54:784][  0]LogTemp: Display: Loaded TP AndroidTargetPlatform
[2019.01.04-06.17.54:784][  0]LogTemp: Display: Loaded TP AndroidTargetPlatform
[2019.01.04-06.17.54:785][  0]LogTemp: Display: Loaded TP AndroidTargetPlatform
[2019.01.04-06.17.54:785][  0]LogTemp: Display: Loaded TP AndroidTargetPlatform
[2019.01.04-06.17.54:785][  0]LogTemp: Display: Loaded TP AndroidTargetPlatform
[2019.01.04-06.17.54:785][  0]LogTemp: Display: Loaded TP AndroidTargetPlatform
[2019.01.04-06.17.54:785][  0]LogTemp: Display: Loaded TP AndroidTargetPlatform
[2019.01.04-06.17.54:785][  0]LogTemp: Display: Loaded TP AndroidTargetPlatform
[2019.01.04-06.17.54:785][  0]LogTemp: Display: Loaded TP AndroidTargetPlatform
[2019.01.04-06.17.54:785][  0]LogTemp: Display: Loaded TP AndroidTargetPlatform
[2019.01.04-06.17.54:785][  0]LogTemp: Display: Loaded TP AndroidTargetPlatform
[2019.01.04-06.17.54:785][  0]LogTemp: Display: Loaded TP AndroidTargetPlatform
[2019.01.04-06.17.54:785][  0]LogTemp: Display: Loaded TP AndroidTargetPlatform
[2019.01.04-06.17.54:787][  0]LogTemp: Display: Loaded TP HTML5TargetPlatform
[2019.01.04-06.17.54:848][  0]LogTemp: Display: Loaded TP IOSTargetPlatform
[2019.01.04-06.17.54:848][  0]LogTemp: Display: Loaded TP IOSTargetPlatform
[2019.01.04-06.17.54:871][  0]LogTemp: Display: Loaded TP TVOSTargetPlatform
[2019.01.04-06.17.54:871][  0]LogTemp: Display: Loaded TP TVOSTargetPlatform
[2019.01.04-06.17.54:884][  0]LogTemp: Display: Loaded TP LinuxClientTargetPlatform
[2019.01.04-06.17.54:896][  0]LogTemp: Display: Loaded TP LinuxNoEditorTargetPlatform
[2019.01.04-06.17.54:910][  0]LogTemp: Display: Loaded TP LinuxServerTargetPlatform
[2019.01.04-06.17.54:923][  0]LogTemp: Display: Loaded TP LinuxTargetPlatform
[2019.01.04-06.17.54:973][  0]LogTemp: Display: Loaded TP LuminTargetPlatform
[2019.01.04-06.17.54:973][  0]LogTemp: Display: Loaded TP LuminTargetPlatform
[2019.01.04-06.17.54:973][  0]LogTargetPlatformManager: Display: Building Assets For Windows
[2019.01.04-06.17.55:032][  0]LogShaderCompilers: Guid format shader working directory is -16 characters bigger than the processId version (../../../../../Repositories/HolidayProject_01/HolidayProject_01/Intermediate/Shaders/WorkingDirectory/4376/).
[2019.01.04-06.17.55:032][  0]LogShaderCompilers: Cleaned the shader compiler working directory 'C:/Users/Shiyon/AppData/Local/Temp/UnrealShaderWorkingDir/0ADA3B9845E42687528F59939ECE8A90/'.
[2019.01.04-06.17.55:033][  0]LogXGEController: Cleaning working directory: C:/Users/Shiyon/AppData/Local/Temp/UnrealXGEWorkingDir/
[2019.01.04-06.17.55:033][  0]LogXGEController: Cannot use XGE Controller as Incredibuild is not installed on this machine.
[2019.01.04-06.17.55:033][  0]LogShaderCompilers: Cannot use XGE Shader Compiler as Incredibuild is not installed on this machine.
[2019.01.04-06.17.55:033][  0]LogShaderCompilers: Display: Using Local Shader Compiler.
[2019.01.04-06.17.55:643][  0]LogDerivedDataCache: Display: Max Cache Size: 512 MB
[2019.01.04-06.17.55:703][  0]LogDerivedDataCache: Loaded boot cache 0.06s 71MB C:/Users/Shiyon/AppData/Local/UnrealEngine/4.21/DerivedDataCache/Boot.ddc.
[2019.01.04-06.17.55:703][  0]LogDerivedDataCache: Display: Loaded Boot cache: C:/Users/Shiyon/AppData/Local/UnrealEngine/4.21/DerivedDataCache/Boot.ddc
[2019.01.04-06.17.55:703][  0]LogDerivedDataCache: FDerivedDataBackendGraph:  Pak pak cache file ../../../../../Repositories/HolidayProject_01/HolidayProject_01/DerivedDataCache/DDC.ddp not found, will not use a pak cache.
[2019.01.04-06.17.55:703][  0]LogDerivedDataCache: Unable to find inner node Pak for hierarchical cache Hierarchy.
[2019.01.04-06.17.55:703][  0]LogDerivedDataCache: FDerivedDataBackendGraph:  CompressedPak pak cache file ../../../../../Repositories/HolidayProject_01/HolidayProject_01/DerivedDataCache/Compressed.ddp not found, will not use a pak cache.
[2019.01.04-06.17.55:703][  0]LogDerivedDataCache: Unable to find inner node CompressedPak for hierarchical cache Hierarchy.
[2019.01.04-06.17.55:720][  0]LogDerivedDataCache: Display: Pak cache opened for reading ../../../Engine/DerivedDataCache/Compressed.ddp.
[2019.01.04-06.17.55:720][  0]LogDerivedDataCache: FDerivedDataBackendGraph:  EnterprisePak pak cache file ../../../Enterprise/DerivedDataCache/Compressed.ddp not found, will not use a pak cache.
[2019.01.04-06.17.55:720][  0]LogDerivedDataCache: Unable to find inner node EnterprisePak for hierarchical cache Hierarchy.
[2019.01.04-06.17.55:733][  0]LogDerivedDataCache: Using Local data cache path C:/Users/Shiyon/AppData/Local/UnrealEngine/Common/DerivedDataCache: Writable
[2019.01.04-06.17.55:733][  0]LogDerivedDataCache: Shared data cache path not found in *engine.ini, will not use an Shared cache.
[2019.01.04-06.17.55:733][  0]LogDerivedDataCache: Unable to find inner node Shared for hierarchical cache Hierarchy.
[2019.01.04-06.17.55:765][  0]LogMaterial: Verifying Global Shaders for PCD3D_SM5
[2019.01.04-06.17.55:767][  0]LogSlate: Using FreeType 2.6.0
[2019.01.04-06.17.55:768][  0]LogSlate: SlateFontServices - WITH_FREETYPE: 1, WITH_HARFBUZZ: 1
[2019.01.04-06.17.55:862][  0]LogAssetRegistry: FAssetRegistry took 0.0346 seconds to start up
[2019.01.04-06.17.56:254][  0]LogInit: Selected Device Profile: [Windows]
[2019.01.04-06.17.56:414][  0]LogSimplygon: Simplygon DLL not present - disabling.
[2019.01.04-06.17.56:418][  0]LogMeshReduction: Using SimplygonSwarm for distributed automatic mesh merging
[2019.01.04-06.17.56:418][  0]LogMeshReduction: Using ProxyLODMeshReduction for automatic mesh merging
[2019.01.04-06.17.56:418][  0]LogMeshReduction: Using QuadricMeshReduction for automatic static mesh reduction
[2019.01.04-06.17.56:418][  0]LogMeshReduction: No automatic skeletal mesh reduction module available
[2019.01.04-06.17.56:437][  0]LogNetVersion: HolidayProject_01 1.0.0, NetCL: 4541578, EngineNetVer: 5, GameNetVer: 0 (Checksum: 2475761723)
[2019.01.04-06.17.57:314][  0]LogPackageLocalizationCache: Processed 11 localized package path(s) for 2 prioritized culture(s) in 0.178836 seconds
[2019.01.04-06.17.57:325][  0]LogUObjectArray: 39775 objects as part of root set at end of initial load.
[2019.01.04-06.17.57:325][  0]LogUObjectAllocator: 6914664 out of 0 bytes used by permanent object pool.
[2019.01.04-06.17.57:325][  0]LogUObjectArray: CloseDisregardForGC: 0/0 objects in disregard for GC pool
[2019.01.04-06.17.58:337][  0]LogTcpMessaging: Initializing TcpMessaging bridge
[2019.01.04-06.17.58:351][  0]LogUdpMessaging: Initializing bridge on interface 0.0.0.0:0 to multicast group 230.0.0.1:6666.
[2019.01.04-06.17.59:267][  0]SourceControl: Source control is disabled
[2019.01.04-06.17.59:267][  0]SourceControl: Source control is disabled
[2019.01.04-06.17.59:268][  0]SourceControl: Source control is disabled
[2019.01.04-06.17.59:270][  0]SourceControl: Source control is disabled
[2019.01.04-06.17.59:439][  0]LogAndroidPermission: UAndroidPermissionCallbackProxy::GetInstance
[2019.01.04-06.17.59:556][  0]LogOcInput: OculusInput pre-init called
[2019.01.04-06.17.59:807][  0]LogEngine: Initializing Engine...
[2019.01.04-06.17.59:810][  0]LogHMD: Failed to initialize OpenVR with code 110
[2019.01.04-06.17.59:814][  0]LogStats: UGameplayTagsManager::ConstructGameplayTagTree: ImportINI prefixes -  0.000 s
[2019.01.04-06.17.59:814][  0]LogStats: UGameplayTagsManager::ConstructGameplayTagTree: Construct from data asset -  0.000 s
[2019.01.04-06.17.59:814][  0]LogStats: UGameplayTagsManager::ConstructGameplayTagTree: ImportINI -  0.000 s
[2019.01.04-06.17.59:814][  0]LogStats: UGameplayTagsManager::ConstructGameplayTagTree: GameplayTagTreeChangedEvent.Broadcast -  0.000 s
[2019.01.04-06.18.00:286][  0]LogInit: Initializing FReadOnlyCVARCache
[2019.01.04-06.18.00:300][  0]LogAIModule: Creating AISystem for world Untitled
[2019.01.04-06.18.00:324][  0]LogInit: XAudio2 using 'Speakers (Realtek High Definition Audio)' : 2 channels at 48 kHz using 32 bits per sample (channel mask 0x3)
[2019.01.04-06.18.00:387][  0]LogInit: FAudioDevice initialized.
[2019.01.04-06.18.00:387][  0]LogNetVersion: Set ProjectVersion to 1.0.0.0. Version Checksum will be recalculated on next use.
[2019.01.04-06.18.00:570][  0]LogDerivedDataCache: Saved boot cache 0.18s 71MB C:/Users/Shiyon/AppData/Local/UnrealEngine/4.21/DerivedDataCache/Boot.ddc.
[2019.01.04-06.18.00:596][  0]LogInit: Texture streaming: Enabled
[2019.01.04-06.18.00:610][  0]LogEngineSessionManager: EngineSessionManager initialized
[2019.01.04-06.18.00:610][  0]LogEngineSessionManager: EngineSessionManager sent abnormal shutdown report. Type=Crashed, SessionId={A4C25760-447B-4F28-5299-C581DDF2F676}
[2019.01.04-06.18.00:624][  0]LogInit: Transaction tracking system initialized
[2019.01.04-06.18.00:643][  0]BlueprintLog: New page: Editor Load
[2019.01.04-06.18.00:700][  0]LocalizationService: Localization service is disabled
[2019.01.04-06.18.01:211][  0]LogFileCache: Scanning file cache for directory 'D:/Repositories/HolidayProject_01/HolidayProject_01/Content/' took 0.01s
[2019.01.04-06.18.01:211][  0]LogCook: Display: Max memory allowance for cook 16384mb min free memory 0mb
[2019.01.04-06.18.01:211][  0]LogCook: Display: Mobile HDR setting 1
[2019.01.04-06.18.01:211][  0]LogGameplayTags: Display: UGameplayTagsManager::DoneAddingNativeTags. DelegateIsBound: 0
[2019.01.04-06.18.01:211][  0]LogStats: UGameplayTagsManager::ConstructGameplayTagTree: ImportINI prefixes -  0.000 s
[2019.01.04-06.18.01:211][  0]LogStats: UGameplayTagsManager::ConstructGameplayTagTree: Construct from data asset -  0.000 s
[2019.01.04-06.18.01:211][  0]LogStats: UGameplayTagsManager::ConstructGameplayTagTree: ImportINI -  0.000 s
[2019.01.04-06.18.01:211][  0]LogStats: UGameplayTagsManager::ConstructGameplayTagTree: GameplayTagTreeChangedEvent.Broadcast -  0.000 s
[2019.01.04-06.18.01:326][  0]SourceControl: Source control is disabled
[2019.01.04-06.18.01:326][  0]Cmd: MAP LOAD FILE="../../../../../Repositories/HolidayProject_01/HolidayProject_01/Content/Level/Level.umap" TEMPLATE=0 SHOWPROGRESS=1 FEATURELEVEL=3
[2019.01.04-06.18.01:326][  0]LightingResults: New page: Lighting Build
[2019.01.04-06.18.01:328][  0]MapCheck: New page: Map Check
[2019.01.04-06.18.01:328][  0]LightingResults: New page: Lighting Build
[2019.01.04-06.18.01:411][  0]LogAIModule: Creating AISystem for world Level
[2019.01.04-06.18.01:419][  0]LogEditorServer: Finished looking for orphan Actors (0.000 secs)
[2019.01.04-06.18.01:444][  0]Cmd: MAP CHECKDEP NOCLEARLOG
[2019.01.04-06.18.01:444][  0]MapCheck: Map check complete: 0 Error(s), 0 Warning(s), took 0.09ms to complete.
[2019.01.04-06.18.01:444][  0]LogFileHelpers: Loading map 'Level' took 0.118
[2019.01.04-06.18.01:538][  0]LogSlate: Updating window title bar state: overlay mode, drag disabled, window buttons hidden, title bar hidden
[2019.01.04-06.18.01:548][  0]LogSlate: Updating window title bar state: overlay mode, drag disabled, window buttons hidden, title bar hidden
[2019.01.04-06.18.01:559][  0]LogSlate: Updating window title bar state: overlay mode, drag disabled, window buttons hidden, title bar hidden
[2019.01.04-06.18.01:568][  0]LogSlate: Updating window title bar state: overlay mode, drag disabled, window buttons hidden, title bar hidden
[2019.01.04-06.18.01:573][  0]LogCollectionManager: Loaded 0 collections in 0.000901 seconds
[2019.01.04-06.18.01:599][  0]LogFileCache: Scanning file cache for directory 'D:/Repositories/HolidayProject_01/HolidayProject_01/Saved/Collections/' took 0.01s
[2019.01.04-06.18.01:599][  0]LogFileCache: Scanning file cache for directory 'D:/Repositories/HolidayProject_01/HolidayProject_01/Content/Developers/Shiyon/Collections/' took 0.01s
[2019.01.04-06.18.01:599][  0]LogFileCache: Scanning file cache for directory 'D:/Repositories/HolidayProject_01/HolidayProject_01/Content/Collections/' took 0.00s
[2019.01.04-06.18.01:599][  0]LogCollectionManager: Rebuilt the GUID cache for 0 collections in 0.000001 seconds
[2019.01.04-06.18.01:610][  0]LogContentBrowser: Native class hierarchy populated in 0.0105 seconds. Added 2657 classes and 622 folders.
[2019.01.04-06.18.01:620][  0]LogContentBrowser: Native class hierarchy updated for 'WidgetCarousel' in 0.0003 seconds. Added 0 classes and 0 folders.
[2019.01.04-06.18.01:622][  0]LogPakFile: Registered encryption key '00000000000000000000000000000000': 0 pak files mounted, 0 remain pending
[2019.01.04-06.18.01:623][  0]LogPakFile: Registered encryption key '00000000000000000000000000000000': 0 pak files mounted, 0 remain pending
[2019.01.04-06.18.01:623][  0]LogPakFile: Registered encryption key '00000000000000000000000000000000': 0 pak files mounted, 0 remain pending
[2019.01.04-06.18.01:623][  0]LogPakFile: Registered encryption key '00000000000000000000000000000000': 0 pak files mounted, 0 remain pending
[2019.01.04-06.18.01:624][  0]LogPakFile: Registered encryption key '00000000000000000000000000000000': 0 pak files mounted, 0 remain pending
[2019.01.04-06.18.01:625][  0]LogPakFile: Registered encryption key '00000000000000000000000000000000': 0 pak files mounted, 0 remain pending
[2019.01.04-06.18.01:625][  0]LogPakFile: Registered encryption key '00000000000000000000000000000000': 0 pak files mounted, 0 remain pending
[2019.01.04-06.18.01:626][  0]LogPakFile: Registered encryption key '00000000000000000000000000000000': 0 pak files mounted, 0 remain pending
[2019.01.04-06.18.01:626][  0]LogPakFile: Registered encryption key '00000000000000000000000000000000': 0 pak files mounted, 0 remain pending
[2019.01.04-06.18.01:627][  0]LogPakFile: Registered encryption key '00000000000000000000000000000000': 0 pak files mounted, 0 remain pending
[2019.01.04-06.18.01:627][  0]LogPakFile: Registered encryption key '00000000000000000000000000000000': 0 pak files mounted, 0 remain pending
[2019.01.04-06.18.01:628][  0]LogPakFile: Registered encryption key '00000000000000000000000000000000': 0 pak files mounted, 0 remain pending
[2019.01.04-06.18.01:628][  0]LogPakFile: Registered encryption key '00000000000000000000000000000000': 0 pak files mounted, 0 remain pending
[2019.01.04-06.18.01:629][  0]LogPakFile: Registered encryption key '00000000000000000000000000000000': 0 pak files mounted, 0 remain pending
[2019.01.04-06.18.01:629][  0]LogPakFile: Registered encryption key '00000000000000000000000000000000': 0 pak files mounted, 0 remain pending
[2019.01.04-06.18.01:629][  0]LogPakFile: Registered encryption key '00000000000000000000000000000000': 0 pak files mounted, 0 remain pending
[2019.01.04-06.18.01:630][  0]LogPakFile: Registered encryption key '00000000000000000000000000000000': 0 pak files mounted, 0 remain pending
[2019.01.04-06.18.01:630][  0]LogPakFile: Registered encryption key '00000000000000000000000000000000': 0 pak files mounted, 0 remain pending
[2019.01.04-06.18.01:631][  0]LogPakFile: Registered encryption key '00000000000000000000000000000000': 0 pak files mounted, 0 remain pending
[2019.01.04-06.18.01:631][  0]LogPakFile: Registered encryption key '00000000000000000000000000000000': 0 pak files mounted, 0 remain pending
[2019.01.04-06.18.01:632][  0]LogPakFile: Registered encryption key '00000000000000000000000000000000': 0 pak files mounted, 0 remain pending
[2019.01.04-06.18.01:632][  0]LogPakFile: Registered encryption key '00000000000000000000000000000000': 0 pak files mounted, 0 remain pending
[2019.01.04-06.18.01:632][  0]LogPakFile: Registered encryption key '00000000000000000000000000000000': 0 pak files mounted, 0 remain pending
[2019.01.04-06.18.01:633][  0]LogPakFile: Registered encryption key '00000000000000000000000000000000': 0 pak files mounted, 0 remain pending
[2019.01.04-06.18.01:633][  0]LogPakFile: Registered encryption key '00000000000000000000000000000000': 0 pak files mounted, 0 remain pending
[2019.01.04-06.18.01:634][  0]LogPakFile: Registered encryption key '00000000000000000000000000000000': 0 pak files mounted, 0 remain pending
[2019.01.04-06.18.01:672][  0]LogContentBrowser: Native class hierarchy updated for 'AddContentDialog' in 0.0004 seconds. Added 0 classes and 0 folders.
[2019.01.04-06.18.01:677][  0]LogContentBrowser: Native class hierarchy updated for 'SceneOutliner' in 0.0004 seconds. Added 1 classes and 2 folders.
[2019.01.04-06.18.01:746][  0]LogSlate: Took 0.000226 seconds to synchronously load lazily loaded font '../../../Engine/Content/Slate/Fonts/Roboto-Regular.ttf' (155K)
[2019.01.04-06.18.01:749][  0]LogSlate: Took 0.000305 seconds to synchronously load lazily loaded font '../../../Engine/Content/Slate/Fonts/Roboto-Bold.ttf' (160K)
[2019.01.04-06.18.01:757][  0]LogSlate: Took 0.000155 seconds to synchronously load lazily loaded font '../../../Engine/Content/Editor/Slate/Fonts/FontAwesome.ttf' (139K)
[2019.01.04-06.18.01:833][  0]LogRenderer: Reallocating scene render targets to support 896x436 Format 10 NumSamples 1 (Frame:1).
[2019.01.04-06.18.01:872][  0]LogSlate: Took 0.000188 seconds to synchronously load lazily loaded font '../../../Engine/Content/Slate/Fonts/Roboto-Light.ttf' (167K)
[2019.01.04-06.18.01:987][  0]LogContentBrowser: Native class hierarchy updated for 'HierarchicalLODOutliner' in 0.0005 seconds. Added 0 classes and 0 folders.
[2019.01.04-06.18.01:987][  0]LogLoad: (Engine Initialization) Total time: 11.22 seconds
[2019.01.04-06.18.01:987][  0]LogLoad: (Engine Initialization) Total Blueprint compile time: 0.00 seconds
[2019.01.04-06.18.02:006][  0]LogWindowsTextInputMethodSystem: Display: IME system now deactivated.
[2019.01.04-06.18.02:041][  0]LogAssetRegistry: Asset discovery search completed in 6.2018 seconds
[2019.01.04-06.18.02:043][  0]LogCollectionManager: Rebuilt the object cache for 0 collections in 0.000000 seconds (found 0 objects)
[2019.01.04-06.18.02:043][  0]LogCollectionManager: Fixed up redirectors for 0 collections in 0.000054 seconds (updated 0 objects)
[2019.01.04-06.18.02:045][  0]LogContentStreaming: Texture pool size now 1000 MB
[2019.01.04-06.18.17:279][415]LogSlate: FSceneViewport::OnFocusLost() reason 0
[2019.01.04-06.18.20:429][453]LogD3D11RHI: Timed out while waiting for GPU to catch up. (0.5 s)
[2019.01.04-06.18.20:445][453]LogD3D11RHI: Error: Result failed 
 at D:\Build\++UE4\Sync\Engine\Source\Runtime\Windows\D3D11RHI\Private\D3D11Query.cpp:140 
 with error DXGI_ERROR_DEVICE_REMOVED DXGI_ERROR_DEVICE_HUNG
[2019.01.04-06.18.20:445][453]LogD3D11RHI: [Aftermath] GDynamicRHI=000001BBDDB28100, GDX11NVAfterMathEnabled=0, Result=0xFFFFFFFF, bDeviceActive=0
[2019.01.04-06.18.20:445][453]LogWindows: Windows GetLastError: The operation completed successfully. (0)
[2019.01.04-06.18.22:302][453]LogRHI: Error: SyncInterval 0
[2019.01.04-06.18.22:302][453]LogRHI: Error: SwapChainDesc.BufferDesc.Width 265
[2019.01.04-06.18.22:302][453]LogRHI: Error: SwapChainDesc.BufferDesc.Height 737
[2019.01.04-06.18.22:302][453]LogRHI: Error: SwapChainDesc.BufferDesc.RefreshRate.Numerator 0
[2019.01.04-06.18.22:302][453]LogRHI: Error: SwapChainDesc.BufferDesc.RefreshRate.Denominator 0
[2019.01.04-06.18.22:302][453]LogRHI: Error: SwapChainDesc.BufferDesc.Format 24
[2019.01.04-06.18.22:302][453]LogRHI: Error: SwapChainDesc.BufferDesc.ScanlineOrdering 0
[2019.01.04-06.18.22:302][453]LogRHI: Error: SwapChainDesc.BufferDesc.Scaling 0
[2019.01.04-06.18.22:302][453]LogRHI: Error: SwapChainDesc.SampleDesc.Count 1
[2019.01.04-06.18.22:302][453]LogRHI: Error: SwapChainDesc.SampleDesc.Quality 0
[2019.01.04-06.18.22:302][453]LogRHI: Error: SwapChainDesc.BufferUsage 48
[2019.01.04-06.18.22:302][453]LogRHI: Error: SwapChainDesc.BufferCount 1
[2019.01.04-06.18.22:302][453]LogRHI: Error: SwapChainDesc.OutputWindow 00000000000605DC
[2019.01.04-06.18.22:302][453]LogRHI: Error: SwapChainDesc.Windowed true
[2019.01.04-06.18.22:302][453]LogRHI: Error: SwapChainDesc.SwapEffect 0
[2019.01.04-06.18.22:302][453]LogRHI: Error: SwapChainDesc.Flags 2
[2019.01.04-06.18.22:303][453]LogD3D11RHI: Error: Result failed 
 at D:\Build\++UE4\Sync\Engine\Source\Runtime\Windows\D3D11RHI\Private\D3D11Viewport.cpp:361 
 with error DXGI_ERROR_DEVICE_REMOVED DXGI_ERROR_DEVICE_HUNG
[2019.01.04-06.18.22:303][453]LogD3D11RHI: [Aftermath] GDynamicRHI=000001BBDDB28100, GDX11NVAfterMathEnabled=0, Result=0xFFFFFFFF, bDeviceActive=0
[2019.01.04-06.18.22:303][453]LogWindows: FPlatformMisc::RequestExit(1)
[2019.01.04-06.18.22:310][453]Log file closed, 01/04/19 15:18:22
