Log file open, 01/03/19 21:56:57
LogWindows: Failed to load 'aqProf.dll' (GetLastError=126)
LogWindows: File 'aqProf.dll' does not exist
LogWindows: Failed to load 'VtuneApi.dll' (GetLastError=126)
LogWindows: File 'VtuneApi.dll' does not exist
LogWindows: Failed to load 'VtuneApi32e.dll' (GetLastError=126)
LogWindows: File 'VtuneApi32e.dll' does not exist
LogConsoleResponse: Display: Failed to find resolution value strings in scalability ini. Falling back to default.
LogPakFile: Registered encryption key '00000000000000000000000000000000': 0 pak files mounted, 0 remain pending
LogPlatformFile: Not using cached read wrapper
LogTaskGraph: Started task graph with 5 named threads and 23 total threads with 3 sets of task threads.
LogStats: Stats thread started at 2.205149
LogD3D11RHI: Loaded GFSDK_Aftermath_Lib.x64.dll
LogICUInternationalization: ICU TimeZone Detection - Raw Offset: +9:00, Platform Override: ''
LogPluginManager: Mounting plugin Paper2D
LogPluginManager: Mounting plugin AISupport
LogPluginManager: Mounting plugin LightPropagationVolume
LogPluginManager: Mounting plugin ActorLayerUtilities
LogPluginManager: Mounting plugin CLionSourceCodeAccess
LogPluginManager: Mounting plugin CodeLiteSourceCodeAccess
LogPluginManager: Mounting plugin GitSourceControl
LogPluginManager: Mounting plugin KDevelopSourceCodeAccess
LogPluginManager: Mounting plugin NullSourceCodeAccess
LogPluginManager: Mounting plugin PerforceSourceControl
LogPluginManager: Mounting plugin SubversionSourceControl
LogPluginManager: Mounting plugin UObjectPlugin
LogPluginManager: Mounting plugin VisualStudioCodeSourceCodeAccess
LogPluginManager: Mounting plugin VisualStudioSourceCodeAccess
LogPluginManager: Mounting plugin XCodeSourceCodeAccess
LogPluginManager: Mounting plugin AssetManagerEditor
LogPluginManager: Mounting plugin CryptoKeys
LogPluginManager: Mounting plugin DataValidation
LogPluginManager: Mounting plugin FacialAnimation
LogPluginManager: Mounting plugin GameplayTagsEditor
LogPluginManager: Mounting plugin MacGraphicsSwitching
LogPluginManager: Mounting plugin MeshEditor
LogPluginManager: Mounting plugin MobileLauncherProfileWizard
LogPluginManager: Mounting plugin PluginBrowser
LogPluginManager: Mounting plugin SpeedTreeImporter
LogPluginManager: Mounting plugin DatasmithContent
LogPluginManager: Mounting plugin VariantManagerContent
LogPluginManager: Mounting plugin AlembicImporter
LogPluginManager: Mounting plugin AppleImageUtils
LogPluginManager: Mounting plugin AppleVision
LogPluginManager: Mounting plugin BackChannel
LogPluginManager: Mounting plugin CharacterAI
LogPluginManager: Mounting plugin GeometryCache
LogPluginManager: Mounting plugin HTML5Networking
LogPluginManager: Mounting plugin ProxyLODPlugin
LogPluginManager: Mounting plugin AndroidMedia
LogPluginManager: Mounting plugin AvfMedia
LogPluginManager: Mounting plugin ImgMedia
LogPluginManager: Mounting plugin LinearTimecode
LogPluginManager: Mounting plugin MediaCompositing
LogPluginManager: Mounting plugin MediaPlayerEditor
LogPluginManager: Mounting plugin WebMMedia
LogPluginManager: Mounting plugin WmfMedia
LogPluginManager: Mounting plugin TcpMessaging
LogPluginManager: Mounting plugin UdpMessaging
LogPluginManager: Mounting plugin ActorSequence
LogPluginManager: Mounting plugin LevelSequenceEditor
LogPluginManager: Mounting plugin MatineeToLevelSequence
LogPluginManager: Mounting plugin NetcodeUnitTest
LogPluginManager: Mounting plugin NUTUnrealEngine4
LogPluginManager: Mounting plugin OnlineSubsystem
LogPluginManager: Mounting plugin OnlineSubsystemNull
LogPluginManager: Mounting plugin OnlineSubsystemUtils
LogPluginManager: Mounting plugin LauncherChunkInstaller
LogPluginManager: Mounting plugin AndroidDeviceProfileSelector
LogPluginManager: Mounting plugin AndroidMoviePlayer
LogPluginManager: Mounting plugin AndroidPermission
LogPluginManager: Mounting plugin AppleMoviePlayer
LogPluginManager: Mounting plugin ArchVisCharacter
LogPluginManager: Mounting plugin AudioCapture
LogPluginManager: Mounting plugin CableComponent
LogPluginManager: Mounting plugin CustomMeshComponent
LogPluginManager: Mounting plugin EditableMesh
LogPluginManager: Mounting plugin ExampleDeviceProfileSelector
LogPluginManager: Mounting plugin GoogleCloudMessaging
LogPluginManager: Mounting plugin IOSDeviceProfileSelector
LogPluginManager: Mounting plugin LinuxDeviceProfileSelector
LogPluginManager: Mounting plugin LocationServicesBPLibrary
LogPluginManager: Mounting plugin MobilePatchingUtils
LogPluginManager: Mounting plugin OculusVR
LogPluginManager: Mounting plugin PhysXVehicles
LogPluginManager: Mounting plugin ProceduralMeshComponent
LogPluginManager: Mounting plugin RuntimePhysXCooking
LogPluginManager: Mounting plugin SteamVR
LogPluginManager: Mounting plugin WebMMoviePlayer
LogPluginManager: Mounting plugin WindowsMoviePlayer
LogStreaming: Display: Took  0.202s to configure plugins.
LogInit: Using libcurl 7.55.1-DEV
LogInit:  - built for x86_64-pc-win32
LogInit:  - supports SSL with OpenSSL/1.0.2h
LogInit:  - supports HTTP deflate (compression) using libz 1.2.8
LogInit:  - other features:
LogInit:      CURL_VERSION_SSL
LogInit:      CURL_VERSION_LIBZ
LogInit:      CURL_VERSION_IPV6
LogInit:      CURL_VERSION_ASYNCHDNS
LogInit:      CURL_VERSION_LARGEFILE
LogInit:      CURL_VERSION_IDN
LogInit:  CurlRequestOptions (configurable via config and command line):
LogInit:  - bVerifyPeer = true  - Libcurl will verify peer certificate
LogInit:  - bUseHttpProxy = false  - Libcurl will NOT use HTTP proxy
LogInit:  - bDontReuseConnections = false  - Libcurl will reuse connections
LogInit:  - MaxHostConnections = 16  - Libcurl will limit the number of connections to a host
LogInit:  - LocalHostAddr = Default
LogInit:  - BufferSize = 65536
LogInit: WinSock: version 1.1 (2.2), MaxSocks=32767, MaxUdp=65467
LogInit: Build: ++UE4+Release-4.21-CL-4613538
LogInit: Engine Version: 4.21.1-4613538+++UE4+Release-4.21
LogInit: Compatible Engine Version: 4.21.0-4541578+++UE4+Release-4.21
LogInit: Net CL: 4541578
LogInit: OS: Windows 10 (), CPU: Intel(R) Core(TM) i7-6700HQ CPU @ 2.60GHz, GPU: Intel(R) HD Graphics 530
LogInit: Compiled (64-bit): Nov 30 2018 04:19:12
LogInit: Compiled with Visual C++: 19.00.24215.01
LogInit: Build Configuration: Development
LogInit: Branch Name: ++UE4+Release-4.21
LogInit: Command Line: 
LogInit: Base Directory: D:/Repositories/HolidayProject_01/HolidayProject_01/Binaries/Win64/
LogInit: Installed Engine Build: 1
LogDevObjectVersion: Number of dev versions registered: 22
LogDevObjectVersion:   Dev-Blueprints (B0D832E4-1F89-4F0D-ACCF-7EB736FD4AA2): 10
LogDevObjectVersion:   Dev-Build (E1C64328-A22C-4D53-A36C-8E866417BD8C): 0
LogDevObjectVersion:   Dev-Core (375EC13C-06E4-48FB-B500-84F0262A717E): 2
LogDevObjectVersion:   Dev-Editor (E4B068ED-F494-42E9-A231-DA0B2E46BB41): 26
LogDevObjectVersion:   Dev-Framework (CFFC743F-43B0-4480-9391-14DF171D2073): 34
LogDevObjectVersion:   Dev-Mobile (B02B49B5-BB20-44E9-A304-32B752E40360): 2
LogDevObjectVersion:   Dev-Networking (A4E4105C-59A1-49B5-A7C5-40C4547EDFEE): 0
LogDevObjectVersion:   Dev-Online (39C831C9-5AE6-47DC-9A44-9C173E1C8E7C): 0
LogDevObjectVersion:   Dev-Physics (78F01B33-EBEA-4F98-B9B4-84EACCB95AA2): 0
LogDevObjectVersion:   Dev-Platform (6631380F-2D4D-43E0-8009-CF276956A95A): 0
LogDevObjectVersion:   Dev-Rendering (12F88B9F-8875-4AFC-A67C-D90C383ABD29): 27
LogDevObjectVersion:   Dev-Sequencer (7B5AE74C-D270-4C10-A958-57980B212A5A): 9
LogDevObjectVersion:   Dev-VR (D7296918-1DD6-4BDD-9DE2-64A83CC13884): 2
LogDevObjectVersion:   Dev-LoadTimes (C2A15278-BFE7-4AFE-6C17-90FF531DF755): 1
LogDevObjectVersion:   Private-Geometry (6EACA3D4-40EC-4CC1-B786-8BED09428FC5): 3
LogDevObjectVersion:   Dev-AnimPhys (29E575DD-E0A3-4627-9D10-D276232CDCEA): 17
LogDevObjectVersion:   Dev-Anim (AF43A65D-7FD3-4947-9873-3E8ED9C1BB05): 2
LogDevObjectVersion:   Dev-ReflectionCapture (6B266CEC-1EC7-4B8F-A30B-E4D90942FC07): 1
LogDevObjectVersion:   Dev-Automation (0DF73D61-A23F-47EA-B727-89E90C41499A): 1
LogDevObjectVersion:   FortniteMain (601D1886-AC64-4F84-AA16-D3DE0DEAC7D6): 17
LogDevObjectVersion:   Dev-Enterprise (9DFFBCD6-494F-0158-E221-12823C92A888): 4
LogDevObjectVersion:   Dev-Niagara (F2AED0AC-9AFE-416F-8664-AA7FFA26D6FC): 1
LogStreaming: Display: Took  0.001s to delete old logs.
LogInit: Presizing for max 2097152 objects, including 1 objects not considered by GC, pre-allocating 0 bytes for permanent pool.
LogStreaming: Display: Async Loading initialized: Event Driven Loader: true, Async Loading Thread: false, Async Post Load: true
LogInit: Object subsystem initialized
LogConfig: Setting CVar [[con.DebugEarlyDefault:1]]
LogConfig: Setting CVar [[r.setres:1280x720]]
[2019.01.03-12.56.58:764][  0]LogConfig: Setting CVar [[con.DebugEarlyDefault:1]]
[2019.01.03-12.56.58:764][  0]LogConfig: Setting CVar [[r.setres:1280x720]]
[2019.01.03-12.56.58:764][  0]LogConfig: Applying CVar settings from Section [/Script/Engine.RendererSettings] File [D:/Repositories/HolidayProject_01/HolidayProject_01/Saved/Config/WindowsNoEditor/Engine.ini]
[2019.01.03-12.56.58:764][  0]LogConfig: Setting CVar [[r.GPUCrashDebugging:0]]
[2019.01.03-12.56.58:764][  0]LogConfig: Applying CVar settings from Section [/Script/Engine.RendererOverrideSettings] File [D:/Repositories/HolidayProject_01/HolidayProject_01/Saved/Config/WindowsNoEditor/Engine.ini]
[2019.01.03-12.56.58:765][  0]LogConfig: Applying CVar settings from Section [/Script/Engine.StreamingSettings] File [D:/Repositories/HolidayProject_01/HolidayProject_01/Saved/Config/WindowsNoEditor/Engine.ini]
[2019.01.03-12.56.58:765][  0]LogConfig: Setting CVar [[s.MinBulkDataSizeForAsyncLoading:131072]]
[2019.01.03-12.56.58:765][  0]LogConfig: Setting CVar [[s.AsyncLoadingThreadEnabled:0]]
[2019.01.03-12.56.58:765][  0]LogConfig: Setting CVar [[s.EventDrivenLoaderEnabled:1]]
[2019.01.03-12.56.58:765][  0]LogConfig: Setting CVar [[s.WarnIfTimeLimitExceeded:0]]
[2019.01.03-12.56.58:765][  0]LogConfig: Setting CVar [[s.TimeLimitExceededMultiplier:1.5]]
[2019.01.03-12.56.58:765][  0]LogConfig: Setting CVar [[s.TimeLimitExceededMinTime:0.005]]
[2019.01.03-12.56.58:765][  0]LogConfig: Setting CVar [[s.UseBackgroundLevelStreaming:1]]
[2019.01.03-12.56.58:765][  0]LogConfig: Setting CVar [[s.PriorityAsyncLoadingExtraTime:15.0]]
[2019.01.03-12.56.58:765][  0]LogConfig: Setting CVar [[s.LevelStreamingActorsUpdateTimeLimit:5.0]]
[2019.01.03-12.56.58:765][  0]LogConfig: Setting CVar [[s.PriorityLevelStreamingActorsUpdateExtraTime:5.0]]
[2019.01.03-12.56.58:765][  0]LogConfig: Setting CVar [[s.LevelStreamingComponentsRegistrationGranularity:10]]
[2019.01.03-12.56.58:765][  0]LogConfig: Setting CVar [[s.UnregisterComponentsTimeLimit:1.0]]
[2019.01.03-12.56.58:765][  0]LogConfig: Setting CVar [[s.LevelStreamingComponentsUnregistrationGranularity:5]]
[2019.01.03-12.56.58:765][  0]LogConfig: Applying CVar settings from Section [/Script/Engine.GarbageCollectionSettings] File [D:/Repositories/HolidayProject_01/HolidayProject_01/Saved/Config/WindowsNoEditor/Engine.ini]
[2019.01.03-12.56.58:765][  0]LogConfig: Setting CVar [[gc.MaxObjectsNotConsideredByGC:1]]
[2019.01.03-12.56.58:765][  0]LogConfig: Setting CVar [[gc.SizeOfPermanentObjectPool:0]]
[2019.01.03-12.56.58:765][  0]LogConfig: Setting CVar [[gc.FlushStreamingOnGC:0]]
[2019.01.03-12.56.58:765][  0]LogConfig: Setting CVar [[gc.NumRetriesBeforeForcingGC:10]]
[2019.01.03-12.56.58:765][  0]LogConfig: Setting CVar [[gc.AllowParallelGC:1]]
[2019.01.03-12.56.58:765][  0]LogConfig: Setting CVar [[gc.TimeBetweenPurgingPendingKillObjects:61.1]]
[2019.01.03-12.56.58:765][  0]LogConfig: Setting CVar [[gc.MaxObjectsInEditor:8388607]]
[2019.01.03-12.56.58:765][  0]LogConfig: Setting CVar [[gc.IncrementalBeginDestroyEnabled:1]]
[2019.01.03-12.56.58:765][  0]LogConfig: Setting CVar [[gc.CreateGCClusters:1]]
[2019.01.03-12.56.58:765][  0]LogConfig: Setting CVar [[gc.MergeGCClusters:0]]
[2019.01.03-12.56.58:766][  0]LogConfig: Setting CVar [[gc.MinGCClusterSize:5]]
[2019.01.03-12.56.58:766][  0]LogConfig: Setting CVar [[gc.ActorClusteringEnabled:0]]
[2019.01.03-12.56.58:766][  0]LogConfig: Setting CVar [[gc.BlueprintClusteringEnabled:0]]
[2019.01.03-12.56.58:766][  0]LogConfig: Setting CVar [[gc.UseDisregardForGCOnDedicatedServers:0]]
[2019.01.03-12.56.58:766][  0]LogConfig: Applying CVar settings from Section [/Script/Engine.NetworkSettings] File [D:/Repositories/HolidayProject_01/HolidayProject_01/Saved/Config/WindowsNoEditor/Engine.ini]
[2019.01.03-12.56.58:797][  0]LogConfig: Applying CVar settings from Section [ViewDistanceQuality@3] File [D:/Repositories/HolidayProject_01/HolidayProject_01/Saved/Config/WindowsNoEditor/Scalability.ini]
[2019.01.03-12.56.58:797][  0]LogConfig: Setting CVar [[r.SkeletalMeshLODBias:0]]
[2019.01.03-12.56.58:797][  0]LogConfig: Setting CVar [[r.ViewDistanceScale:1.0]]
[2019.01.03-12.56.58:797][  0]LogConfig: Applying CVar settings from Section [AntiAliasingQuality@3] File [D:/Repositories/HolidayProject_01/HolidayProject_01/Saved/Config/WindowsNoEditor/Scalability.ini]
[2019.01.03-12.56.58:797][  0]LogConfig: Setting CVar [[r.PostProcessAAQuality:4]]
[2019.01.03-12.56.58:797][  0]LogConfig: Applying CVar settings from Section [ShadowQuality@3] File [D:/Repositories/HolidayProject_01/HolidayProject_01/Saved/Config/WindowsNoEditor/Scalability.ini]
[2019.01.03-12.56.58:797][  0]LogConfig: Setting CVar [[r.LightFunctionQuality:1]]
[2019.01.03-12.56.58:797][  0]LogConfig: Setting CVar [[r.ShadowQuality:5]]
[2019.01.03-12.56.58:797][  0]LogConfig: Setting CVar [[r.Shadow.CSM.MaxCascades:10]]
[2019.01.03-12.56.58:797][  0]LogConfig: Setting CVar [[r.Shadow.MaxResolution:2048]]
[2019.01.03-12.56.58:797][  0]LogConfig: Setting CVar [[r.Shadow.MaxCSMResolution:2048]]
[2019.01.03-12.56.58:797][  0]LogConfig: Setting CVar [[r.Shadow.RadiusThreshold:0.01]]
[2019.01.03-12.56.58:797][  0]LogConfig: Setting CVar [[r.Shadow.DistanceScale:1.0]]
[2019.01.03-12.56.58:797][  0]LogConfig: Setting CVar [[r.Shadow.CSM.TransitionScale:1.0]]
[2019.01.03-12.56.58:797][  0]LogConfig: Setting CVar [[r.Shadow.PreShadowResolutionFactor:1.0]]
[2019.01.03-12.56.58:797][  0]LogConfig: Setting CVar [[r.DistanceFieldShadowing:1]]
[2019.01.03-12.56.58:797][  0]LogConfig: Setting CVar [[r.DistanceFieldAO:1]]
[2019.01.03-12.56.58:797][  0]LogConfig: Setting CVar [[r.AOQuality:2]]
[2019.01.03-12.56.58:797][  0]LogConfig: Setting CVar [[r.VolumetricFog:1]]
[2019.01.03-12.56.58:797][  0]LogConfig: Setting CVar [[r.VolumetricFog.GridPixelSize:8]]
[2019.01.03-12.56.58:797][  0]LogConfig: Setting CVar [[r.VolumetricFog.GridSizeZ:128]]
[2019.01.03-12.56.58:798][  0]LogConfig: Setting CVar [[r.VolumetricFog.HistoryMissSupersampleCount:4]]
[2019.01.03-12.56.58:798][  0]LogConfig: Setting CVar [[r.LightMaxDrawDistanceScale:1]]
[2019.01.03-12.56.58:798][  0]LogConfig: Setting CVar [[r.CapsuleShadows:1]]
[2019.01.03-12.56.58:798][  0]LogConfig: Applying CVar settings from Section [PostProcessQuality@3] File [D:/Repositories/HolidayProject_01/HolidayProject_01/Saved/Config/WindowsNoEditor/Scalability.ini]
[2019.01.03-12.56.58:798][  0]LogConfig: Setting CVar [[r.MotionBlurQuality:4]]
[2019.01.03-12.56.58:798][  0]LogConfig: Setting CVar [[r.AmbientOcclusionMipLevelFactor:0.4]]
[2019.01.03-12.56.58:798][  0]LogConfig: Setting CVar [[r.AmbientOcclusionMaxQuality:100]]
[2019.01.03-12.56.58:798][  0]LogConfig: Setting CVar [[r.AmbientOcclusionLevels:-1]]
[2019.01.03-12.56.58:798][  0]LogConfig: Setting CVar [[r.AmbientOcclusionRadiusScale:1.0]]
[2019.01.03-12.56.58:798][  0]LogConfig: Setting CVar [[r.DepthOfFieldQuality:2]]
[2019.01.03-12.56.58:798][  0]LogConfig: Setting CVar [[r.RenderTargetPoolMin:400]]
[2019.01.03-12.56.58:798][  0]LogConfig: Setting CVar [[r.LensFlareQuality:2]]
[2019.01.03-12.56.58:798][  0]LogConfig: Setting CVar [[r.SceneColorFringeQuality:1]]
[2019.01.03-12.56.58:798][  0]LogConfig: Setting CVar [[r.EyeAdaptationQuality:2]]
[2019.01.03-12.56.58:798][  0]LogConfig: Setting CVar [[r.BloomQuality:5]]
[2019.01.03-12.56.58:798][  0]LogConfig: Setting CVar [[r.FastBlurThreshold:100]]
[2019.01.03-12.56.58:798][  0]LogConfig: Setting CVar [[r.Upscale.Quality:3]]
[2019.01.03-12.56.58:798][  0]LogConfig: Setting CVar [[r.Tonemapper.GrainQuantization:1]]
[2019.01.03-12.56.58:798][  0]LogConfig: Setting CVar [[r.LightShaftQuality:1]]
[2019.01.03-12.56.58:798][  0]LogConfig: Setting CVar [[r.Filter.SizeScale:1]]
[2019.01.03-12.56.58:798][  0]LogConfig: Setting CVar [[r.Tonemapper.Quality:5]]
[2019.01.03-12.56.58:798][  0]LogConfig: Setting CVar [[r.DOF.Gather.AccumulatorQuality:1        ; higher gathering accumulator quality]]
[2019.01.03-12.56.58:798][  0]LogConfig: Setting CVar [[r.DOF.Gather.PostfilterMethod:1          ; Median3x3 postfilering method]]
[2019.01.03-12.56.58:798][  0]LogConfig: Setting CVar [[r.DOF.Gather.EnableBokehSettings:0       ; no bokeh simulation when gathering]]
[2019.01.03-12.56.58:798][  0]LogConfig: Setting CVar [[r.DOF.Gather.RingCount:4                 ; medium number of samples when gathering]]
[2019.01.03-12.56.58:798][  0]LogConfig: Setting CVar [[r.DOF.Scatter.ForegroundCompositing:1    ; additive foreground scattering]]
[2019.01.03-12.56.58:798][  0]LogConfig: Setting CVar [[r.DOF.Scatter.BackgroundCompositing:2    ; additive background scattering]]
[2019.01.03-12.56.58:798][  0]LogConfig: Setting CVar [[r.DOF.Scatter.EnableBokehSettings:1      ; bokeh simulation when scattering]]
[2019.01.03-12.56.58:798][  0]LogConfig: Setting CVar [[r.DOF.Scatter.MaxSpriteRatio:0.1         ; only a maximum of 10% of scattered bokeh]]
[2019.01.03-12.56.58:799][  0]LogConfig: Setting CVar [[r.DOF.Recombine.Quality:1                ; cheap slight out of focus]]
[2019.01.03-12.56.58:799][  0]LogConfig: Setting CVar [[r.DOF.Recombine.EnableBokehSettings:0    ; no bokeh simulation on slight out of focus]]
[2019.01.03-12.56.58:799][  0]LogConfig: Setting CVar [[r.DOF.TemporalAAQuality:1                ; more stable temporal accumulation]]
[2019.01.03-12.56.58:799][  0]LogConfig: Setting CVar [[r.DOF.Kernel.MaxForegroundRadius:0.025]]
[2019.01.03-12.56.58:799][  0]LogConfig: Setting CVar [[r.DOF.Kernel.MaxBackgroundRadius:0.025]]
[2019.01.03-12.56.58:799][  0]LogConfig: Applying CVar settings from Section [TextureQuality@3] File [D:/Repositories/HolidayProject_01/HolidayProject_01/Saved/Config/WindowsNoEditor/Scalability.ini]
[2019.01.03-12.56.58:799][  0]LogConfig: Setting CVar [[r.Streaming.MipBias:0]]
[2019.01.03-12.56.58:799][  0]LogConfig: Setting CVar [[r.Streaming.AmortizeCPUToGPUCopy:0]]
[2019.01.03-12.56.58:799][  0]LogConfig: Setting CVar [[r.Streaming.MaxNumTexturesToStreamPerFrame:0]]
[2019.01.03-12.56.58:799][  0]LogConfig: Setting CVar [[r.Streaming.Boost:1]]
[2019.01.03-12.56.58:799][  0]LogConfig: Setting CVar [[r.MaxAnisotropy:8]]
[2019.01.03-12.56.58:799][  0]LogConfig: Setting CVar [[r.Streaming.LimitPoolSizeToVRAM:0]]
[2019.01.03-12.56.58:799][  0]LogConfig: Setting CVar [[r.Streaming.PoolSize:1000]]
[2019.01.03-12.56.58:799][  0]LogConfig: Setting CVar [[r.Streaming.MaxEffectiveScreenSize:0]]
[2019.01.03-12.56.58:799][  0]LogConfig: Applying CVar settings from Section [EffectsQuality@3] File [D:/Repositories/HolidayProject_01/HolidayProject_01/Saved/Config/WindowsNoEditor/Scalability.ini]
[2019.01.03-12.56.58:799][  0]LogConfig: Setting CVar [[r.TranslucencyLightingVolumeDim:64]]
[2019.01.03-12.56.58:799][  0]LogConfig: Setting CVar [[r.RefractionQuality:2]]
[2019.01.03-12.56.58:799][  0]LogConfig: Setting CVar [[r.SSR.Quality:3]]
[2019.01.03-12.56.58:799][  0]LogConfig: Setting CVar [[r.SceneColorFormat:4]]
[2019.01.03-12.56.58:799][  0]LogConfig: Setting CVar [[r.DetailMode:2]]
[2019.01.03-12.56.58:799][  0]LogConfig: Setting CVar [[r.TranslucencyVolumeBlur:1]]
[2019.01.03-12.56.58:799][  0]LogConfig: Setting CVar [[r.MaterialQualityLevel:1 ; High quality]]
[2019.01.03-12.56.58:799][  0]LogConfig: Setting CVar [[r.SSS.Scale:1]]
[2019.01.03-12.56.58:799][  0]LogConfig: Setting CVar [[r.SSS.SampleSet:2]]
[2019.01.03-12.56.58:799][  0]LogConfig: Setting CVar [[r.SSS.Quality:1]]
[2019.01.03-12.56.58:799][  0]LogConfig: Setting CVar [[r.SSS.HalfRes:1]]
[2019.01.03-12.56.58:799][  0]LogConfig: Setting CVar [[r.EmitterSpawnRateScale:1.0]]
[2019.01.03-12.56.58:799][  0]LogConfig: Setting CVar [[r.ParticleLightQuality:2]]
[2019.01.03-12.56.58:799][  0]LogConfig: Applying CVar settings from Section [FoliageQuality@3] File [D:/Repositories/HolidayProject_01/HolidayProject_01/Saved/Config/WindowsNoEditor/Scalability.ini]
[2019.01.03-12.56.58:800][  0]LogConfig: Setting CVar [[foliage.DensityScale:1.0]]
[2019.01.03-12.56.58:800][  0]LogConfig: Setting CVar [[grass.DensityScale:1.0]]
[2019.01.03-12.56.58:811][  0]LogInit: Selected Device Profile: [WindowsNoEditor]
[2019.01.03-12.56.58:830][  0]LogInit: Applying CVar settings loaded from the selected device profile: [WindowsNoEditor]
[2019.01.03-12.56.58:859][  0]LogHAL: Display: Platform has ~ 16 GB [17016066048 / 17179869184 / 16], which maps to Larger [LargestMinGB=32, LargerMinGB=12, DefaultMinGB=8, SmallerMinGB=6, SmallestMinGB=0)
[2019.01.03-12.56.58:873][  0]LogInit: Going up to parent DeviceProfile [Windows]
[2019.01.03-12.56.58:873][  0]LogConfig: Setting CVar [[r.Vulkan.UseRealUBs:1]]
[2019.01.03-12.56.58:873][  0]LogInit: Going up to parent DeviceProfile []
[2019.01.03-12.56.58:874][  0]LogConfig: Applying CVar settings from Section [ViewDistanceQuality@3] File [D:/Repositories/HolidayProject_01/HolidayProject_01/Saved/Config/WindowsNoEditor/Scalability.ini]
[2019.01.03-12.56.58:874][  0]LogConfig: Setting CVar [[r.SkeletalMeshLODBias:0]]
[2019.01.03-12.56.58:874][  0]LogConfig: Setting CVar [[r.ViewDistanceScale:1.0]]
[2019.01.03-12.56.58:874][  0]LogConfig: Applying CVar settings from Section [AntiAliasingQuality@3] File [D:/Repositories/HolidayProject_01/HolidayProject_01/Saved/Config/WindowsNoEditor/Scalability.ini]
[2019.01.03-12.56.58:874][  0]LogConfig: Setting CVar [[r.PostProcessAAQuality:4]]
[2019.01.03-12.56.58:874][  0]LogConfig: Applying CVar settings from Section [ShadowQuality@3] File [D:/Repositories/HolidayProject_01/HolidayProject_01/Saved/Config/WindowsNoEditor/Scalability.ini]
[2019.01.03-12.56.58:874][  0]LogConfig: Setting CVar [[r.LightFunctionQuality:1]]
[2019.01.03-12.56.58:874][  0]LogConfig: Setting CVar [[r.ShadowQuality:5]]
[2019.01.03-12.56.58:874][  0]LogConfig: Setting CVar [[r.Shadow.CSM.MaxCascades:10]]
[2019.01.03-12.56.58:874][  0]LogConfig: Setting CVar [[r.Shadow.MaxResolution:2048]]
[2019.01.03-12.56.58:874][  0]LogConfig: Setting CVar [[r.Shadow.MaxCSMResolution:2048]]
[2019.01.03-12.56.58:874][  0]LogConfig: Setting CVar [[r.Shadow.RadiusThreshold:0.01]]
[2019.01.03-12.56.58:874][  0]LogConfig: Setting CVar [[r.Shadow.DistanceScale:1.0]]
[2019.01.03-12.56.58:875][  0]LogConfig: Setting CVar [[r.Shadow.CSM.TransitionScale:1.0]]
[2019.01.03-12.56.58:875][  0]LogConfig: Setting CVar [[r.Shadow.PreShadowResolutionFactor:1.0]]
[2019.01.03-12.56.58:875][  0]LogConfig: Setting CVar [[r.DistanceFieldShadowing:1]]
[2019.01.03-12.56.58:875][  0]LogConfig: Setting CVar [[r.DistanceFieldAO:1]]
[2019.01.03-12.56.58:875][  0]LogConfig: Setting CVar [[r.AOQuality:2]]
[2019.01.03-12.56.58:875][  0]LogConfig: Setting CVar [[r.VolumetricFog:1]]
[2019.01.03-12.56.58:875][  0]LogConfig: Setting CVar [[r.VolumetricFog.GridPixelSize:8]]
[2019.01.03-12.56.58:875][  0]LogConfig: Setting CVar [[r.VolumetricFog.GridSizeZ:128]]
[2019.01.03-12.56.58:875][  0]LogConfig: Setting CVar [[r.VolumetricFog.HistoryMissSupersampleCount:4]]
[2019.01.03-12.56.58:875][  0]LogConfig: Setting CVar [[r.LightMaxDrawDistanceScale:1]]
[2019.01.03-12.56.58:875][  0]LogConfig: Setting CVar [[r.CapsuleShadows:1]]
[2019.01.03-12.56.58:875][  0]LogConfig: Applying CVar settings from Section [PostProcessQuality@3] File [D:/Repositories/HolidayProject_01/HolidayProject_01/Saved/Config/WindowsNoEditor/Scalability.ini]
[2019.01.03-12.56.58:875][  0]LogConfig: Setting CVar [[r.MotionBlurQuality:4]]
[2019.01.03-12.56.58:875][  0]LogConfig: Setting CVar [[r.AmbientOcclusionMipLevelFactor:0.4]]
[2019.01.03-12.56.58:875][  0]LogConfig: Setting CVar [[r.AmbientOcclusionMaxQuality:100]]
[2019.01.03-12.56.58:875][  0]LogConfig: Setting CVar [[r.AmbientOcclusionLevels:-1]]
[2019.01.03-12.56.58:875][  0]LogConfig: Setting CVar [[r.AmbientOcclusionRadiusScale:1.0]]
[2019.01.03-12.56.58:875][  0]LogConfig: Setting CVar [[r.DepthOfFieldQuality:2]]
[2019.01.03-12.56.58:876][  0]LogConfig: Setting CVar [[r.RenderTargetPoolMin:400]]
[2019.01.03-12.56.58:876][  0]LogConfig: Setting CVar [[r.LensFlareQuality:2]]
[2019.01.03-12.56.58:876][  0]LogConfig: Setting CVar [[r.SceneColorFringeQuality:1]]
[2019.01.03-12.56.58:876][  0]LogConfig: Setting CVar [[r.EyeAdaptationQuality:2]]
[2019.01.03-12.56.58:876][  0]LogConfig: Setting CVar [[r.BloomQuality:5]]
[2019.01.03-12.56.58:876][  0]LogConfig: Setting CVar [[r.FastBlurThreshold:100]]
[2019.01.03-12.56.58:876][  0]LogConfig: Setting CVar [[r.Upscale.Quality:3]]
[2019.01.03-12.56.58:876][  0]LogConfig: Setting CVar [[r.Tonemapper.GrainQuantization:1]]
[2019.01.03-12.56.58:876][  0]LogConfig: Setting CVar [[r.LightShaftQuality:1]]
[2019.01.03-12.56.58:876][  0]LogConfig: Setting CVar [[r.Filter.SizeScale:1]]
[2019.01.03-12.56.58:876][  0]LogConfig: Setting CVar [[r.Tonemapper.Quality:5]]
[2019.01.03-12.56.58:876][  0]LogConfig: Setting CVar [[r.DOF.Gather.AccumulatorQuality:1        ; higher gathering accumulator quality]]
[2019.01.03-12.56.58:876][  0]LogConfig: Setting CVar [[r.DOF.Gather.PostfilterMethod:1          ; Median3x3 postfilering method]]
[2019.01.03-12.56.58:876][  0]LogConfig: Setting CVar [[r.DOF.Gather.EnableBokehSettings:0       ; no bokeh simulation when gathering]]
[2019.01.03-12.56.58:876][  0]LogConfig: Setting CVar [[r.DOF.Gather.RingCount:4                 ; medium number of samples when gathering]]
[2019.01.03-12.56.58:876][  0]LogConfig: Setting CVar [[r.DOF.Scatter.ForegroundCompositing:1    ; additive foreground scattering]]
[2019.01.03-12.56.58:876][  0]LogConfig: Setting CVar [[r.DOF.Scatter.BackgroundCompositing:2    ; additive background scattering]]
[2019.01.03-12.56.58:876][  0]LogConfig: Setting CVar [[r.DOF.Scatter.EnableBokehSettings:1      ; bokeh simulation when scattering]]
[2019.01.03-12.56.58:877][  0]LogConfig: Setting CVar [[r.DOF.Scatter.MaxSpriteRatio:0.1         ; only a maximum of 10% of scattered bokeh]]
[2019.01.03-12.56.58:877][  0]LogConfig: Setting CVar [[r.DOF.Recombine.Quality:1                ; cheap slight out of focus]]
[2019.01.03-12.56.58:877][  0]LogConfig: Setting CVar [[r.DOF.Recombine.EnableBokehSettings:0    ; no bokeh simulation on slight out of focus]]
[2019.01.03-12.56.58:877][  0]LogConfig: Setting CVar [[r.DOF.TemporalAAQuality:1                ; more stable temporal accumulation]]
[2019.01.03-12.56.58:877][  0]LogConfig: Setting CVar [[r.DOF.Kernel.MaxForegroundRadius:0.025]]
[2019.01.03-12.56.58:877][  0]LogConfig: Setting CVar [[r.DOF.Kernel.MaxBackgroundRadius:0.025]]
[2019.01.03-12.56.58:877][  0]LogConfig: Applying CVar settings from Section [TextureQuality@3] File [D:/Repositories/HolidayProject_01/HolidayProject_01/Saved/Config/WindowsNoEditor/Scalability.ini]
[2019.01.03-12.56.58:877][  0]LogConfig: Setting CVar [[r.Streaming.MipBias:0]]
[2019.01.03-12.56.58:877][  0]LogConfig: Setting CVar [[r.Streaming.AmortizeCPUToGPUCopy:0]]
[2019.01.03-12.56.58:877][  0]LogConfig: Setting CVar [[r.Streaming.MaxNumTexturesToStreamPerFrame:0]]
[2019.01.03-12.56.58:877][  0]LogConfig: Setting CVar [[r.Streaming.Boost:1]]
[2019.01.03-12.56.58:877][  0]LogConfig: Setting CVar [[r.MaxAnisotropy:8]]
[2019.01.03-12.56.58:877][  0]LogConfig: Setting CVar [[r.Streaming.LimitPoolSizeToVRAM:0]]
[2019.01.03-12.56.58:877][  0]LogConfig: Setting CVar [[r.Streaming.PoolSize:1000]]
[2019.01.03-12.56.58:877][  0]LogConfig: Setting CVar [[r.Streaming.MaxEffectiveScreenSize:0]]
[2019.01.03-12.56.58:877][  0]LogConfig: Applying CVar settings from Section [EffectsQuality@3] File [D:/Repositories/HolidayProject_01/HolidayProject_01/Saved/Config/WindowsNoEditor/Scalability.ini]
[2019.01.03-12.56.58:878][  0]LogConfig: Setting CVar [[r.TranslucencyLightingVolumeDim:64]]
[2019.01.03-12.56.58:878][  0]LogConfig: Setting CVar [[r.RefractionQuality:2]]
[2019.01.03-12.56.58:878][  0]LogConfig: Setting CVar [[r.SSR.Quality:3]]
[2019.01.03-12.56.58:878][  0]LogConfig: Setting CVar [[r.SceneColorFormat:4]]
[2019.01.03-12.56.58:878][  0]LogConfig: Setting CVar [[r.DetailMode:2]]
[2019.01.03-12.56.58:878][  0]LogConfig: Setting CVar [[r.TranslucencyVolumeBlur:1]]
[2019.01.03-12.56.58:878][  0]LogConfig: Setting CVar [[r.MaterialQualityLevel:1 ; High quality]]
[2019.01.03-12.56.58:878][  0]LogConfig: Setting CVar [[r.SSS.Scale:1]]
[2019.01.03-12.56.58:878][  0]LogConfig: Setting CVar [[r.SSS.SampleSet:2]]
[2019.01.03-12.56.58:878][  0]LogConfig: Setting CVar [[r.SSS.Quality:1]]
[2019.01.03-12.56.58:878][  0]LogConfig: Setting CVar [[r.SSS.HalfRes:1]]
[2019.01.03-12.56.58:878][  0]LogConfig: Setting CVar [[r.EmitterSpawnRateScale:1.0]]
[2019.01.03-12.56.58:878][  0]LogConfig: Setting CVar [[r.ParticleLightQuality:2]]
[2019.01.03-12.56.58:878][  0]LogConfig: Applying CVar settings from Section [FoliageQuality@3] File [D:/Repositories/HolidayProject_01/HolidayProject_01/Saved/Config/WindowsNoEditor/Scalability.ini]
[2019.01.03-12.56.58:878][  0]LogConfig: Setting CVar [[foliage.DensityScale:1.0]]
[2019.01.03-12.56.58:878][  0]LogConfig: Setting CVar [[grass.DensityScale:1.0]]
[2019.01.03-12.56.58:878][  0]LogConfig: Applying CVar settings from Section [Startup] File [../../../../../Unreal/UE_4.21/Engine/Config/ConsoleVariables.ini]
[2019.01.03-12.56.58:922][  0]LogConfig: Setting CVar [[net.UseAdaptiveNetUpdateFrequency:0]]
[2019.01.03-12.56.58:923][  0]LogConfig: Applying CVar settings from Section [ConsoleVariables] File [D:/Repositories/HolidayProject_01/HolidayProject_01/Saved/Config/WindowsNoEditor/Engine.ini]
[2019.01.03-12.56.59:003][  0]LogInit: Computer: DESKTOP-0IMCSMM
[2019.01.03-12.56.59:003][  0]LogInit: User: Shiyon
[2019.01.03-12.56.59:003][  0]LogInit: CPU Page size=4096, Cores=4
[2019.01.03-12.56.59:003][  0]LogInit: High frequency timer resolution =2.531252 MHz
[2019.01.03-12.56.59:003][  0]LogMemory: Memory total: Physical=15.8GB (16GB approx)
[2019.01.03-12.56.59:003][  0]LogMemory: Platform Memory Stats for WindowsNoEditor
[2019.01.03-12.56.59:003][  0]LogMemory: Process Physical Memory: 55.86 MB used, 55.86 MB peak
[2019.01.03-12.56.59:003][  0]LogMemory: Process Virtual Memory: 65.74 MB used, 65.74 MB peak
[2019.01.03-12.56.59:003][  0]LogMemory: Physical Memory: 5914.19 MB used,  10313.60 MB free, 16227.79 MB total
[2019.01.03-12.56.59:003][  0]LogMemory: Virtual Memory: 4439.20 MB used,  134213288.00 MB free, 134217728.00 MB total
[2019.01.03-12.56.59:798][  0]LogInit: Using OS detected language (en-US).
[2019.01.03-12.56.59:798][  0]LogInit: Using OS detected locale (en-US).
[2019.01.03-12.56.59:799][  0]LogTextLocalizationManager: No specific localization for 'en-US' exists, so the 'en' localization will be used.
[2019.01.03-12.56.59:895][  0]LogStreaming: Display: Took  0.098s to InitEngineTextLocalization.
[2019.01.03-12.57.00:853][  0]LogSlate: New Slate User Created.  User Index 0, Is Virtual User: 0
[2019.01.03-12.57.00:854][  0]LogSlate: Slate User Registered.  User Index 0, Is Virtual User: 0
[2019.01.03-12.57.00:913][  0]LogHMD: Failed to initialize OpenVR with code 110
[2019.01.03-12.57.00:913][  0]LogD3D11RHI: D3D11 adapters:
[2019.01.03-12.57.00:934][  0]LogD3D11RHI:    0. 'Intel(R) HD Graphics 530' (Feature Level 11_0)
[2019.01.03-12.57.00:934][  0]LogD3D11RHI:       128/0/8113 MB DedicatedVideo/DedicatedSystem/SharedSystem, Outputs:1, VendorId:0x8086
[2019.01.03-12.57.00:940][  0]LogD3D11RHI:    1. 'Microsoft Basic Render Driver' (Feature Level 11_0)
[2019.01.03-12.57.00:940][  0]LogD3D11RHI:       0/0/8113 MB DedicatedVideo/DedicatedSystem/SharedSystem, Outputs:0, VendorId:0x1414
[2019.01.03-12.57.00:940][  0]LogD3D11RHI: Chosen D3D11 Adapter: 0
[2019.01.03-12.57.00:980][  0]LogD3D11RHI: Creating new Direct3DDevice
[2019.01.03-12.57.00:984][  0]LogD3D11RHI:     GPU DeviceId: 0x191b (for the marketing name, search the web for "GPU Device Id")
[2019.01.03-12.57.00:985][  0]LogWindows: EnumDisplayDevices:
[2019.01.03-12.57.00:985][  0]LogWindows:    0. 'Intel(R) HD Graphics 530' (P:1 D:1)
[2019.01.03-12.57.00:986][  0]LogWindows:    1. 'Intel(R) HD Graphics 530' (P:0 D:0)
[2019.01.03-12.57.00:987][  0]LogWindows:    2. 'Intel(R) HD Graphics 530' (P:0 D:0)
[2019.01.03-12.57.00:988][  0]LogWindows: DebugString: FoundDriverCount:3 
[2019.01.03-12.57.00:988][  0]LogD3D11RHI:     Adapter Name: Intel(R) HD Graphics 530
[2019.01.03-12.57.00:988][  0]LogD3D11RHI:   Driver Version: 23.20.16.4973 (internal:23.20.16.4973, unified:23.20.16.4973)
[2019.01.03-12.57.00:988][  0]LogD3D11RHI:      Driver Date: 2-28-2018
[2019.01.03-12.57.00:988][  0]LogRHI: Texture pool is 1523 MB (70% of 2176 MB)
[2019.01.03-12.57.01:248][  0]LogD3D11RHI: [IntelMetricsDiscovery] Started
[2019.01.03-12.57.01:249][  0]LogD3D11RHI: Async texture creation enabled
[2019.01.03-12.57.01:439][  0]LogD3D11RHI: GPU Timing Frequency: 12.000048 (Debug: 2 0)
[2019.01.03-12.57.01:500][  0]LogShaderLibrary: Display: Failed to load Shared Shader Library: Global and no native library supported.
[2019.01.03-12.57.01:501][  0]LogShaderLibrary: Display: Failed to load Shared Shader Library: Global_SC and no native library supported.
[2019.01.03-12.57.01:501][  0]LogShaderLibrary: Display: Failed to load Shared Shader Library: Paper2D and no native library supported.
[2019.01.03-12.57.01:501][  0]LogShaderLibrary: Display: Failed to load Shared Shader Library: Paper2D_SC and no native library supported.
[2019.01.03-12.57.01:501][  0]LogShaderLibrary: Display: Failed to load Shared Shader Library: Paper2D and no native library supported.
[2019.01.03-12.57.01:501][  0]LogShaderLibrary: Display: Failed to load Shared Shader Library: Paper2D_SC and no native library supported.
[2019.01.03-12.57.01:501][  0]LogShaderLibrary: Display: Failed to load Shared Shader Library: CryptoKeys and no native library supported.
[2019.01.03-12.57.01:502][  0]LogShaderLibrary: Display: Failed to load Shared Shader Library: CryptoKeys_SC and no native library supported.
[2019.01.03-12.57.01:502][  0]LogShaderLibrary: Display: Failed to load Shared Shader Library: CryptoKeys and no native library supported.
[2019.01.03-12.57.01:502][  0]LogShaderLibrary: Display: Failed to load Shared Shader Library: CryptoKeys_SC and no native library supported.
[2019.01.03-12.57.01:502][  0]LogShaderLibrary: Display: Failed to load Shared Shader Library: MeshEditor and no native library supported.
[2019.01.03-12.57.01:502][  0]LogShaderLibrary: Display: Failed to load Shared Shader Library: MeshEditor_SC and no native library supported.
[2019.01.03-12.57.01:502][  0]LogShaderLibrary: Display: Failed to load Shared Shader Library: MeshEditor and no native library supported.
[2019.01.03-12.57.01:503][  0]LogShaderLibrary: Display: Failed to load Shared Shader Library: MeshEditor_SC and no native library supported.
[2019.01.03-12.57.01:503][  0]LogShaderLibrary: Display: Failed to load Shared Shader Library: DatasmithContent and no native library supported.
[2019.01.03-12.57.01:503][  0]LogShaderLibrary: Display: Failed to load Shared Shader Library: DatasmithContent_SC and no native library supported.
[2019.01.03-12.57.01:503][  0]LogShaderLibrary: Display: Failed to load Shared Shader Library: DatasmithContent and no native library supported.
[2019.01.03-12.57.01:503][  0]LogShaderLibrary: Display: Failed to load Shared Shader Library: DatasmithContent_SC and no native library supported.
[2019.01.03-12.57.01:503][  0]LogShaderLibrary: Display: Failed to load Shared Shader Library: VariantManagerContent and no native library supported.
[2019.01.03-12.57.01:504][  0]LogShaderLibrary: Display: Failed to load Shared Shader Library: VariantManagerContent_SC and no native library supported.
[2019.01.03-12.57.01:504][  0]LogShaderLibrary: Display: Failed to load Shared Shader Library: VariantManagerContent and no native library supported.
[2019.01.03-12.57.01:504][  0]LogShaderLibrary: Display: Failed to load Shared Shader Library: VariantManagerContent_SC and no native library supported.
[2019.01.03-12.57.01:504][  0]LogShaderLibrary: Display: Failed to load Shared Shader Library: MediaCompositing and no native library supported.
[2019.01.03-12.57.01:504][  0]LogShaderLibrary: Display: Failed to load Shared Shader Library: MediaCompositing_SC and no native library supported.
[2019.01.03-12.57.01:504][  0]LogShaderLibrary: Display: Failed to load Shared Shader Library: MediaCompositing and no native library supported.
[2019.01.03-12.57.01:505][  0]LogShaderLibrary: Display: Failed to load Shared Shader Library: MediaCompositing_SC and no native library supported.
[2019.01.03-12.57.01:505][  0]LogShaderLibrary: Display: Failed to load Shared Shader Library: OculusVR and no native library supported.
[2019.01.03-12.57.01:505][  0]LogShaderLibrary: Display: Failed to load Shared Shader Library: OculusVR_SC and no native library supported.
[2019.01.03-12.57.01:505][  0]LogShaderLibrary: Display: Failed to load Shared Shader Library: OculusVR and no native library supported.
[2019.01.03-12.57.01:505][  0]LogShaderLibrary: Display: Failed to load Shared Shader Library: OculusVR_SC and no native library supported.
[2019.01.03-12.57.01:505][  0]LogShaderLibrary: Display: Failed to load Shared Shader Library: SteamVR and no native library supported.
[2019.01.03-12.57.01:506][  0]LogShaderLibrary: Display: Failed to load Shared Shader Library: SteamVR_SC and no native library supported.
[2019.01.03-12.57.01:506][  0]LogShaderLibrary: Display: Failed to load Shared Shader Library: SteamVR and no native library supported.
[2019.01.03-12.57.01:506][  0]LogShaderLibrary: Display: Failed to load Shared Shader Library: SteamVR_SC and no native library supported.
[2019.01.03-12.57.01:517][  0]LogShaders: Error: The global shader cache file 'D:/Unreal/UE_4.21/Engine/GlobalShaderCache-PCD3D_SM5.bin' is missing.

Your application is built to load COOKED content. No COOKED content was found; This usually means you did not cook content for this build.
It also may indicate missing cooked data for a shader platform(e.g., OpenGL under Windows): Make sure your platform's packaging settings include this Targeted RHI.

Alternatively build and run the UNCOOKED version instead.
[2019.01.03-12.57.11:783][  0]LogWindowsTextInputMethodSystem: Display: IME system now deactivated.
[2019.01.03-12.57.11:785][  0]LogWindowsTextInputMethodSystem: Display: IME system now deactivated.
[2019.01.03-12.57.11:786][  0]LogWindows: FPlatformMisc::RequestExit(0)
[2019.01.03-12.57.11:898][  0]LogInit: Selected Device Profile: [WindowsNoEditor]
[2019.01.03-12.57.12:019][  0]LogSlate: Slate User Destroyed.  User Index 0, Is Virtual User: 0
[2019.01.03-12.57.12:019][  0]LogExit: Preparing to exit.
[2019.01.03-12.57.12:056][  0]LogUObjectArray: 1725 objects as part of root set at end of initial load.
[2019.01.03-12.57.12:056][  0]LogUObjectAllocator: 13648 out of 0 bytes used by permanent object pool.
[2019.01.03-12.57.12:056][  0]LogUObjectArray: CloseDisregardForGC: 1812/0 objects in disregard for GC pool
[2019.01.03-12.57.12:059][  0]LogExit: Object subsystem successfully closed.
[2019.01.03-12.57.12:167][  0]LogD3D11RHI: Shutdown
[2019.01.03-12.57.12:167][  0]LogD3D11RHI: CleanupD3DDevice
[2019.01.03-12.57.12:237][  0]LogD3D11RHI: [IntelMetricsDiscovery] Stopped
[2019.01.03-12.57.12:254][  0]LogD3D11RHI: ~FD3D11DynamicRHI
[2019.01.03-12.57.12:254][  0]LogModuleManager: Shutting down and abandoning module InputCore (54)
[2019.01.03-12.57.12:254][  0]LogModuleManager: Shutting down and abandoning module PhysXCooking (52)
[2019.01.03-12.57.12:254][  0]LogModuleManager: Shutting down and abandoning module SteamVR (50)
[2019.01.03-12.57.12:254][  0]LogHMD: Freeing OpenVRDLLHandle.
[2019.01.03-12.57.12:254][  0]LogModuleManager: Shutting down and abandoning module OculusHMD (48)
[2019.01.03-12.57.12:254][  0]LogModuleManager: Shutting down and abandoning module ExampleDeviceProfileSelector (46)
[2019.01.03-12.57.12:254][  0]LogModuleManager: Shutting down and abandoning module LauncherChunkInstaller (44)
[2019.01.03-12.57.12:254][  0]LogModuleManager: Shutting down and abandoning module OnlineSubsystem (40)
[2019.01.03-12.57.12:268][  0]LogModuleManager: Shutting down and abandoning module HTTP (35)
[2019.01.03-12.57.12:303][  0]LogModuleManager: Shutting down and abandoning module SSL (34)
[2019.01.03-12.57.12:305][  0]LogModuleManager: Shutting down and abandoning module DatasmithContent (30)
[2019.01.03-12.57.12:306][  0]LogModuleManager: Shutting down and abandoning module ShaderCore (28)
[2019.01.03-12.57.12:306][  0]LogModuleManager: Shutting down and abandoning module Landscape (26)
[2019.01.03-12.57.12:306][  0]LogModuleManager: Shutting down and abandoning module SlateRHIRenderer (24)
[2019.01.03-12.57.12:306][  0]LogModuleManager: Shutting down and abandoning module OpenGLDrv (22)
[2019.01.03-12.57.12:306][  0]LogModuleManager: Shutting down and abandoning module D3D11RHI (20)
[2019.01.03-12.57.12:306][  0]LogModuleManager: Shutting down and abandoning module AnimGraphRuntime (18)
[2019.01.03-12.57.12:306][  0]LogModuleManager: Shutting down and abandoning module Renderer (16)
[2019.01.03-12.57.12:319][  0]LogModuleManager: Shutting down and abandoning module Engine (14)
[2019.01.03-12.57.12:319][  0]LogModuleManager: Shutting down and abandoning module CoreUObject (12)
[2019.01.03-12.57.12:319][  0]LogModuleManager: Shutting down and abandoning module NetworkFile (10)
[2019.01.03-12.57.12:319][  0]LogModuleManager: Shutting down and abandoning module CookedIterativeFile (8)
[2019.01.03-12.57.12:319][  0]LogModuleManager: Shutting down and abandoning module StreamingFile (6)
[2019.01.03-12.57.12:319][  0]LogModuleManager: Shutting down and abandoning module SandboxFile (4)
[2019.01.03-12.57.12:319][  0]LogModuleManager: Shutting down and abandoning module PakFile (2)
[2019.01.03-12.57.12:332][  0]LogExit: Exiting.
[2019.01.03-12.57.12:334][  0]Log file closed, 01/03/19 21:57:12
