Log file open, 01/03/19 15:31:03
LogWindows: Failed to load 'aqProf.dll' (GetLastError=126)
LogWindows: File 'aqProf.dll' does not exist
LogWindows: Failed to load 'VtuneApi.dll' (GetLastError=126)
LogWindows: File 'VtuneApi.dll' does not exist
LogWindows: Failed to load 'VtuneApi32e.dll' (GetLastError=126)
LogWindows: File 'VtuneApi32e.dll' does not exist
LogConsoleResponse: Display: Failed to find resolution value strings in scalability ini. Falling back to default.
LogInit: Display: Running engine for game: HolidayProject_01
LogPakFile: Registered encryption key '00000000000000000000000000000000': 0 pak files mounted, 0 remain pending
LogPlatformFile: Not using cached read wrapper
LogTaskGraph: Started task graph with 5 named threads and 23 total threads with 3 sets of task threads.
LogStats: Stats thread started at 0.321044
LogD3D11RHI: Loaded GFSDK_Aftermath_Lib.x64.dll
LogICUInternationalization: ICU TimeZone Detection - Raw Offset: +9:00, Platform Override: ''
LogPluginManager: Mounting plugin Paper2D
LogPluginManager: Mounting plugin AISupport
LogPluginManager: Mounting plugin LightPropagationVolume
LogPluginManager: Mounting plugin ActorLayerUtilities
LogPluginManager: Mounting plugin CLionSourceCodeAccess
LogPluginManager: Mounting plugin CodeLiteSourceCodeAccess
LogPluginManager: Mounting plugin GitSourceControl
LogPluginManager: Mounting plugin KDevelopSourceCodeAccess
LogPluginManager: Mounting plugin NullSourceCodeAccess
LogPluginManager: Mounting plugin PerforceSourceControl
LogPluginManager: Mounting plugin SubversionSourceControl
LogPluginManager: Mounting plugin UObjectPlugin
LogPluginManager: Mounting plugin VisualStudioCodeSourceCodeAccess
LogPluginManager: Mounting plugin VisualStudioSourceCodeAccess
LogPluginManager: Mounting plugin XCodeSourceCodeAccess
LogPluginManager: Mounting plugin AssetManagerEditor
LogPluginManager: Mounting plugin CryptoKeys
LogPluginManager: Mounting plugin DataValidation
LogPluginManager: Mounting plugin FacialAnimation
LogPluginManager: Mounting plugin GameplayTagsEditor
LogPluginManager: Mounting plugin MacGraphicsSwitching
LogPluginManager: Mounting plugin MeshEditor
LogPluginManager: Mounting plugin MobileLauncherProfileWizard
LogPluginManager: Mounting plugin PluginBrowser
LogPluginManager: Mounting plugin SpeedTreeImporter
LogPluginManager: Mounting plugin DatasmithContent
LogPluginManager: Mounting plugin VariantManagerContent
LogPluginManager: Mounting plugin AlembicImporter
LogPluginManager: Mounting plugin AppleImageUtils
LogPluginManager: Mounting plugin AppleVision
LogPluginManager: Mounting plugin BackChannel
LogPluginManager: Mounting plugin CharacterAI
LogPluginManager: Mounting plugin GeometryCache
LogPluginManager: Mounting plugin HTML5Networking
LogPluginManager: Mounting plugin ProxyLODPlugin
LogPluginManager: Mounting plugin MagicLeap
LogPluginManager: Mounting plugin MagicLeapMedia
LogPluginManager: Mounting plugin AndroidMedia
LogPluginManager: Mounting plugin AvfMedia
LogPluginManager: Mounting plugin ImgMedia
LogPluginManager: Mounting plugin LinearTimecode
LogPluginManager: Mounting plugin MediaCompositing
LogPluginManager: Mounting plugin MediaPlayerEditor
LogPluginManager: Mounting plugin WebMMedia
LogPluginManager: Mounting plugin WmfMedia
LogPluginManager: Mounting plugin TcpMessaging
LogPluginManager: Mounting plugin UdpMessaging
LogPluginManager: Mounting plugin ActorSequence
LogPluginManager: Mounting plugin LevelSequenceEditor
LogPluginManager: Mounting plugin MatineeToLevelSequence
LogPluginManager: Mounting plugin NetcodeUnitTest
LogPluginManager: Mounting plugin NUTUnrealEngine4
LogPluginManager: Mounting plugin OnlineSubsystemGooglePlay
LogPluginManager: Mounting plugin OnlineSubsystemIOS
LogPluginManager: Mounting plugin OnlineSubsystem
LogPluginManager: Mounting plugin OnlineSubsystemNull
LogPluginManager: Mounting plugin OnlineSubsystemUtils
LogPluginManager: Mounting plugin LauncherChunkInstaller
LogPluginManager: Mounting plugin AndroidDeviceProfileSelector
LogPluginManager: Mounting plugin AndroidMoviePlayer
LogPluginManager: Mounting plugin AndroidPermission
LogPluginManager: Mounting plugin AppleMoviePlayer
LogPluginManager: Mounting plugin ArchVisCharacter
LogPluginManager: Mounting plugin AudioCapture
LogPluginManager: Mounting plugin CableComponent
LogPluginManager: Mounting plugin CustomMeshComponent
LogPluginManager: Mounting plugin EditableMesh
LogPluginManager: Mounting plugin ExampleDeviceProfileSelector
LogPluginManager: Mounting plugin Firebase
LogPluginManager: Mounting plugin GoogleCloudMessaging
LogPluginManager: Mounting plugin IOSDeviceProfileSelector
LogPluginManager: Mounting plugin LinuxDeviceProfileSelector
LogPluginManager: Mounting plugin LocationServicesBPLibrary
LogPluginManager: Mounting plugin MobilePatchingUtils
LogPluginManager: Mounting plugin OculusVR
LogPluginManager: Mounting plugin PhysXVehicles
LogPluginManager: Mounting plugin ProceduralMeshComponent
LogPluginManager: Mounting plugin RuntimePhysXCooking
LogPluginManager: Mounting plugin SteamVR
LogPluginManager: Mounting plugin WebMMoviePlayer
LogPluginManager: Mounting plugin WindowsMoviePlayer
LogStreaming: Display: Took  0.097s to configure plugins.
LogInit: Using libcurl 7.55.1-DEV
LogInit:  - built for x86_64-pc-win32
LogInit:  - supports SSL with OpenSSL/1.0.2h
LogInit:  - supports HTTP deflate (compression) using libz 1.2.8
LogInit:  - other features:
LogInit:      CURL_VERSION_SSL
LogInit:      CURL_VERSION_LIBZ
LogInit:      CURL_VERSION_IPV6
LogInit:      CURL_VERSION_ASYNCHDNS
LogInit:      CURL_VERSION_LARGEFILE
LogInit:      CURL_VERSION_IDN
LogInit:  CurlRequestOptions (configurable via config and command line):
LogInit:  - bVerifyPeer = true  - Libcurl will verify peer certificate
LogInit:  - bUseHttpProxy = false  - Libcurl will NOT use HTTP proxy
LogInit:  - bDontReuseConnections = false  - Libcurl will reuse connections
LogInit:  - MaxHostConnections = 16  - Libcurl will limit the number of connections to a host
LogInit:  - LocalHostAddr = Default
LogInit:  - BufferSize = 65536
LogInit: WinSock: version 1.1 (2.2), MaxSocks=32767, MaxUdp=65467
LogInit: Build: ++UE4+Release-4.21-CL-4613538
LogInit: Engine Version: 4.21.1-4613538+++UE4+Release-4.21
LogInit: Compatible Engine Version: 4.21.0-4541578+++UE4+Release-4.21
LogInit: Net CL: 4541578
LogInit: OS: Windows 10 (), CPU: Intel(R) Core(TM) i7-6700HQ CPU @ 2.60GHz, GPU: Intel(R) HD Graphics 530
LogInit: Compiled (64-bit): Nov 30 2018 04:13:25
LogInit: Compiled with Visual C++: 19.13.26129.00
LogInit: Build Configuration: Development
LogInit: Branch Name: ++UE4+Release-4.21
LogInit: Command Line: 
LogInit: Base Directory: D:/Unreal/UE_4.21/Engine/Binaries/Win64/
LogInit: Installed Engine Build: 1
LogDevObjectVersion: Number of dev versions registered: 22
LogDevObjectVersion:   Dev-Blueprints (B0D832E4-1F89-4F0D-ACCF-7EB736FD4AA2): 10
LogDevObjectVersion:   Dev-Build (E1C64328-A22C-4D53-A36C-8E866417BD8C): 0
LogDevObjectVersion:   Dev-Core (375EC13C-06E4-48FB-B500-84F0262A717E): 2
LogDevObjectVersion:   Dev-Editor (E4B068ED-F494-42E9-A231-DA0B2E46BB41): 26
LogDevObjectVersion:   Dev-Framework (CFFC743F-43B0-4480-9391-14DF171D2073): 34
LogDevObjectVersion:   Dev-Mobile (B02B49B5-BB20-44E9-A304-32B752E40360): 2
LogDevObjectVersion:   Dev-Networking (A4E4105C-59A1-49B5-A7C5-40C4547EDFEE): 0
LogDevObjectVersion:   Dev-Online (39C831C9-5AE6-47DC-9A44-9C173E1C8E7C): 0
LogDevObjectVersion:   Dev-Physics (78F01B33-EBEA-4F98-B9B4-84EACCB95AA2): 0
LogDevObjectVersion:   Dev-Platform (6631380F-2D4D-43E0-8009-CF276956A95A): 0
LogDevObjectVersion:   Dev-Rendering (12F88B9F-8875-4AFC-A67C-D90C383ABD29): 27
LogDevObjectVersion:   Dev-Sequencer (7B5AE74C-D270-4C10-A958-57980B212A5A): 9
LogDevObjectVersion:   Dev-VR (D7296918-1DD6-4BDD-9DE2-64A83CC13884): 2
LogDevObjectVersion:   Dev-LoadTimes (C2A15278-BFE7-4AFE-6C17-90FF531DF755): 1
LogDevObjectVersion:   Private-Geometry (6EACA3D4-40EC-4CC1-B786-8BED09428FC5): 3
LogDevObjectVersion:   Dev-AnimPhys (29E575DD-E0A3-4627-9D10-D276232CDCEA): 17
LogDevObjectVersion:   Dev-Anim (AF43A65D-7FD3-4947-9873-3E8ED9C1BB05): 2
LogDevObjectVersion:   Dev-ReflectionCapture (6B266CEC-1EC7-4B8F-A30B-E4D90942FC07): 1
LogDevObjectVersion:   Dev-Automation (0DF73D61-A23F-47EA-B727-89E90C41499A): 1
LogDevObjectVersion:   FortniteMain (601D1886-AC64-4F84-AA16-D3DE0DEAC7D6): 17
LogDevObjectVersion:   Dev-Enterprise (9DFFBCD6-494F-0158-E221-12823C92A888): 4
LogDevObjectVersion:   Dev-Niagara (F2AED0AC-9AFE-416F-8664-AA7FFA26D6FC): 1
LogStreaming: Display: Took  0.001s to delete old logs.
LogInit: Presizing for max 8388607 objects, including 0 objects not considered by GC, pre-allocating 0 bytes for permanent pool.
LogInit: Object subsystem initialized
LogConfig: Setting CVar [[con.DebugEarlyDefault:1]]
LogConfig: Setting CVar [[r.setres:1280x720]]
[2019.01.03-06.31.04:196][  0]LogConfig: Setting CVar [[r.VSync:0]]
[2019.01.03-06.31.04:196][  0]LogConfig: Setting CVar [[r.RHICmdBypass:0]]
[2019.01.03-06.31.04:196][  0]LogConfig: Applying CVar settings from Section [/Script/Engine.RendererSettings] File [D:/Repositories/HolidayProject_01/HolidayProject_01/Saved/Config/Windows/Engine.ini]
[2019.01.03-06.31.04:196][  0]LogConfig: Setting CVar [[r.GPUCrashDebugging:0]]
[2019.01.03-06.31.04:196][  0]LogConfig: Applying CVar settings from Section [/Script/Engine.RendererOverrideSettings] File [D:/Repositories/HolidayProject_01/HolidayProject_01/Saved/Config/Windows/Engine.ini]
[2019.01.03-06.31.04:196][  0]LogConfig: Applying CVar settings from Section [/Script/Engine.StreamingSettings] File [D:/Repositories/HolidayProject_01/HolidayProject_01/Saved/Config/Windows/Engine.ini]
[2019.01.03-06.31.04:196][  0]LogConfig: Setting CVar [[s.MinBulkDataSizeForAsyncLoading:131072]]
[2019.01.03-06.31.04:196][  0]LogConfig: Setting CVar [[s.AsyncLoadingThreadEnabled:0]]
[2019.01.03-06.31.04:196][  0]LogConfig: Setting CVar [[s.EventDrivenLoaderEnabled:1]]
[2019.01.03-06.31.04:196][  0]LogConfig: Setting CVar [[s.WarnIfTimeLimitExceeded:0]]
[2019.01.03-06.31.04:196][  0]LogConfig: Setting CVar [[s.TimeLimitExceededMultiplier:1.5]]
[2019.01.03-06.31.04:196][  0]LogConfig: Setting CVar [[s.TimeLimitExceededMinTime:0.005]]
[2019.01.03-06.31.04:196][  0]LogConfig: Setting CVar [[s.UseBackgroundLevelStreaming:1]]
[2019.01.03-06.31.04:196][  0]LogConfig: Setting CVar [[s.PriorityAsyncLoadingExtraTime:15.0]]
[2019.01.03-06.31.04:196][  0]LogConfig: Setting CVar [[s.LevelStreamingActorsUpdateTimeLimit:5.0]]
[2019.01.03-06.31.04:196][  0]LogConfig: Setting CVar [[s.PriorityLevelStreamingActorsUpdateExtraTime:5.0]]
[2019.01.03-06.31.04:197][  0]LogConfig: Setting CVar [[s.LevelStreamingComponentsRegistrationGranularity:10]]
[2019.01.03-06.31.04:197][  0]LogConfig: Setting CVar [[s.UnregisterComponentsTimeLimit:1.0]]
[2019.01.03-06.31.04:197][  0]LogConfig: Setting CVar [[s.LevelStreamingComponentsUnregistrationGranularity:5]]
[2019.01.03-06.31.04:197][  0]LogConfig: Applying CVar settings from Section [/Script/Engine.GarbageCollectionSettings] File [D:/Repositories/HolidayProject_01/HolidayProject_01/Saved/Config/Windows/Engine.ini]
[2019.01.03-06.31.04:197][  0]LogConfig: Setting CVar [[gc.MaxObjectsNotConsideredByGC:1]]
[2019.01.03-06.31.04:197][  0]LogConfig: Setting CVar [[gc.SizeOfPermanentObjectPool:0]]
[2019.01.03-06.31.04:197][  0]LogConfig: Setting CVar [[gc.FlushStreamingOnGC:0]]
[2019.01.03-06.31.04:197][  0]LogConfig: Setting CVar [[gc.NumRetriesBeforeForcingGC:10]]
[2019.01.03-06.31.04:197][  0]LogConfig: Setting CVar [[gc.AllowParallelGC:1]]
[2019.01.03-06.31.04:197][  0]LogConfig: Setting CVar [[gc.TimeBetweenPurgingPendingKillObjects:61.1]]
[2019.01.03-06.31.04:197][  0]LogConfig: Setting CVar [[gc.MaxObjectsInEditor:8388607]]
[2019.01.03-06.31.04:197][  0]LogConfig: Setting CVar [[gc.IncrementalBeginDestroyEnabled:1]]
[2019.01.03-06.31.04:197][  0]LogConfig: Setting CVar [[gc.CreateGCClusters:1]]
[2019.01.03-06.31.04:197][  0]LogConfig: Setting CVar [[gc.MergeGCClusters:0]]
[2019.01.03-06.31.04:197][  0]LogConfig: Setting CVar [[gc.MinGCClusterSize:5]]
[2019.01.03-06.31.04:197][  0]LogConfig: Setting CVar [[gc.ActorClusteringEnabled:0]]
[2019.01.03-06.31.04:197][  0]LogConfig: Setting CVar [[gc.BlueprintClusteringEnabled:0]]
[2019.01.03-06.31.04:197][  0]LogConfig: Setting CVar [[gc.UseDisregardForGCOnDedicatedServers:0]]
[2019.01.03-06.31.04:197][  0]LogConfig: Applying CVar settings from Section [/Script/Engine.NetworkSettings] File [D:/Repositories/HolidayProject_01/HolidayProject_01/Saved/Config/Windows/Engine.ini]
[2019.01.03-06.31.04:197][  0]LogConfig: Applying CVar settings from Section [/Script/UnrealEd.CookerSettings] File [D:/Repositories/HolidayProject_01/HolidayProject_01/Saved/Config/Windows/Engine.ini]
[2019.01.03-06.31.04:199][  0]LogConfig: Applying CVar settings from Section [ViewDistanceQuality@3] File [D:/Repositories/HolidayProject_01/HolidayProject_01/Saved/Config/Windows/Scalability.ini]
[2019.01.03-06.31.04:199][  0]LogConfig: Setting CVar [[r.SkeletalMeshLODBias:0]]
[2019.01.03-06.31.04:199][  0]LogConfig: Setting CVar [[r.ViewDistanceScale:1.0]]
[2019.01.03-06.31.04:199][  0]LogConfig: Applying CVar settings from Section [AntiAliasingQuality@3] File [D:/Repositories/HolidayProject_01/HolidayProject_01/Saved/Config/Windows/Scalability.ini]
[2019.01.03-06.31.04:199][  0]LogConfig: Setting CVar [[r.PostProcessAAQuality:4]]
[2019.01.03-06.31.04:199][  0]LogConfig: Applying CVar settings from Section [ShadowQuality@3] File [D:/Repositories/HolidayProject_01/HolidayProject_01/Saved/Config/Windows/Scalability.ini]
[2019.01.03-06.31.04:199][  0]LogConfig: Setting CVar [[r.LightFunctionQuality:1]]
[2019.01.03-06.31.04:199][  0]LogConfig: Setting CVar [[r.ShadowQuality:5]]
[2019.01.03-06.31.04:199][  0]LogConfig: Setting CVar [[r.Shadow.CSM.MaxCascades:10]]
[2019.01.03-06.31.04:199][  0]LogConfig: Setting CVar [[r.Shadow.MaxResolution:2048]]
[2019.01.03-06.31.04:199][  0]LogConfig: Setting CVar [[r.Shadow.MaxCSMResolution:2048]]
[2019.01.03-06.31.04:199][  0]LogConfig: Setting CVar [[r.Shadow.RadiusThreshold:0.01]]
[2019.01.03-06.31.04:199][  0]LogConfig: Setting CVar [[r.Shadow.DistanceScale:1.0]]
[2019.01.03-06.31.04:199][  0]LogConfig: Setting CVar [[r.Shadow.CSM.TransitionScale:1.0]]
[2019.01.03-06.31.04:199][  0]LogConfig: Setting CVar [[r.Shadow.PreShadowResolutionFactor:1.0]]
[2019.01.03-06.31.04:199][  0]LogConfig: Setting CVar [[r.DistanceFieldShadowing:1]]
[2019.01.03-06.31.04:199][  0]LogConfig: Setting CVar [[r.DistanceFieldAO:1]]
[2019.01.03-06.31.04:199][  0]LogConfig: Setting CVar [[r.AOQuality:2]]
[2019.01.03-06.31.04:199][  0]LogConfig: Setting CVar [[r.VolumetricFog:1]]
[2019.01.03-06.31.04:199][  0]LogConfig: Setting CVar [[r.VolumetricFog.GridPixelSize:8]]
[2019.01.03-06.31.04:200][  0]LogConfig: Setting CVar [[r.VolumetricFog.GridSizeZ:128]]
[2019.01.03-06.31.04:200][  0]LogConfig: Setting CVar [[r.VolumetricFog.HistoryMissSupersampleCount:4]]
[2019.01.03-06.31.04:200][  0]LogConfig: Setting CVar [[r.LightMaxDrawDistanceScale:1]]
[2019.01.03-06.31.04:200][  0]LogConfig: Setting CVar [[r.CapsuleShadows:1]]
[2019.01.03-06.31.04:200][  0]LogConfig: Applying CVar settings from Section [PostProcessQuality@3] File [D:/Repositories/HolidayProject_01/HolidayProject_01/Saved/Config/Windows/Scalability.ini]
[2019.01.03-06.31.04:200][  0]LogConfig: Setting CVar [[r.MotionBlurQuality:4]]
[2019.01.03-06.31.04:200][  0]LogConfig: Setting CVar [[r.AmbientOcclusionMipLevelFactor:0.4]]
[2019.01.03-06.31.04:200][  0]LogConfig: Setting CVar [[r.AmbientOcclusionMaxQuality:100]]
[2019.01.03-06.31.04:200][  0]LogConfig: Setting CVar [[r.AmbientOcclusionLevels:-1]]
[2019.01.03-06.31.04:200][  0]LogConfig: Setting CVar [[r.AmbientOcclusionRadiusScale:1.0]]
[2019.01.03-06.31.04:200][  0]LogConfig: Setting CVar [[r.DepthOfFieldQuality:2]]
[2019.01.03-06.31.04:200][  0]LogConfig: Setting CVar [[r.RenderTargetPoolMin:400]]
[2019.01.03-06.31.04:200][  0]LogConfig: Setting CVar [[r.LensFlareQuality:2]]
[2019.01.03-06.31.04:200][  0]LogConfig: Setting CVar [[r.SceneColorFringeQuality:1]]
[2019.01.03-06.31.04:200][  0]LogConfig: Setting CVar [[r.EyeAdaptationQuality:2]]
[2019.01.03-06.31.04:200][  0]LogConfig: Setting CVar [[r.BloomQuality:5]]
[2019.01.03-06.31.04:200][  0]LogConfig: Setting CVar [[r.FastBlurThreshold:100]]
[2019.01.03-06.31.04:200][  0]LogConfig: Setting CVar [[r.Upscale.Quality:3]]
[2019.01.03-06.31.04:200][  0]LogConfig: Setting CVar [[r.Tonemapper.GrainQuantization:1]]
[2019.01.03-06.31.04:200][  0]LogConfig: Setting CVar [[r.LightShaftQuality:1]]
[2019.01.03-06.31.04:200][  0]LogConfig: Setting CVar [[r.Filter.SizeScale:1]]
[2019.01.03-06.31.04:200][  0]LogConfig: Setting CVar [[r.Tonemapper.Quality:5]]
[2019.01.03-06.31.04:200][  0]LogConfig: Setting CVar [[r.DOF.Gather.AccumulatorQuality:1        ; higher gathering accumulator quality]]
[2019.01.03-06.31.04:200][  0]LogConfig: Setting CVar [[r.DOF.Gather.PostfilterMethod:1          ; Median3x3 postfilering method]]
[2019.01.03-06.31.04:200][  0]LogConfig: Setting CVar [[r.DOF.Gather.EnableBokehSettings:0       ; no bokeh simulation when gathering]]
[2019.01.03-06.31.04:200][  0]LogConfig: Setting CVar [[r.DOF.Gather.RingCount:4                 ; medium number of samples when gathering]]
[2019.01.03-06.31.04:200][  0]LogConfig: Setting CVar [[r.DOF.Scatter.ForegroundCompositing:1    ; additive foreground scattering]]
[2019.01.03-06.31.04:200][  0]LogConfig: Setting CVar [[r.DOF.Scatter.BackgroundCompositing:2    ; additive background scattering]]
[2019.01.03-06.31.04:200][  0]LogConfig: Setting CVar [[r.DOF.Scatter.EnableBokehSettings:1      ; bokeh simulation when scattering]]
[2019.01.03-06.31.04:200][  0]LogConfig: Setting CVar [[r.DOF.Scatter.MaxSpriteRatio:0.1         ; only a maximum of 10% of scattered bokeh]]
[2019.01.03-06.31.04:200][  0]LogConfig: Setting CVar [[r.DOF.Recombine.Quality:1                ; cheap slight out of focus]]
[2019.01.03-06.31.04:200][  0]LogConfig: Setting CVar [[r.DOF.Recombine.EnableBokehSettings:0    ; no bokeh simulation on slight out of focus]]
[2019.01.03-06.31.04:200][  0]LogConfig: Setting CVar [[r.DOF.TemporalAAQuality:1                ; more stable temporal accumulation]]
[2019.01.03-06.31.04:200][  0]LogConfig: Setting CVar [[r.DOF.Kernel.MaxForegroundRadius:0.025]]
[2019.01.03-06.31.04:200][  0]LogConfig: Setting CVar [[r.DOF.Kernel.MaxBackgroundRadius:0.025]]
[2019.01.03-06.31.04:200][  0]LogConfig: Applying CVar settings from Section [TextureQuality@3] File [D:/Repositories/HolidayProject_01/HolidayProject_01/Saved/Config/Windows/Scalability.ini]
[2019.01.03-06.31.04:200][  0]LogConfig: Setting CVar [[r.Streaming.MipBias:0]]
[2019.01.03-06.31.04:200][  0]LogConfig: Setting CVar [[r.Streaming.AmortizeCPUToGPUCopy:0]]
[2019.01.03-06.31.04:200][  0]LogConfig: Setting CVar [[r.Streaming.MaxNumTexturesToStreamPerFrame:0]]
[2019.01.03-06.31.04:200][  0]LogConfig: Setting CVar [[r.Streaming.Boost:1]]
[2019.01.03-06.31.04:200][  0]LogConfig: Setting CVar [[r.MaxAnisotropy:8]]
[2019.01.03-06.31.04:200][  0]LogConfig: Setting CVar [[r.Streaming.LimitPoolSizeToVRAM:0]]
[2019.01.03-06.31.04:200][  0]LogConfig: Setting CVar [[r.Streaming.PoolSize:1000]]
[2019.01.03-06.31.04:200][  0]LogConfig: Setting CVar [[r.Streaming.MaxEffectiveScreenSize:0]]
[2019.01.03-06.31.04:200][  0]LogConfig: Applying CVar settings from Section [EffectsQuality@3] File [D:/Repositories/HolidayProject_01/HolidayProject_01/Saved/Config/Windows/Scalability.ini]
[2019.01.03-06.31.04:200][  0]LogConfig: Setting CVar [[r.TranslucencyLightingVolumeDim:64]]
[2019.01.03-06.31.04:200][  0]LogConfig: Setting CVar [[r.RefractionQuality:2]]
[2019.01.03-06.31.04:200][  0]LogConfig: Setting CVar [[r.SSR.Quality:3]]
[2019.01.03-06.31.04:200][  0]LogConfig: Setting CVar [[r.SceneColorFormat:4]]
[2019.01.03-06.31.04:200][  0]LogConfig: Setting CVar [[r.DetailMode:2]]
[2019.01.03-06.31.04:200][  0]LogConfig: Setting CVar [[r.TranslucencyVolumeBlur:1]]
[2019.01.03-06.31.04:200][  0]LogConfig: Setting CVar [[r.MaterialQualityLevel:1 ; High quality]]
[2019.01.03-06.31.04:200][  0]LogConfig: Setting CVar [[r.SSS.Scale:1]]
[2019.01.03-06.31.04:200][  0]LogConfig: Setting CVar [[r.SSS.SampleSet:2]]
[2019.01.03-06.31.04:200][  0]LogConfig: Setting CVar [[r.SSS.Quality:1]]
[2019.01.03-06.31.04:200][  0]LogConfig: Setting CVar [[r.SSS.HalfRes:1]]
[2019.01.03-06.31.04:200][  0]LogConfig: Setting CVar [[r.EmitterSpawnRateScale:1.0]]
[2019.01.03-06.31.04:200][  0]LogConfig: Setting CVar [[r.ParticleLightQuality:2]]
[2019.01.03-06.31.04:200][  0]LogConfig: Applying CVar settings from Section [FoliageQuality@3] File [D:/Repositories/HolidayProject_01/HolidayProject_01/Saved/Config/Windows/Scalability.ini]
[2019.01.03-06.31.04:200][  0]LogConfig: Setting CVar [[foliage.DensityScale:1.0]]
[2019.01.03-06.31.04:200][  0]LogConfig: Setting CVar [[grass.DensityScale:1.0]]
[2019.01.03-06.31.04:200][  0]LogInit: Selected Device Profile: [Windows]
[2019.01.03-06.31.04:200][  0]LogInit: Applying CVar settings loaded from the selected device profile: [Windows]
[2019.01.03-06.31.04:215][  0]LogHAL: Display: Platform has ~ 16 GB [17016066048 / 17179869184 / 16], which maps to Larger [LargestMinGB=32, LargerMinGB=12, DefaultMinGB=8, SmallerMinGB=6, SmallestMinGB=0)
[2019.01.03-06.31.04:215][  0]LogConfig: Setting CVar [[r.Vulkan.UseRealUBs:1]]
[2019.01.03-06.31.04:215][  0]LogInit: Going up to parent DeviceProfile []
[2019.01.03-06.31.04:215][  0]LogConfig: Applying CVar settings from Section [ViewDistanceQuality@3] File [D:/Repositories/HolidayProject_01/HolidayProject_01/Saved/Config/Windows/Scalability.ini]
[2019.01.03-06.31.04:215][  0]LogConfig: Setting CVar [[r.SkeletalMeshLODBias:0]]
[2019.01.03-06.31.04:216][  0]LogConfig: Setting CVar [[r.ViewDistanceScale:1.0]]
[2019.01.03-06.31.04:216][  0]LogConfig: Applying CVar settings from Section [AntiAliasingQuality@3] File [D:/Repositories/HolidayProject_01/HolidayProject_01/Saved/Config/Windows/Scalability.ini]
[2019.01.03-06.31.04:216][  0]LogConfig: Setting CVar [[r.PostProcessAAQuality:4]]
[2019.01.03-06.31.04:216][  0]LogConfig: Applying CVar settings from Section [ShadowQuality@3] File [D:/Repositories/HolidayProject_01/HolidayProject_01/Saved/Config/Windows/Scalability.ini]
[2019.01.03-06.31.04:216][  0]LogConfig: Setting CVar [[r.LightFunctionQuality:1]]
[2019.01.03-06.31.04:216][  0]LogConfig: Setting CVar [[r.ShadowQuality:5]]
[2019.01.03-06.31.04:216][  0]LogConfig: Setting CVar [[r.Shadow.CSM.MaxCascades:10]]
[2019.01.03-06.31.04:216][  0]LogConfig: Setting CVar [[r.Shadow.MaxResolution:2048]]
[2019.01.03-06.31.04:216][  0]LogConfig: Setting CVar [[r.Shadow.MaxCSMResolution:2048]]
[2019.01.03-06.31.04:216][  0]LogConfig: Setting CVar [[r.Shadow.RadiusThreshold:0.01]]
[2019.01.03-06.31.04:216][  0]LogConfig: Setting CVar [[r.Shadow.DistanceScale:1.0]]
[2019.01.03-06.31.04:216][  0]LogConfig: Setting CVar [[r.Shadow.CSM.TransitionScale:1.0]]
[2019.01.03-06.31.04:216][  0]LogConfig: Setting CVar [[r.Shadow.PreShadowResolutionFactor:1.0]]
[2019.01.03-06.31.04:216][  0]LogConfig: Setting CVar [[r.DistanceFieldShadowing:1]]
[2019.01.03-06.31.04:216][  0]LogConfig: Setting CVar [[r.DistanceFieldAO:1]]
[2019.01.03-06.31.04:216][  0]LogConfig: Setting CVar [[r.AOQuality:2]]
[2019.01.03-06.31.04:216][  0]LogConfig: Setting CVar [[r.VolumetricFog:1]]
[2019.01.03-06.31.04:216][  0]LogConfig: Setting CVar [[r.VolumetricFog.GridPixelSize:8]]
[2019.01.03-06.31.04:216][  0]LogConfig: Setting CVar [[r.VolumetricFog.GridSizeZ:128]]
[2019.01.03-06.31.04:216][  0]LogConfig: Setting CVar [[r.VolumetricFog.HistoryMissSupersampleCount:4]]
[2019.01.03-06.31.04:216][  0]LogConfig: Setting CVar [[r.LightMaxDrawDistanceScale:1]]
[2019.01.03-06.31.04:216][  0]LogConfig: Setting CVar [[r.CapsuleShadows:1]]
[2019.01.03-06.31.04:216][  0]LogConfig: Applying CVar settings from Section [PostProcessQuality@3] File [D:/Repositories/HolidayProject_01/HolidayProject_01/Saved/Config/Windows/Scalability.ini]
[2019.01.03-06.31.04:216][  0]LogConfig: Setting CVar [[r.MotionBlurQuality:4]]
[2019.01.03-06.31.04:216][  0]LogConfig: Setting CVar [[r.AmbientOcclusionMipLevelFactor:0.4]]
[2019.01.03-06.31.04:216][  0]LogConfig: Setting CVar [[r.AmbientOcclusionMaxQuality:100]]
[2019.01.03-06.31.04:216][  0]LogConfig: Setting CVar [[r.AmbientOcclusionLevels:-1]]
[2019.01.03-06.31.04:216][  0]LogConfig: Setting CVar [[r.AmbientOcclusionRadiusScale:1.0]]
[2019.01.03-06.31.04:216][  0]LogConfig: Setting CVar [[r.DepthOfFieldQuality:2]]
[2019.01.03-06.31.04:216][  0]LogConfig: Setting CVar [[r.RenderTargetPoolMin:400]]
[2019.01.03-06.31.04:216][  0]LogConfig: Setting CVar [[r.LensFlareQuality:2]]
[2019.01.03-06.31.04:216][  0]LogConfig: Setting CVar [[r.SceneColorFringeQuality:1]]
[2019.01.03-06.31.04:216][  0]LogConfig: Setting CVar [[r.EyeAdaptationQuality:2]]
[2019.01.03-06.31.04:216][  0]LogConfig: Setting CVar [[r.BloomQuality:5]]
[2019.01.03-06.31.04:216][  0]LogConfig: Setting CVar [[r.FastBlurThreshold:100]]
[2019.01.03-06.31.04:216][  0]LogConfig: Setting CVar [[r.Upscale.Quality:3]]
[2019.01.03-06.31.04:216][  0]LogConfig: Setting CVar [[r.Tonemapper.GrainQuantization:1]]
[2019.01.03-06.31.04:216][  0]LogConfig: Setting CVar [[r.LightShaftQuality:1]]
[2019.01.03-06.31.04:216][  0]LogConfig: Setting CVar [[r.Filter.SizeScale:1]]
[2019.01.03-06.31.04:216][  0]LogConfig: Setting CVar [[r.Tonemapper.Quality:5]]
[2019.01.03-06.31.04:216][  0]LogConfig: Setting CVar [[r.DOF.Gather.AccumulatorQuality:1        ; higher gathering accumulator quality]]
[2019.01.03-06.31.04:216][  0]LogConfig: Setting CVar [[r.DOF.Gather.PostfilterMethod:1          ; Median3x3 postfilering method]]
[2019.01.03-06.31.04:216][  0]LogConfig: Setting CVar [[r.DOF.Gather.EnableBokehSettings:0       ; no bokeh simulation when gathering]]
[2019.01.03-06.31.04:216][  0]LogConfig: Setting CVar [[r.DOF.Gather.RingCount:4                 ; medium number of samples when gathering]]
[2019.01.03-06.31.04:216][  0]LogConfig: Setting CVar [[r.DOF.Scatter.ForegroundCompositing:1    ; additive foreground scattering]]
[2019.01.03-06.31.04:216][  0]LogConfig: Setting CVar [[r.DOF.Scatter.BackgroundCompositing:2    ; additive background scattering]]
[2019.01.03-06.31.04:216][  0]LogConfig: Setting CVar [[r.DOF.Scatter.EnableBokehSettings:1      ; bokeh simulation when scattering]]
[2019.01.03-06.31.04:216][  0]LogConfig: Setting CVar [[r.DOF.Scatter.MaxSpriteRatio:0.1         ; only a maximum of 10% of scattered bokeh]]
[2019.01.03-06.31.04:216][  0]LogConfig: Setting CVar [[r.DOF.Recombine.Quality:1                ; cheap slight out of focus]]
[2019.01.03-06.31.04:216][  0]LogConfig: Setting CVar [[r.DOF.Recombine.EnableBokehSettings:0    ; no bokeh simulation on slight out of focus]]
[2019.01.03-06.31.04:216][  0]LogConfig: Setting CVar [[r.DOF.TemporalAAQuality:1                ; more stable temporal accumulation]]
[2019.01.03-06.31.04:216][  0]LogConfig: Setting CVar [[r.DOF.Kernel.MaxForegroundRadius:0.025]]
[2019.01.03-06.31.04:216][  0]LogConfig: Setting CVar [[r.DOF.Kernel.MaxBackgroundRadius:0.025]]
[2019.01.03-06.31.04:216][  0]LogConfig: Applying CVar settings from Section [TextureQuality@3] File [D:/Repositories/HolidayProject_01/HolidayProject_01/Saved/Config/Windows/Scalability.ini]
[2019.01.03-06.31.04:216][  0]LogConfig: Setting CVar [[r.Streaming.MipBias:0]]
[2019.01.03-06.31.04:216][  0]LogConfig: Setting CVar [[r.Streaming.AmortizeCPUToGPUCopy:0]]
[2019.01.03-06.31.04:216][  0]LogConfig: Setting CVar [[r.Streaming.MaxNumTexturesToStreamPerFrame:0]]
[2019.01.03-06.31.04:216][  0]LogConfig: Setting CVar [[r.Streaming.Boost:1]]
[2019.01.03-06.31.04:216][  0]LogConfig: Setting CVar [[r.MaxAnisotropy:8]]
[2019.01.03-06.31.04:216][  0]LogConfig: Setting CVar [[r.Streaming.LimitPoolSizeToVRAM:0]]
[2019.01.03-06.31.04:216][  0]LogConfig: Setting CVar [[r.Streaming.PoolSize:1000]]
[2019.01.03-06.31.04:216][  0]LogConfig: Setting CVar [[r.Streaming.MaxEffectiveScreenSize:0]]
[2019.01.03-06.31.04:216][  0]LogConfig: Applying CVar settings from Section [EffectsQuality@3] File [D:/Repositories/HolidayProject_01/HolidayProject_01/Saved/Config/Windows/Scalability.ini]
[2019.01.03-06.31.04:216][  0]LogConfig: Setting CVar [[r.TranslucencyLightingVolumeDim:64]]
[2019.01.03-06.31.04:216][  0]LogConfig: Setting CVar [[r.RefractionQuality:2]]
[2019.01.03-06.31.04:216][  0]LogConfig: Setting CVar [[r.SSR.Quality:3]]
[2019.01.03-06.31.04:216][  0]LogConfig: Setting CVar [[r.SceneColorFormat:4]]
[2019.01.03-06.31.04:216][  0]LogConfig: Setting CVar [[r.DetailMode:2]]
[2019.01.03-06.31.04:216][  0]LogConfig: Setting CVar [[r.TranslucencyVolumeBlur:1]]
[2019.01.03-06.31.04:216][  0]LogConfig: Setting CVar [[r.MaterialQualityLevel:1 ; High quality]]
[2019.01.03-06.31.04:217][  0]LogConfig: Setting CVar [[r.SSS.Scale:1]]
[2019.01.03-06.31.04:217][  0]LogConfig: Setting CVar [[r.SSS.SampleSet:2]]
[2019.01.03-06.31.04:217][  0]LogConfig: Setting CVar [[r.SSS.Quality:1]]
[2019.01.03-06.31.04:217][  0]LogConfig: Setting CVar [[r.SSS.HalfRes:1]]
[2019.01.03-06.31.04:217][  0]LogConfig: Setting CVar [[r.EmitterSpawnRateScale:1.0]]
[2019.01.03-06.31.04:217][  0]LogConfig: Setting CVar [[r.ParticleLightQuality:2]]
[2019.01.03-06.31.04:217][  0]LogConfig: Applying CVar settings from Section [FoliageQuality@3] File [D:/Repositories/HolidayProject_01/HolidayProject_01/Saved/Config/Windows/Scalability.ini]
[2019.01.03-06.31.04:217][  0]LogConfig: Setting CVar [[foliage.DensityScale:1.0]]
[2019.01.03-06.31.04:217][  0]LogConfig: Setting CVar [[grass.DensityScale:1.0]]
[2019.01.03-06.31.04:217][  0]LogConfig: Applying CVar settings from Section [Startup] File [../../../Engine/Config/ConsoleVariables.ini]
[2019.01.03-06.31.04:217][  0]LogConfig: Setting CVar [[net.UseAdaptiveNetUpdateFrequency:0]]
[2019.01.03-06.31.04:217][  0]LogConfig: Applying CVar settings from Section [ConsoleVariables] File [D:/Repositories/HolidayProject_01/HolidayProject_01/Saved/Config/Windows/Engine.ini]
[2019.01.03-06.31.04:217][  0]LogInit: Computer: DESKTOP-0IMCSMM
[2019.01.03-06.31.04:217][  0]LogInit: User: Shiyon
[2019.01.03-06.31.04:217][  0]LogInit: CPU Page size=4096, Cores=4
[2019.01.03-06.31.04:217][  0]LogInit: High frequency timer resolution =2.531255 MHz
[2019.01.03-06.31.04:217][  0]LogMemory: Memory total: Physical=15.8GB (16GB approx)
[2019.01.03-06.31.04:217][  0]LogMemory: Platform Memory Stats for Windows
[2019.01.03-06.31.04:217][  0]LogMemory: Process Physical Memory: 102.39 MB used, 102.39 MB peak
[2019.01.03-06.31.04:217][  0]LogMemory: Process Virtual Memory: 91.31 MB used, 91.31 MB peak
[2019.01.03-06.31.04:217][  0]LogMemory: Physical Memory: 4512.23 MB used,  11715.55 MB free, 16227.79 MB total
[2019.01.03-06.31.04:217][  0]LogMemory: Virtual Memory: 4647.97 MB used,  134213080.00 MB free, 134217728.00 MB total
[2019.01.03-06.31.04:241][  0]LogInit: Using OS detected language (en-US).
[2019.01.03-06.31.04:241][  0]LogInit: Using OS detected locale (en-US).
[2019.01.03-06.31.04:242][  0]LogTextLocalizationManager: No specific localization for 'en-US' exists, so the 'en' localization will be used.
[2019.01.03-06.31.04:728][  0]LogStreaming: Display: Took  0.487s to InitEngineTextLocalization.
[2019.01.03-06.31.04:728][  0]LogInit: Setting process to per monitor DPI aware
[2019.01.03-06.31.04:772][  0]LogSlate: New Slate User Created.  User Index 0, Is Virtual User: 0
[2019.01.03-06.31.04:772][  0]LogSlate: Slate User Registered.  User Index 0, Is Virtual User: 0
[2019.01.03-06.31.07:823][  0]LogHMD: Failed to initialize OpenVR with code 110
[2019.01.03-06.31.07:823][  0]LogD3D11RHI: D3D11 adapters:
[2019.01.03-06.31.07:899][  0]LogD3D11RHI:    0. 'NVIDIA GeForce GTX 960M' (Feature Level 11_0)
[2019.01.03-06.31.07:899][  0]LogD3D11RHI:       4055/0/8113 MB DedicatedVideo/DedicatedSystem/SharedSystem, Outputs:1, VendorId:0x10de
[2019.01.03-06.31.07:924][  0]LogD3D11RHI:    1. 'Intel(R) HD Graphics 530' (Feature Level 11_0)
[2019.01.03-06.31.07:924][  0]LogD3D11RHI:       128/0/8113 MB DedicatedVideo/DedicatedSystem/SharedSystem, Outputs:0, VendorId:0x8086
[2019.01.03-06.31.07:927][  0]LogD3D11RHI:    2. 'Microsoft Basic Render Driver' (Feature Level 11_0)
[2019.01.03-06.31.07:927][  0]LogD3D11RHI:       0/0/8113 MB DedicatedVideo/DedicatedSystem/SharedSystem, Outputs:0, VendorId:0x1414
[2019.01.03-06.31.07:927][  0]LogD3D11RHI: Chosen D3D11 Adapter: 0
[2019.01.03-06.31.07:967][  0]LogD3D11RHI: Creating new Direct3DDevice
[2019.01.03-06.31.07:967][  0]LogD3D11RHI:     GPU DeviceId: 0x139b (for the marketing name, search the web for "GPU Device Id")
[2019.01.03-06.31.07:967][  0]LogWindows: EnumDisplayDevices:
[2019.01.03-06.31.07:967][  0]LogWindows:    0. 'Intel(R) HD Graphics 530' (P:1 D:1)
[2019.01.03-06.31.07:967][  0]LogWindows:    1. 'Intel(R) HD Graphics 530' (P:0 D:0)
[2019.01.03-06.31.07:967][  0]LogWindows:    2. 'Intel(R) HD Graphics 530' (P:0 D:0)
[2019.01.03-06.31.07:968][  0]LogWindows: DebugString: PrimaryIsNotTheChoosenAdapter PrimaryIsNotTheChoosenAdapter PrimaryIsNotTheChoosenAdapter FoundDriverCount:0 
[2019.01.03-06.31.07:968][  0]LogD3D11RHI:     Adapter Name: NVIDIA GeForce GTX 960M
[2019.01.03-06.31.07:968][  0]LogD3D11RHI:   Driver Version: Unknown (internal:Unknown, unified:Unknown)
[2019.01.03-06.31.07:968][  0]LogD3D11RHI:      Driver Date: Unknown
[2019.01.03-06.31.07:968][  0]LogRHI: Texture pool is 2839 MB (70% of 4055 MB)
[2019.01.03-06.31.08:016][  0]LogD3D11RHI: Async texture creation enabled
[2019.01.03-06.31.08:036][  0]LogD3D11RHI: GPU Timing Frequency: 1000.000000 (Debug: 2 2)
[2019.01.03-06.31.08:495][  0]LogTemp: Display: Loaded TP AllDesktopTargetPlatform
[2019.01.03-06.31.08:508][  0]LogTemp: Display: Loaded TP MacClientTargetPlatform
[2019.01.03-06.31.08:527][  0]LogTemp: Display: Loaded TP MacNoEditorTargetPlatform
[2019.01.03-06.31.08:539][  0]LogTemp: Display: Loaded TP MacServerTargetPlatform
[2019.01.03-06.31.08:552][  0]LogTemp: Display: Loaded TP MacTargetPlatform
[2019.01.03-06.31.08:564][  0]LogTemp: Display: Loaded TP WindowsClientTargetPlatform
[2019.01.03-06.31.08:578][  0]LogTemp: Display: Loaded TP WindowsNoEditorTargetPlatform
[2019.01.03-06.31.08:591][  0]LogTemp: Display: Loaded TP WindowsServerTargetPlatform
[2019.01.03-06.31.08:596][  0]LogTemp: Display: Loaded TP WindowsTargetPlatform
[2019.01.03-06.31.08:670][  0]LogTemp: Display: Loaded TP AndroidTargetPlatform
[2019.01.03-06.31.08:670][  0]LogTemp: Display: Loaded TP AndroidTargetPlatform
[2019.01.03-06.31.08:670][  0]LogTemp: Display: Loaded TP AndroidTargetPlatform
[2019.01.03-06.31.08:670][  0]LogTemp: Display: Loaded TP AndroidTargetPlatform
[2019.01.03-06.31.08:670][  0]LogTemp: Display: Loaded TP AndroidTargetPlatform
[2019.01.03-06.31.08:670][  0]LogTemp: Display: Loaded TP AndroidTargetPlatform
[2019.01.03-06.31.08:670][  0]LogTemp: Display: Loaded TP AndroidTargetPlatform
[2019.01.03-06.31.08:670][  0]LogTemp: Display: Loaded TP AndroidTargetPlatform
[2019.01.03-06.31.08:670][  0]LogTemp: Display: Loaded TP AndroidTargetPlatform
[2019.01.03-06.31.08:670][  0]LogTemp: Display: Loaded TP AndroidTargetPlatform
[2019.01.03-06.31.08:670][  0]LogTemp: Display: Loaded TP AndroidTargetPlatform
[2019.01.03-06.31.08:670][  0]LogTemp: Display: Loaded TP AndroidTargetPlatform
[2019.01.03-06.31.08:670][  0]LogTemp: Display: Loaded TP AndroidTargetPlatform
[2019.01.03-06.31.08:670][  0]LogTemp: Display: Loaded TP AndroidTargetPlatform
[2019.01.03-06.31.08:670][  0]LogTemp: Display: Loaded TP AndroidTargetPlatform
[2019.01.03-06.31.08:670][  0]LogTemp: Display: Loaded TP AndroidTargetPlatform
[2019.01.03-06.31.08:670][  0]LogTemp: Display: Loaded TP AndroidTargetPlatform
[2019.01.03-06.31.08:670][  0]LogTemp: Display: Loaded TP AndroidTargetPlatform
[2019.01.03-06.31.08:671][  0]LogTemp: Display: Loaded TP HTML5TargetPlatform
[2019.01.03-06.31.08:733][  0]LogTemp: Display: Loaded TP IOSTargetPlatform
[2019.01.03-06.31.08:733][  0]LogTemp: Display: Loaded TP IOSTargetPlatform
[2019.01.03-06.31.08:757][  0]LogTemp: Display: Loaded TP TVOSTargetPlatform
[2019.01.03-06.31.08:757][  0]LogTemp: Display: Loaded TP TVOSTargetPlatform
[2019.01.03-06.31.08:773][  0]LogTemp: Display: Loaded TP LinuxClientTargetPlatform
[2019.01.03-06.31.08:786][  0]LogTemp: Display: Loaded TP LinuxNoEditorTargetPlatform
[2019.01.03-06.31.08:802][  0]LogTemp: Display: Loaded TP LinuxServerTargetPlatform
[2019.01.03-06.31.08:816][  0]LogTemp: Display: Loaded TP LinuxTargetPlatform
[2019.01.03-06.31.08:864][  0]LogTemp: Display: Loaded TP LuminTargetPlatform
[2019.01.03-06.31.08:864][  0]LogTemp: Display: Loaded TP LuminTargetPlatform
[2019.01.03-06.31.08:864][  0]LogTargetPlatformManager: Display: Building Assets For Windows
[2019.01.03-06.31.08:912][  0]LogShaderCompilers: Guid format shader working directory is -17 characters bigger than the processId version (../../../../../Repositories/HolidayProject_01/HolidayProject_01/Intermediate/Shaders/WorkingDirectory/11592/).
[2019.01.03-06.31.08:912][  0]LogShaderCompilers: Cleaned the shader compiler working directory 'C:/Users/Shiyon/AppData/Local/Temp/UnrealShaderWorkingDir/BA7F83194BF58713CF2D77A9FDEBA741/'.
[2019.01.03-06.31.08:913][  0]LogXGEController: Cleaning working directory: C:/Users/Shiyon/AppData/Local/Temp/UnrealXGEWorkingDir/
[2019.01.03-06.31.08:913][  0]LogXGEController: Cannot use XGE Controller as Incredibuild is not installed on this machine.
[2019.01.03-06.31.08:913][  0]LogShaderCompilers: Cannot use XGE Shader Compiler as Incredibuild is not installed on this machine.
[2019.01.03-06.31.08:913][  0]LogShaderCompilers: Display: Using Local Shader Compiler.
[2019.01.03-06.31.09:496][  0]LogDerivedDataCache: Display: Max Cache Size: 512 MB
[2019.01.03-06.31.09:560][  0]LogDerivedDataCache: Loaded boot cache 0.06s 71MB C:/Users/Shiyon/AppData/Local/UnrealEngine/4.21/DerivedDataCache/Boot.ddc.
[2019.01.03-06.31.09:560][  0]LogDerivedDataCache: Display: Loaded Boot cache: C:/Users/Shiyon/AppData/Local/UnrealEngine/4.21/DerivedDataCache/Boot.ddc
[2019.01.03-06.31.09:560][  0]LogDerivedDataCache: FDerivedDataBackendGraph:  Pak pak cache file ../../../../../Repositories/HolidayProject_01/HolidayProject_01/DerivedDataCache/DDC.ddp not found, will not use a pak cache.
[2019.01.03-06.31.09:560][  0]LogDerivedDataCache: Unable to find inner node Pak for hierarchical cache Hierarchy.
[2019.01.03-06.31.09:560][  0]LogDerivedDataCache: FDerivedDataBackendGraph:  CompressedPak pak cache file ../../../../../Repositories/HolidayProject_01/HolidayProject_01/DerivedDataCache/Compressed.ddp not found, will not use a pak cache.
[2019.01.03-06.31.09:560][  0]LogDerivedDataCache: Unable to find inner node CompressedPak for hierarchical cache Hierarchy.
[2019.01.03-06.31.09:581][  0]LogDerivedDataCache: Display: Pak cache opened for reading ../../../Engine/DerivedDataCache/Compressed.ddp.
[2019.01.03-06.31.09:581][  0]LogDerivedDataCache: FDerivedDataBackendGraph:  EnterprisePak pak cache file ../../../Enterprise/DerivedDataCache/Compressed.ddp not found, will not use a pak cache.
[2019.01.03-06.31.09:581][  0]LogDerivedDataCache: Unable to find inner node EnterprisePak for hierarchical cache Hierarchy.
[2019.01.03-06.31.09:593][  0]LogDerivedDataCache: Using Local data cache path C:/Users/Shiyon/AppData/Local/UnrealEngine/Common/DerivedDataCache: Writable
[2019.01.03-06.31.09:593][  0]LogDerivedDataCache: Shared data cache path not found in *engine.ini, will not use an Shared cache.
[2019.01.03-06.31.09:593][  0]LogDerivedDataCache: Unable to find inner node Shared for hierarchical cache Hierarchy.
[2019.01.03-06.31.09:620][  0]LogMaterial: Verifying Global Shaders for PCD3D_SM5
[2019.01.03-06.31.09:622][  0]LogSlate: Using FreeType 2.6.0
[2019.01.03-06.31.09:622][  0]LogSlate: SlateFontServices - WITH_FREETYPE: 1, WITH_HARFBUZZ: 1
[2019.01.03-06.31.09:735][  0]LogAssetRegistry: FAssetRegistry took 0.0333 seconds to start up
[2019.01.03-06.31.10:124][  0]LogInit: Selected Device Profile: [Windows]
[2019.01.03-06.31.10:381][  0]LogSimplygon: Simplygon DLL not present - disabling.
[2019.01.03-06.31.10:384][  0]LogMeshReduction: Using SimplygonSwarm for distributed automatic mesh merging
[2019.01.03-06.31.10:384][  0]LogMeshReduction: Using ProxyLODMeshReduction for automatic mesh merging
[2019.01.03-06.31.10:384][  0]LogMeshReduction: Using QuadricMeshReduction for automatic static mesh reduction
[2019.01.03-06.31.10:384][  0]LogMeshReduction: No automatic skeletal mesh reduction module available
[2019.01.03-06.31.10:429][  0]LogNetVersion: HolidayProject_01 1.0.0, NetCL: 4541578, EngineNetVer: 5, GameNetVer: 0 (Checksum: 2475761723)
[2019.01.03-06.31.11:701][  0]LogPackageLocalizationCache: Processed 11 localized package path(s) for 2 prioritized culture(s) in 0.103474 seconds
[2019.01.03-06.31.11:710][  0]LogUObjectArray: 39775 objects as part of root set at end of initial load.
[2019.01.03-06.31.11:710][  0]LogUObjectAllocator: 6914656 out of 0 bytes used by permanent object pool.
[2019.01.03-06.31.11:710][  0]LogUObjectArray: CloseDisregardForGC: 0/0 objects in disregard for GC pool
[2019.01.03-06.31.14:446][  0]LogTcpMessaging: Initializing TcpMessaging bridge
[2019.01.03-06.31.14:459][  0]LogUdpMessaging: Initializing bridge on interface 0.0.0.0:0 to multicast group 230.0.0.1:6666.
[2019.01.03-06.31.15:319][  0]SourceControl: Source control is disabled
[2019.01.03-06.31.15:319][  0]SourceControl: Source control is disabled
[2019.01.03-06.31.15:320][  0]SourceControl: Source control is disabled
[2019.01.03-06.31.15:321][  0]SourceControl: Source control is disabled
[2019.01.03-06.31.15:495][  0]LogAndroidPermission: UAndroidPermissionCallbackProxy::GetInstance
[2019.01.03-06.31.15:555][  0]LogOcInput: OculusInput pre-init called
[2019.01.03-06.31.15:731][  0]LogEngine: Initializing Engine...
[2019.01.03-06.31.15:732][  0]LogHMD: Failed to initialize OpenVR with code 110
[2019.01.03-06.31.15:733][  0]LogStats: UGameplayTagsManager::ConstructGameplayTagTree: ImportINI prefixes -  0.000 s
[2019.01.03-06.31.15:733][  0]LogStats: UGameplayTagsManager::ConstructGameplayTagTree: Construct from data asset -  0.000 s
[2019.01.03-06.31.15:733][  0]LogStats: UGameplayTagsManager::ConstructGameplayTagTree: ImportINI -  0.000 s
[2019.01.03-06.31.15:733][  0]LogStats: UGameplayTagsManager::ConstructGameplayTagTree: GameplayTagTreeChangedEvent.Broadcast -  0.000 s
[2019.01.03-06.31.16:217][  0]LogInit: Initializing FReadOnlyCVARCache
[2019.01.03-06.31.16:232][  0]LogAIModule: Creating AISystem for world Untitled
[2019.01.03-06.31.16:242][  0]LogInit: XAudio2 using 'Speakers (Realtek High Definition Audio)' : 2 channels at 48 kHz using 32 bits per sample (channel mask 0x3)
[2019.01.03-06.31.16:295][  0]LogInit: FAudioDevice initialized.
[2019.01.03-06.31.16:295][  0]LogNetVersion: Set ProjectVersion to 1.0.0.0. Version Checksum will be recalculated on next use.
[2019.01.03-06.31.16:503][  0]LogDerivedDataCache: Saved boot cache 0.21s 71MB C:/Users/Shiyon/AppData/Local/UnrealEngine/4.21/DerivedDataCache/Boot.ddc.
[2019.01.03-06.31.16:520][  0]LogInit: Texture streaming: Enabled
[2019.01.03-06.31.16:535][  0]LogEngineSessionManager: EngineSessionManager initialized
[2019.01.03-06.31.16:535][  0]LogEngineSessionManager: EngineSessionManager sent abnormal shutdown report. Type=Crashed, SessionId={0BD6F3C7-4318-A469-FC09-3787137DACBF}
[2019.01.03-06.31.16:553][  0]LogInit: Transaction tracking system initialized
[2019.01.03-06.31.16:575][  0]BlueprintLog: New page: Editor Load
[2019.01.03-06.31.16:637][  0]LocalizationService: Localization service is disabled
[2019.01.03-06.31.17:475][  0]LogFileCache: Scanning file cache for directory 'D:/Repositories/HolidayProject_01/HolidayProject_01/Content/' took 0.02s
[2019.01.03-06.31.17:475][  0]LogCook: Display: Max memory allowance for cook 16384mb min free memory 0mb
[2019.01.03-06.31.17:475][  0]LogCook: Display: Mobile HDR setting 1
[2019.01.03-06.31.17:475][  0]LogGameplayTags: Display: UGameplayTagsManager::DoneAddingNativeTags. DelegateIsBound: 0
[2019.01.03-06.31.17:475][  0]LogStats: UGameplayTagsManager::ConstructGameplayTagTree: ImportINI prefixes -  0.000 s
[2019.01.03-06.31.17:475][  0]LogStats: UGameplayTagsManager::ConstructGameplayTagTree: Construct from data asset -  0.000 s
[2019.01.03-06.31.17:475][  0]LogStats: UGameplayTagsManager::ConstructGameplayTagTree: ImportINI -  0.000 s
[2019.01.03-06.31.17:475][  0]LogStats: UGameplayTagsManager::ConstructGameplayTagTree: GameplayTagTreeChangedEvent.Broadcast -  0.000 s
[2019.01.03-06.31.17:687][  0]SourceControl: Source control is disabled
[2019.01.03-06.31.17:687][  0]Cmd: MAP LOAD FILE="../../../../../Repositories/HolidayProject_01/HolidayProject_01/Content/Level/Level.umap" TEMPLATE=0 SHOWPROGRESS=1 FEATURELEVEL=3
[2019.01.03-06.31.17:687][  0]LightingResults: New page: Lighting Build
[2019.01.03-06.31.17:689][  0]MapCheck: New page: Map Check
[2019.01.03-06.31.17:690][  0]LightingResults: New page: Lighting Build
[2019.01.03-06.31.17:796][  0]LogAIModule: Creating AISystem for world Level
[2019.01.03-06.31.17:808][  0]LogEditorServer: Finished looking for orphan Actors (0.000 secs)
[2019.01.03-06.31.17:834][  0]Cmd: MAP CHECKDEP NOCLEARLOG
[2019.01.03-06.31.17:834][  0]MapCheck: Map check complete: 0 Error(s), 0 Warning(s), took 0.205ms to complete.
[2019.01.03-06.31.17:834][  0]LogFileHelpers: Loading map 'Level' took 0.148
[2019.01.03-06.31.17:960][  0]LogSlate: Updating window title bar state: overlay mode, drag disabled, window buttons hidden, title bar hidden
[2019.01.03-06.31.17:968][  0]LogSlate: Updating window title bar state: overlay mode, drag disabled, window buttons hidden, title bar hidden
[2019.01.03-06.31.17:976][  0]LogSlate: Updating window title bar state: overlay mode, drag disabled, window buttons hidden, title bar hidden
[2019.01.03-06.31.17:985][  0]LogSlate: Updating window title bar state: overlay mode, drag disabled, window buttons hidden, title bar hidden
[2019.01.03-06.31.17:995][  0]LogCollectionManager: Loaded 0 collections in 0.000934 seconds
[2019.01.03-06.31.18:023][  0]LogFileCache: Scanning file cache for directory 'D:/Repositories/HolidayProject_01/HolidayProject_01/Saved/Collections/' took 0.01s
[2019.01.03-06.31.18:023][  0]LogFileCache: Scanning file cache for directory 'D:/Repositories/HolidayProject_01/HolidayProject_01/Content/Developers/Shiyon/Collections/' took 0.01s
[2019.01.03-06.31.18:023][  0]LogFileCache: Scanning file cache for directory 'D:/Repositories/HolidayProject_01/HolidayProject_01/Content/Collections/' took 0.00s
[2019.01.03-06.31.18:023][  0]LogCollectionManager: Rebuilt the GUID cache for 0 collections in 0.000000 seconds
[2019.01.03-06.31.18:033][  0]LogContentBrowser: Native class hierarchy populated in 0.0101 seconds. Added 2656 classes and 622 folders.
[2019.01.03-06.31.18:041][  0]LogContentBrowser: Native class hierarchy updated for 'WidgetCarousel' in 0.0004 seconds. Added 0 classes and 0 folders.
[2019.01.03-06.31.18:049][  0]LogPakFile: Registered encryption key '00000000000000000000000000000000': 0 pak files mounted, 0 remain pending
[2019.01.03-06.31.18:056][  0]LogPakFile: Registered encryption key '00000000000000000000000000000000': 0 pak files mounted, 0 remain pending
[2019.01.03-06.31.18:091][  0]LogPakFile: Registered encryption key '00000000000000000000000000000000': 0 pak files mounted, 0 remain pending
[2019.01.03-06.31.18:097][  0]LogPakFile: Registered encryption key '00000000000000000000000000000000': 0 pak files mounted, 0 remain pending
[2019.01.03-06.31.18:103][  0]LogPakFile: Registered encryption key '00000000000000000000000000000000': 0 pak files mounted, 0 remain pending
[2019.01.03-06.31.18:109][  0]LogPakFile: Registered encryption key '00000000000000000000000000000000': 0 pak files mounted, 0 remain pending
[2019.01.03-06.31.18:116][  0]LogPakFile: Registered encryption key '00000000000000000000000000000000': 0 pak files mounted, 0 remain pending
[2019.01.03-06.31.18:121][  0]LogPakFile: Registered encryption key '00000000000000000000000000000000': 0 pak files mounted, 0 remain pending
[2019.01.03-06.31.18:129][  0]LogPakFile: Registered encryption key '00000000000000000000000000000000': 0 pak files mounted, 0 remain pending
[2019.01.03-06.31.18:136][  0]LogPakFile: Registered encryption key '00000000000000000000000000000000': 0 pak files mounted, 0 remain pending
[2019.01.03-06.31.18:143][  0]LogPakFile: Registered encryption key '00000000000000000000000000000000': 0 pak files mounted, 0 remain pending
[2019.01.03-06.31.18:148][  0]LogPakFile: Registered encryption key '00000000000000000000000000000000': 0 pak files mounted, 0 remain pending
[2019.01.03-06.31.18:155][  0]LogPakFile: Registered encryption key '00000000000000000000000000000000': 0 pak files mounted, 0 remain pending
[2019.01.03-06.31.18:161][  0]LogPakFile: Registered encryption key '00000000000000000000000000000000': 0 pak files mounted, 0 remain pending
[2019.01.03-06.31.18:167][  0]LogPakFile: Registered encryption key '00000000000000000000000000000000': 0 pak files mounted, 0 remain pending
[2019.01.03-06.31.18:174][  0]LogPakFile: Registered encryption key '00000000000000000000000000000000': 0 pak files mounted, 0 remain pending
[2019.01.03-06.31.18:216][  0]LogPakFile: Registered encryption key '00000000000000000000000000000000': 0 pak files mounted, 0 remain pending
[2019.01.03-06.31.18:221][  0]LogPakFile: Registered encryption key '00000000000000000000000000000000': 0 pak files mounted, 0 remain pending
[2019.01.03-06.31.18:227][  0]LogPakFile: Registered encryption key '00000000000000000000000000000000': 0 pak files mounted, 0 remain pending
[2019.01.03-06.31.18:234][  0]LogPakFile: Registered encryption key '00000000000000000000000000000000': 0 pak files mounted, 0 remain pending
[2019.01.03-06.31.18:339][  0]LogPakFile: Registered encryption key '00000000000000000000000000000000': 0 pak files mounted, 0 remain pending
[2019.01.03-06.31.18:383][  0]LogPakFile: Registered encryption key '00000000000000000000000000000000': 0 pak files mounted, 0 remain pending
[2019.01.03-06.31.18:390][  0]LogPakFile: Registered encryption key '00000000000000000000000000000000': 0 pak files mounted, 0 remain pending
[2019.01.03-06.31.18:398][  0]LogPakFile: Registered encryption key '00000000000000000000000000000000': 0 pak files mounted, 0 remain pending
[2019.01.03-06.31.18:407][  0]LogPakFile: Registered encryption key '00000000000000000000000000000000': 0 pak files mounted, 0 remain pending
[2019.01.03-06.31.18:414][  0]LogPakFile: Registered encryption key '00000000000000000000000000000000': 0 pak files mounted, 0 remain pending
[2019.01.03-06.31.18:558][  0]LogContentBrowser: Native class hierarchy updated for 'AddContentDialog' in 0.0004 seconds. Added 0 classes and 0 folders.
[2019.01.03-06.31.18:562][  0]LogContentBrowser: Native class hierarchy updated for 'SceneOutliner' in 0.0004 seconds. Added 1 classes and 2 folders.
[2019.01.03-06.31.18:638][  0]LogSlate: Took 0.000160 seconds to synchronously load lazily loaded font '../../../Engine/Content/Slate/Fonts/Roboto-Regular.ttf' (155K)
[2019.01.03-06.31.18:641][  0]LogSlate: Took 0.000224 seconds to synchronously load lazily loaded font '../../../Engine/Content/Slate/Fonts/Roboto-Bold.ttf' (160K)
[2019.01.03-06.31.18:655][  0]LogSlate: Took 0.006342 seconds to synchronously load lazily loaded font '../../../Engine/Content/Editor/Slate/Fonts/FontAwesome.ttf' (139K)
[2019.01.03-06.31.18:758][  0]LogRenderer: Reallocating scene render targets to support 940x436 Format 10 NumSamples 1 (Frame:1).
[2019.01.03-06.31.18:914][  0]LogContentBrowser: Native class hierarchy updated for 'HierarchicalLODOutliner' in 0.0003 seconds. Added 0 classes and 0 folders.
[2019.01.03-06.31.18:914][  0]LogLoad: (Engine Initialization) Total time: 16.83 seconds
[2019.01.03-06.31.18:914][  0]LogLoad: (Engine Initialization) Total Blueprint compile time: 0.00 seconds
[2019.01.03-06.31.18:933][  0]LogWindowsTextInputMethodSystem: Display: IME system now deactivated.
[2019.01.03-06.31.18:964][  0]LogAssetRegistry: Asset discovery search completed in 9.2517 seconds
[2019.01.03-06.31.18:966][  0]LogCollectionManager: Rebuilt the object cache for 0 collections in 0.000000 seconds (found 0 objects)
[2019.01.03-06.31.18:966][  0]LogCollectionManager: Fixed up redirectors for 0 collections in 0.000077 seconds (updated 0 objects)
[2019.01.03-06.31.18:968][  0]LogContentStreaming: Texture pool size now 1000 MB
[2019.01.03-06.31.19:010][  0]LogSlate: Took 0.000106 seconds to synchronously load lazily loaded font '../../../Engine/Content/Slate/Fonts/Roboto-Light.ttf' (167K)
[2019.01.03-06.31.19:951][ 45]LogSlate: Took 0.000160 seconds to synchronously load lazily loaded font '../../../Engine/Content/Slate/Fonts/Roboto-Light.ttf' (167K)
[2019.01.03-06.31.28:706][570]LogSlate: FSceneViewport::OnFocusLost() reason 0
[2019.01.03-06.31.28:883][579]LogAssetEditorManager: Opening Asset editor for Blueprint /Game/Blueprint/MyPlayerController.MyPlayerController
[2019.01.03-06.31.29:651][579]LogContentBrowser: Native class hierarchy updated for 'BlueprintGraph' in 0.0012 seconds. Added 117 classes and 0 folders.
[2019.01.03-06.31.30:517][579]LogSlate: Took 0.000208 seconds to synchronously load lazily loaded font '../../../Engine/Content/Slate/Fonts/Roboto-BoldCondensed.ttf' (158K)
[2019.01.03-06.31.30:597][580]LogSlate: Took 0.000280 seconds to synchronously load lazily loaded font '../../../Engine/Content/Slate/Fonts/Roboto-Italic.ttf' (157K)
[2019.01.03-06.31.52:835][898]LogSlate: FSceneViewport::OnFocusLost() reason 2
[2019.01.03-06.34.14:210][334]BlueprintLog: New page: Compile MyPlayerController
[2019.01.03-06.34.14:221][334]LogScript: Warning: Script Msg: Attempted to access index 0 from array 'CallFunc_GetAllActorsOfClass_OutActors' of length 0 in '/Game/Blueprint/MyPlayerController.MyPlayerController_C:UserConstructionScript'!
[2019.01.03-06.34.15:826][334]LogWindows: Error: === Critical error: ===
[2019.01.03-06.34.15:826][334]LogWindows: Error: 
[2019.01.03-06.34.15:826][334]LogWindows: Error: Fatal error!
[2019.01.03-06.34.15:826][334]LogWindows: Error: 
[2019.01.03-06.34.15:826][334]LogWindows: Error: Unhandled Exception: EXCEPTION_ACCESS_VIOLATION reading address 0x00000000
[2019.01.03-06.34.15:826][334]LogWindows: Error: 
[2019.01.03-06.34.15:826][334]LogWindows: Error: [Callstack] 0x00007ffb0838d181 UE4Editor-Engine.dll!UnknownFunction []
[2019.01.03-06.34.15:826][334]LogWindows: Error: [Callstack] 0x00007ffb083be106 UE4Editor-Engine.dll!UnknownFunction []
[2019.01.03-06.34.15:826][334]LogWindows: Error: [Callstack] 0x00007ffb083be4b7 UE4Editor-Engine.dll!UnknownFunction []
[2019.01.03-06.34.15:826][334]LogWindows: Error: [Callstack] 0x00007ffb083be4ff UE4Editor-Engine.dll!UnknownFunction []
[2019.01.03-06.34.15:826][334]LogWindows: Error: [Callstack] 0x00007ffb074d2081 UE4Editor-Engine.dll!UnknownFunction []
[2019.01.03-06.34.15:826][334]LogWindows: Error: [Callstack] 0x00007ffb23ff4b14 UE4Editor-CoreUObject.dll!UnknownFunction []
[2019.01.03-06.34.15:826][334]LogWindows: Error: [Callstack] 0x00007ffb241f946a UE4Editor-CoreUObject.dll!UnknownFunction []
[2019.01.03-06.34.15:826][334]LogWindows: Error: [Callstack] 0x00007ffb242203ff UE4Editor-CoreUObject.dll!UnknownFunction []
[2019.01.03-06.34.15:826][334]LogWindows: Error: [Callstack] 0x00007ffb23ff4b14 UE4Editor-CoreUObject.dll!UnknownFunction []
[2019.01.03-06.34.15:826][334]LogWindows: Error: [Callstack] 0x00007ffb2421f998 UE4Editor-CoreUObject.dll!UnknownFunction []
[2019.01.03-06.34.15:826][334]LogWindows: Error: [Callstack] 0x00007ffb07573853 UE4Editor-Engine.dll!UnknownFunction []
[2019.01.03-06.34.15:826][334]LogWindows: Error: [Callstack] 0x00007ffb07573943 UE4Editor-Engine.dll!UnknownFunction []
[2019.01.03-06.34.15:826][334]LogWindows: Error: [Callstack] 0x00007ffb0754e122 UE4Editor-Engine.dll!UnknownFunction []
[2019.01.03-06.34.15:826][334]LogWindows: Error: [Callstack] 0x00007ffb064b62d1 UE4Editor-UnrealEd.dll!UnknownFunction []
[2019.01.03-06.34.15:826][334]LogWindows: Error: [Callstack] 0x00007ffb064e42bf UE4Editor-UnrealEd.dll!UnknownFunction []
[2019.01.03-06.34.15:826][334]LogWindows: Error: [Callstack] 0x00007ffb0649b31b UE4Editor-UnrealEd.dll!UnknownFunction []
[2019.01.03-06.34.15:826][334]LogWindows: Error: [Callstack] 0x00007ffb0534db5e UE4Editor-Kismet.dll!UnknownFunction []
[2019.01.03-06.34.15:827][334]LogWindows: Error: [Callstack] 0x00007ffb052f96b1 UE4Editor-Kismet.dll!UnknownFunction []
[2019.01.03-06.34.15:827][334]LogWindows: Error: [Callstack] 0x00007ffb064a3dcc UE4Editor-UnrealEd.dll!UnknownFunction []
[2019.01.03-06.34.15:827][334]LogWindows: Error: [Callstack] 0x00007ffb05402c0f UE4Editor-Kismet.dll!UnknownFunction []
[2019.01.03-06.34.15:827][334]LogWindows: Error: [Callstack] 0x00007ffb05420fe8 UE4Editor-Kismet.dll!UnknownFunction []
[2019.01.03-06.34.15:827][334]LogWindows: Error: [Callstack] 0x00007ffb172b226e UE4Editor-Slate.dll!UnknownFunction []
[2019.01.03-06.34.15:827][334]LogWindows: Error: [Callstack] 0x00007ffb173b82a2 UE4Editor-Slate.dll!UnknownFunction []
[2019.01.03-06.34.15:827][334]LogWindows: Error: [Callstack] 0x00007ffb1739309f UE4Editor-Slate.dll!UnknownFunction []
[2019.01.03-06.34.15:827][334]LogWindows: Error: [Callstack] 0x00007ffb1747c7bb UE4Editor-Slate.dll!UnknownFunction []
[2019.01.03-06.34.15:827][334]LogWindows: Error: [Callstack] 0x00007ffb17268e25 UE4Editor-Slate.dll!UnknownFunction []
[2019.01.03-06.34.15:827][334]LogWindows: Error: [Callstack] 0x00007ffb17302678 UE4Editor-Slate.dll!UnknownFunction []
[2019.01.03-06.34.15:827][334]LogWindows: Error: [Callstack] 0x00007ffb172e857a UE4Editor-Slate.dll!UnknownFunction []
[2019.01.03-06.34.15:827][334]LogWindows: Error: [Callstack] 0x00007ffb172db44c UE4Editor-Slate.dll!UnknownFunction []
[2019.01.03-06.34.15:827][334]LogWindows: Error: [Callstack] 0x00007ffb3ecade26 UE4Editor-ApplicationCore.dll!UnknownFunction []
[2019.01.03-06.34.15:827][334]LogWindows: Error: [Callstack] 0x00007ffb3eca0de0 UE4Editor-ApplicationCore.dll!UnknownFunction []
[2019.01.03-06.34.15:827][334]LogWindows: Error: [Callstack] 0x00007ffb3ecb01eb UE4Editor-ApplicationCore.dll!UnknownFunction []
[2019.01.03-06.34.15:827][334]LogWindows: Error: [Callstack] 0x00007ffb3ec9ca19 UE4Editor-ApplicationCore.dll!UnknownFunction []
[2019.01.03-06.34.15:827][334]LogWindows: Error: [Callstack] 0x00007ffb58e06d41 USER32.dll!UnknownFunction []
[2019.01.03-06.34.15:827][334]LogWindows: Error: [Callstack] 0x00007ffb58e06713 USER32.dll!UnknownFunction []
[2019.01.03-06.34.15:827][334]LogWindows: Error: [Callstack] 0x00007ffb3ecb1746 UE4Editor-ApplicationCore.dll!UnknownFunction []
[2019.01.03-06.34.15:827][334]LogWindows: Error: [Callstack] 0x00007ff75c505546 UE4Editor.exe!UnknownFunction []
[2019.01.03-06.34.15:827][334]LogWindows: Error: [Callstack] 0x00007ff75c51596c UE4Editor.exe!UnknownFunction []
[2019.01.03-06.34.15:827][334]LogWindows: Error: [Callstack] 0x00007ff75c5159ea UE4Editor.exe!UnknownFunction []
[2019.01.03-06.34.15:827][334]LogWindows: Error: [Callstack] 0x00007ff75c5248da UE4Editor.exe!UnknownFunction []
[2019.01.03-06.34.15:827][334]LogWindows: Error: [Callstack] 0x00007ff75c52659a UE4Editor.exe!UnknownFunction []
[2019.01.03-06.34.15:827][334]LogWindows: Error: [Callstack] 0x00007ffb57f33034 KERNEL32.DLL!UnknownFunction []
[2019.01.03-06.34.15:827][334]LogWindows: Error: [Callstack] 0x00007ffb591e3691 ntdll.dll!UnknownFunction []
[2019.01.03-06.34.15:827][334]LogWindows: Error: 
[2019.01.03-06.34.15:848][334]LogExit: Executing StaticShutdownAfterError
[2019.01.03-06.34.15:853][334]LogWindows: FPlatformMisc::RequestExit(1)
[2019.01.03-06.34.15:856][334]Log file closed, 01/03/19 15:34:15
